This file contains any messages produced by compilers while
running configure, to aid debugging if configure makes a mistake.

It was created by Valgrind configure 3.9.0.SVN, which was
generated by GNU Autoconf 2.69.  Invocation command line was

  $ ./configure --prefix=/home/ercoppa/Desktop/code/development/valgrind/inst

## --------- ##
## Platform. ##
## --------- ##

hostname = macbook
uname -m = x86_64
uname -r = 3.5.0-21-generic
uname -s = Linux
uname -v = #32-Ubuntu SMP Tue Dec 11 18:51:59 UTC 2012

/usr/bin/uname -p = unknown
/bin/uname -X     = unknown

/bin/arch              = unknown
/usr/bin/arch -k       = unknown
/usr/convex/getsysinfo = unknown
/usr/bin/hostinfo      = unknown
/bin/machine           = unknown
/usr/bin/oslevel       = unknown
/bin/universe          = unknown

PATH: /usr/local/cuda-5.0/bin
PATH: /usr/lib/lightdm/lightdm
PATH: /usr/local/sbin
PATH: /usr/local/bin
PATH: /usr/sbin
PATH: /usr/bin
PATH: /sbin
PATH: /bin
PATH: /usr/games
PATH: /usr/local/games


## ----------- ##
## Core tests. ##
## ----------- ##

configure:2579: checking for a BSD-compatible install
configure:2647: result: /usr/bin/install -c
configure:2658: checking whether build environment is sane
configure:2708: result: yes
configure:2849: checking for a thread-safe mkdir -p
configure:2888: result: /bin/mkdir -p
configure:2901: checking for gawk
configure:2917: found /usr/bin/gawk
configure:2928: result: gawk
configure:2939: checking whether make sets $(MAKE)
configure:2961: result: yes
configure:3043: checking whether to enable maintainer-specific portions of Makefiles
configure:3052: result: no
configure:3071: checking whether ln -s works
configure:3075: result: yes
configure:3130: checking for gcc
configure:3146: found /usr/bin/gcc
configure:3157: result: gcc
configure:3386: checking for C compiler version
configure:3395: gcc --version >&5
gcc (Ubuntu/Linaro 4.7.2-2ubuntu1) 4.7.2
Copyright (C) 2012 Free Software Foundation, Inc.
This is free software; see the source for copying conditions.  There is NO
warranty; not even for MERCHANTABILITY or FITNESS FOR A PARTICULAR PURPOSE.

configure:3406: $? = 0
configure:3395: gcc -v >&5
Using built-in specs.
COLLECT_GCC=gcc
COLLECT_LTO_WRAPPER=/usr/lib/gcc/x86_64-linux-gnu/4.7/lto-wrapper
Target: x86_64-linux-gnu
Configured with: ../src/configure -v --with-pkgversion='Ubuntu/Linaro 4.7.2-2ubuntu1' --with-bugurl=file:///usr/share/doc/gcc-4.7/README.Bugs --enable-languages=c,c++,go,fortran,objc,obj-c++ --prefix=/usr --program-suffix=-4.7 --enable-shared --enable-linker-build-id --with-system-zlib --libexecdir=/usr/lib --without-included-gettext --enable-threads=posix --with-gxx-include-dir=/usr/include/c++/4.7 --libdir=/usr/lib --enable-nls --with-sysroot=/ --enable-clocale=gnu --enable-libstdcxx-debug --enable-libstdcxx-time=yes --enable-gnu-unique-object --enable-plugin --enable-objc-gc --disable-werror --with-arch-32=i686 --with-tune=generic --enable-checking=release --build=x86_64-linux-gnu --host=x86_64-linux-gnu --target=x86_64-linux-gnu
Thread model: posix
gcc version 4.7.2 (Ubuntu/Linaro 4.7.2-2ubuntu1) 
configure:3406: $? = 0
configure:3395: gcc -V >&5
gcc: error: unrecognized command line option '-V'
gcc: fatal error: no input files
compilation terminated.
configure:3406: $? = 4
configure:3395: gcc -qversion >&5
gcc: error: unrecognized command line option '-qversion'
gcc: fatal error: no input files
compilation terminated.
configure:3406: $? = 4
configure:3426: checking whether the C compiler works
configure:3448: gcc -Wno-long-long    conftest.c  >&5
configure:3452: $? = 0
configure:3500: result: yes
configure:3503: checking for C compiler default output file name
configure:3505: result: a.out
configure:3511: checking for suffix of executables
configure:3518: gcc -o conftest -Wno-long-long    conftest.c  >&5
configure:3522: $? = 0
configure:3544: result: 
configure:3566: checking whether we are cross compiling
configure:3574: gcc -o conftest -Wno-long-long    conftest.c  >&5
configure:3578: $? = 0
configure:3585: ./conftest
configure:3589: $? = 0
configure:3604: result: no
configure:3609: checking for suffix of object files
configure:3631: gcc -c -Wno-long-long   conftest.c >&5
configure:3635: $? = 0
configure:3656: result: o
configure:3660: checking whether we are using the GNU C compiler
configure:3679: gcc -c -Wno-long-long   conftest.c >&5
configure:3679: $? = 0
configure:3688: result: yes
configure:3697: checking whether gcc accepts -g
configure:3717: gcc -c -g  conftest.c >&5
configure:3717: $? = 0
configure:3758: result: yes
configure:3775: checking for gcc option to accept ISO C89
configure:3838: gcc  -c -Wno-long-long   conftest.c >&5
configure:3838: $? = 0
configure:3851: result: none needed
configure:3882: checking for style of include used by make
configure:3910: result: GNU
configure:3936: checking dependency style of gcc
configure:4047: result: gcc3
configure:4063: checking whether gcc and cc understand -c and -o together
configure:4094: gcc -c conftest.c -o conftest2.o >&5
configure:4098: $? = 0
configure:4104: gcc -c conftest.c -o conftest2.o >&5
configure:4108: $? = 0
configure:4119: cc -c conftest.c >&5
configure:4123: $? = 0
configure:4131: cc -c conftest.c -o conftest2.o >&5
configure:4135: $? = 0
configure:4141: cc -c conftest.c -o conftest2.o >&5
configure:4145: $? = 0
configure:4163: result: yes
configure:4193: checking how to run the C preprocessor
configure:4224: gcc -E  conftest.c
configure:4224: $? = 0
configure:4238: gcc -E  conftest.c
conftest.c:11:28: fatal error: ac_nonexistent.h: No such file or directory
compilation terminated.
configure:4238: $? = 1
configure: failed program was:
| /* confdefs.h */
| #define PACKAGE_NAME "Valgrind"
| #define PACKAGE_TARNAME "valgrind"
| #define PACKAGE_VERSION "3.9.0.SVN"
| #define PACKAGE_STRING "Valgrind 3.9.0.SVN"
| #define PACKAGE_BUGREPORT "valgrind-users@lists.sourceforge.net"
| #define PACKAGE_URL ""
| #define PACKAGE "valgrind"
| #define VERSION "3.9.0.SVN"
| /* end confdefs.h.  */
| #include <ac_nonexistent.h>
configure:4263: result: gcc -E
configure:4283: gcc -E  conftest.c
configure:4283: $? = 0
configure:4297: gcc -E  conftest.c
conftest.c:11:28: fatal error: ac_nonexistent.h: No such file or directory
compilation terminated.
configure:4297: $? = 1
configure: failed program was:
| /* confdefs.h */
| #define PACKAGE_NAME "Valgrind"
| #define PACKAGE_TARNAME "valgrind"
| #define PACKAGE_VERSION "3.9.0.SVN"
| #define PACKAGE_STRING "Valgrind 3.9.0.SVN"
| #define PACKAGE_BUGREPORT "valgrind-users@lists.sourceforge.net"
| #define PACKAGE_URL ""
| #define PACKAGE "valgrind"
| #define VERSION "3.9.0.SVN"
| /* end confdefs.h.  */
| #include <ac_nonexistent.h>
configure:4383: checking for g++
configure:4399: found /usr/bin/g++
configure:4410: result: g++
configure:4437: checking for C++ compiler version
configure:4446: g++ --version >&5
g++ (Ubuntu/Linaro 4.7.2-2ubuntu1) 4.7.2
Copyright (C) 2012 Free Software Foundation, Inc.
This is free software; see the source for copying conditions.  There is NO
warranty; not even for MERCHANTABILITY or FITNESS FOR A PARTICULAR PURPOSE.

configure:4457: $? = 0
configure:4446: g++ -v >&5
Using built-in specs.
COLLECT_GCC=g++
COLLECT_LTO_WRAPPER=/usr/lib/gcc/x86_64-linux-gnu/4.7/lto-wrapper
Target: x86_64-linux-gnu
Configured with: ../src/configure -v --with-pkgversion='Ubuntu/Linaro 4.7.2-2ubuntu1' --with-bugurl=file:///usr/share/doc/gcc-4.7/README.Bugs --enable-languages=c,c++,go,fortran,objc,obj-c++ --prefix=/usr --program-suffix=-4.7 --enable-shared --enable-linker-build-id --with-system-zlib --libexecdir=/usr/lib --without-included-gettext --enable-threads=posix --with-gxx-include-dir=/usr/include/c++/4.7 --libdir=/usr/lib --enable-nls --with-sysroot=/ --enable-clocale=gnu --enable-libstdcxx-debug --enable-libstdcxx-time=yes --enable-gnu-unique-object --enable-plugin --enable-objc-gc --disable-werror --with-arch-32=i686 --with-tune=generic --enable-checking=release --build=x86_64-linux-gnu --host=x86_64-linux-gnu --target=x86_64-linux-gnu
Thread model: posix
gcc version 4.7.2 (Ubuntu/Linaro 4.7.2-2ubuntu1) 
configure:4457: $? = 0
configure:4446: g++ -V >&5
g++: error: unrecognized command line option '-V'
g++: fatal error: no input files
compilation terminated.
configure:4457: $? = 4
configure:4446: g++ -qversion >&5
g++: error: unrecognized command line option '-qversion'
g++: fatal error: no input files
compilation terminated.
configure:4457: $? = 4
configure:4461: checking whether we are using the GNU C++ compiler
configure:4480: g++ -c   conftest.cpp >&5
configure:4480: $? = 0
configure:4489: result: yes
configure:4498: checking whether g++ accepts -g
configure:4518: g++ -c -g  conftest.cpp >&5
configure:4518: $? = 0
configure:4559: result: yes
configure:4584: checking dependency style of g++
configure:4695: result: gcc3
configure:4766: checking for ranlib
configure:4782: found /usr/bin/ranlib
configure:4793: result: ranlib
configure:4818: checking for a sed that does not truncate output
configure:4882: result: /bin/sed
configure:4895: checking for ar
configure:4913: found /usr/bin/ar
configure:4925: result: /usr/bin/ar
configure:4948: checking for perl
configure:4966: found /usr/bin/perl
configure:4978: result: /usr/bin/perl
configure:4990: checking for gdb
configure:5008: found /usr/bin/gdb
configure:5021: result: /usr/bin/gdb
configure:5045: checking dependency style of gcc
configure:5154: result: gcc3
configure:5173: checking for diff -u
configure:5181: result: yes
configure:5193: checking for a supported version of gcc
configure:5231: result: ok (4.7)
configure:5257: checking build system type
configure:5271: result: x86_64-unknown-linux-gnu
configure:5291: checking host system type
configure:5304: result: x86_64-unknown-linux-gnu
configure:5325: checking for a supported CPU
configure:5340: result: ok (x86_64)
configure:5406: checking for a 64-bit only build
configure:5419: result: no
configure:5423: checking for a 32-bit only build
configure:5436: result: no
configure:5449: checking for a supported OS
configure:5457: result: ok (linux-gnu)
configure:5462: checking for the kernel version
configure:5469: result: 2.6.x/3.x family (3.5.0-21-generic)
configure:5590: checking for 32 bit build support
configure:5608: gcc -o conftest -m32   conftest.c  >&5
configure:5608: $? = 0
configure:5610: result: yes
configure:5666: checking for a supported CPU/OS combination
configure:5716: result: ok (amd64-linux)
configure:6046: checking for use as an inner Valgrind
configure:6059: result: no
configure:6108: result: checking for Pagesize... 4k
configure:6132: result: checking for shared memory alignment... 2*PAGE_SIZE
configure:6177: checking for grep that handles long lines and -e
configure:6235: result: /bin/grep
configure:6240: checking for egrep
configure:6302: result: /bin/grep -E
configure:6307: checking for ANSI C header files
configure:6327: gcc -c -Wno-long-long   conftest.c >&5
configure:6327: $? = 0
configure:6400: gcc -o conftest -Wno-long-long    conftest.c  >&5
configure:6400: $? = 0
configure:6400: ./conftest
configure:6400: $? = 0
configure:6411: result: yes
configure:6424: checking for sys/types.h
configure:6424: gcc -c -Wno-long-long   conftest.c >&5
configure:6424: $? = 0
configure:6424: result: yes
configure:6424: checking for sys/stat.h
configure:6424: gcc -c -Wno-long-long   conftest.c >&5
configure:6424: $? = 0
configure:6424: result: yes
configure:6424: checking for stdlib.h
configure:6424: gcc -c -Wno-long-long   conftest.c >&5
configure:6424: $? = 0
configure:6424: result: yes
configure:6424: checking for string.h
configure:6424: gcc -c -Wno-long-long   conftest.c >&5
configure:6424: $? = 0
configure:6424: result: yes
configure:6424: checking for memory.h
configure:6424: gcc -c -Wno-long-long   conftest.c >&5
configure:6424: $? = 0
configure:6424: result: yes
configure:6424: checking for strings.h
configure:6424: gcc -c -Wno-long-long   conftest.c >&5
configure:6424: $? = 0
configure:6424: result: yes
configure:6424: checking for inttypes.h
configure:6424: gcc -c -Wno-long-long   conftest.c >&5
configure:6424: $? = 0
configure:6424: result: yes
configure:6424: checking for stdint.h
configure:6424: gcc -c -Wno-long-long   conftest.c >&5
configure:6424: $? = 0
configure:6424: result: yes
configure:6424: checking for unistd.h
configure:6424: gcc -c -Wno-long-long   conftest.c >&5
configure:6424: $? = 0
configure:6424: result: yes
configure:6436: checking features.h usability
configure:6436: gcc -c -Wno-long-long   conftest.c >&5
configure:6436: $? = 0
configure:6436: result: yes
configure:6436: checking features.h presence
configure:6436: gcc -E  conftest.c
configure:6436: $? = 0
configure:6436: result: yes
configure:6436: checking for features.h
configure:6436: result: yes
configure:6488: checking the GLIBC_VERSION version
configure:6626: result: 2.15 family
configure:6757: checking for CLOCK_MONOTONIC
configure:6777: gcc -c -Wno-long-long   conftest.c >&5
configure:6777: $? = 0
configure:6779: result: yes
configure:6796: checking for pthread_rwlock_t
configure:6815: gcc -c -Wno-long-long   conftest.c >&5
configure:6815: $? = 0
configure:6817: result: yes
configure:6834: checking for PTHREAD_MUTEX_ADAPTIVE_NP
configure:6853: gcc -c -Wno-long-long   conftest.c >&5
configure:6853: $? = 0
configure:6855: result: yes
configure:6872: checking for PTHREAD_MUTEX_ERRORCHECK_NP
configure:6891: gcc -c -Wno-long-long   conftest.c >&5
configure:6891: $? = 0
configure:6893: result: yes
configure:6910: checking for PTHREAD_MUTEX_RECURSIVE_NP
configure:6929: gcc -c -Wno-long-long   conftest.c >&5
configure:6929: $? = 0
configure:6931: result: yes
configure:6948: checking for PTHREAD_RECURSIVE_MUTEX_INITIALIZER_NP
configure:6968: gcc -c -Wno-long-long   conftest.c >&5
configure:6968: $? = 0
configure:6970: result: yes
configure:6987: checking for pthread_mutex_t.__m_kind
configure:6987: gcc -c -Wno-long-long   conftest.c >&5
conftest.c: In function 'main':
conftest.c:39:12: error: 'pthread_mutex_t' has no member named '__m_kind'
configure:6987: $? = 1
configure: failed program was:
| /* confdefs.h */
| #define PACKAGE_NAME "Valgrind"
| #define PACKAGE_TARNAME "valgrind"
| #define PACKAGE_VERSION "3.9.0.SVN"
| #define PACKAGE_STRING "Valgrind 3.9.0.SVN"
| #define PACKAGE_BUGREPORT "valgrind-users@lists.sourceforge.net"
| #define PACKAGE_URL ""
| #define PACKAGE "valgrind"
| #define VERSION "3.9.0.SVN"
| #define GDB_PATH "/usr/bin/gdb"
| #define KERNEL_2_6 1
| #define MIPS_PAGE_SHIFT 12
| #define SHM_ALIGNMENT 2*(1UL << MIPS_PAGE_SHIFT)
| #define VG_TMPDIR "/tmp"
| #define STDC_HEADERS 1
| #define HAVE_SYS_TYPES_H 1
| #define HAVE_SYS_STAT_H 1
| #define HAVE_STDLIB_H 1
| #define HAVE_STRING_H 1
| #define HAVE_MEMORY_H 1
| #define HAVE_STRINGS_H 1
| #define HAVE_INTTYPES_H 1
| #define HAVE_STDINT_H 1
| #define HAVE_UNISTD_H 1
| #define GLIBC_2_15 1
| #define HAVE_CLOCK_MONOTONIC 1
| #define HAVE_PTHREAD_RWLOCK_T 1
| #define HAVE_PTHREAD_MUTEX_ADAPTIVE_NP 1
| #define HAVE_PTHREAD_MUTEX_ERRORCHECK_NP 1
| #define HAVE_PTHREAD_MUTEX_RECURSIVE_NP 1
| #define HAVE_PTHREAD_RECURSIVE_MUTEX_INITIALIZER_NP 1
| /* end confdefs.h.  */
| #include <pthread.h>
| 
| int
| main ()
| {
| static pthread_mutex_t ac_aggr;
| if (ac_aggr.__m_kind)
| return 0;
|   ;
|   return 0;
| }
configure:6987: gcc -c -Wno-long-long   conftest.c >&5
conftest.c: In function 'main':
conftest.c:39:19: error: 'pthread_mutex_t' has no member named '__m_kind'
configure:6987: $? = 1
configure: failed program was:
| /* confdefs.h */
| #define PACKAGE_NAME "Valgrind"
| #define PACKAGE_TARNAME "valgrind"
| #define PACKAGE_VERSION "3.9.0.SVN"
| #define PACKAGE_STRING "Valgrind 3.9.0.SVN"
| #define PACKAGE_BUGREPORT "valgrind-users@lists.sourceforge.net"
| #define PACKAGE_URL ""
| #define PACKAGE "valgrind"
| #define VERSION "3.9.0.SVN"
| #define GDB_PATH "/usr/bin/gdb"
| #define KERNEL_2_6 1
| #define MIPS_PAGE_SHIFT 12
| #define SHM_ALIGNMENT 2*(1UL << MIPS_PAGE_SHIFT)
| #define VG_TMPDIR "/tmp"
| #define STDC_HEADERS 1
| #define HAVE_SYS_TYPES_H 1
| #define HAVE_SYS_STAT_H 1
| #define HAVE_STDLIB_H 1
| #define HAVE_STRING_H 1
| #define HAVE_MEMORY_H 1
| #define HAVE_STRINGS_H 1
| #define HAVE_INTTYPES_H 1
| #define HAVE_STDINT_H 1
| #define HAVE_UNISTD_H 1
| #define GLIBC_2_15 1
| #define HAVE_CLOCK_MONOTONIC 1
| #define HAVE_PTHREAD_RWLOCK_T 1
| #define HAVE_PTHREAD_MUTEX_ADAPTIVE_NP 1
| #define HAVE_PTHREAD_MUTEX_ERRORCHECK_NP 1
| #define HAVE_PTHREAD_MUTEX_RECURSIVE_NP 1
| #define HAVE_PTHREAD_RECURSIVE_MUTEX_INITIALIZER_NP 1
| /* end confdefs.h.  */
| #include <pthread.h>
| 
| int
| main ()
| {
| static pthread_mutex_t ac_aggr;
| if (sizeof ac_aggr.__m_kind)
| return 0;
|   ;
|   return 0;
| }
configure:6987: result: no
configure:7000: checking for pthread_mutex_t.__data.__kind
configure:7000: gcc -c -Wno-long-long   conftest.c >&5
configure:7000: $? = 0
configure:7000: result: yes
configure:7014: checking for Altivec
configure:7035: gcc -c -maltivec  conftest.c >&5
gcc: error: unrecognized command line option '-maltivec'
configure:7035: $? = 1
configure: failed program was:
| /* confdefs.h */
| #define PACKAGE_NAME "Valgrind"
| #define PACKAGE_TARNAME "valgrind"
| #define PACKAGE_VERSION "3.9.0.SVN"
| #define PACKAGE_STRING "Valgrind 3.9.0.SVN"
| #define PACKAGE_BUGREPORT "valgrind-users@lists.sourceforge.net"
| #define PACKAGE_URL ""
| #define PACKAGE "valgrind"
| #define VERSION "3.9.0.SVN"
| #define GDB_PATH "/usr/bin/gdb"
| #define KERNEL_2_6 1
| #define MIPS_PAGE_SHIFT 12
| #define SHM_ALIGNMENT 2*(1UL << MIPS_PAGE_SHIFT)
| #define VG_TMPDIR "/tmp"
| #define STDC_HEADERS 1
| #define HAVE_SYS_TYPES_H 1
| #define HAVE_SYS_STAT_H 1
| #define HAVE_STDLIB_H 1
| #define HAVE_STRING_H 1
| #define HAVE_MEMORY_H 1
| #define HAVE_STRINGS_H 1
| #define HAVE_INTTYPES_H 1
| #define HAVE_STDINT_H 1
| #define HAVE_UNISTD_H 1
| #define GLIBC_2_15 1
| #define HAVE_CLOCK_MONOTONIC 1
| #define HAVE_PTHREAD_RWLOCK_T 1
| #define HAVE_PTHREAD_MUTEX_ADAPTIVE_NP 1
| #define HAVE_PTHREAD_MUTEX_ERRORCHECK_NP 1
| #define HAVE_PTHREAD_MUTEX_RECURSIVE_NP 1
| #define HAVE_PTHREAD_RECURSIVE_MUTEX_INITIALIZER_NP 1
| #define HAVE_PTHREAD_MUTEX_T__DATA__KIND 1
| /* end confdefs.h.  */
| 
| #include <altivec.h>
| 
| int
| main ()
| {
| 
|   vector unsigned int v;
| 
|   ;
|   return 0;
| }
configure:7047: result: no
configure:7072: checking for VSX
configure:7094: gcc -c -mvsx  conftest.c >&5
gcc: error: unrecognized command line option '-mvsx'
configure:7094: $? = 1
configure: failed program was:
| /* confdefs.h */
| #define PACKAGE_NAME "Valgrind"
| #define PACKAGE_TARNAME "valgrind"
| #define PACKAGE_VERSION "3.9.0.SVN"
| #define PACKAGE_STRING "Valgrind 3.9.0.SVN"
| #define PACKAGE_BUGREPORT "valgrind-users@lists.sourceforge.net"
| #define PACKAGE_URL ""
| #define PACKAGE "valgrind"
| #define VERSION "3.9.0.SVN"
| #define GDB_PATH "/usr/bin/gdb"
| #define KERNEL_2_6 1
| #define MIPS_PAGE_SHIFT 12
| #define SHM_ALIGNMENT 2*(1UL << MIPS_PAGE_SHIFT)
| #define VG_TMPDIR "/tmp"
| #define STDC_HEADERS 1
| #define HAVE_SYS_TYPES_H 1
| #define HAVE_SYS_STAT_H 1
| #define HAVE_STDLIB_H 1
| #define HAVE_STRING_H 1
| #define HAVE_MEMORY_H 1
| #define HAVE_STRINGS_H 1
| #define HAVE_INTTYPES_H 1
| #define HAVE_STDINT_H 1
| #define HAVE_UNISTD_H 1
| #define GLIBC_2_15 1
| #define HAVE_CLOCK_MONOTONIC 1
| #define HAVE_PTHREAD_RWLOCK_T 1
| #define HAVE_PTHREAD_MUTEX_ADAPTIVE_NP 1
| #define HAVE_PTHREAD_MUTEX_ERRORCHECK_NP 1
| #define HAVE_PTHREAD_MUTEX_RECURSIVE_NP 1
| #define HAVE_PTHREAD_RECURSIVE_MUTEX_INITIALIZER_NP 1
| #define HAVE_PTHREAD_MUTEX_T__DATA__KIND 1
| /* end confdefs.h.  */
| 
| #include <altivec.h>
| 
| int
| main ()
| {
| 
|   vector unsigned int v;
|   __asm__ __volatile__("xsmaddadp 32, 32, 33" ::: "memory","cc");
| 
|   ;
|   return 0;
| }
configure:7103: result: no
configure:7120: checking that assembler knows DFP
configure:7138: gcc -c -Wno-long-long   conftest.c >&5
conftest.c: Assembler messages:
conftest.c:40: Error: no such instruction: `dadd 1,2,3'
conftest.c:41: Error: no such instruction: `dcffix 1,2'
configure:7138: $? = 1
configure: failed program was:
| /* confdefs.h */
| #define PACKAGE_NAME "Valgrind"
| #define PACKAGE_TARNAME "valgrind"
| #define PACKAGE_VERSION "3.9.0.SVN"
| #define PACKAGE_STRING "Valgrind 3.9.0.SVN"
| #define PACKAGE_BUGREPORT "valgrind-users@lists.sourceforge.net"
| #define PACKAGE_URL ""
| #define PACKAGE "valgrind"
| #define VERSION "3.9.0.SVN"
| #define GDB_PATH "/usr/bin/gdb"
| #define KERNEL_2_6 1
| #define MIPS_PAGE_SHIFT 12
| #define SHM_ALIGNMENT 2*(1UL << MIPS_PAGE_SHIFT)
| #define VG_TMPDIR "/tmp"
| #define STDC_HEADERS 1
| #define HAVE_SYS_TYPES_H 1
| #define HAVE_SYS_STAT_H 1
| #define HAVE_STDLIB_H 1
| #define HAVE_STRING_H 1
| #define HAVE_MEMORY_H 1
| #define HAVE_STRINGS_H 1
| #define HAVE_INTTYPES_H 1
| #define HAVE_STDINT_H 1
| #define HAVE_UNISTD_H 1
| #define GLIBC_2_15 1
| #define HAVE_CLOCK_MONOTONIC 1
| #define HAVE_PTHREAD_RWLOCK_T 1
| #define HAVE_PTHREAD_MUTEX_ADAPTIVE_NP 1
| #define HAVE_PTHREAD_MUTEX_ERRORCHECK_NP 1
| #define HAVE_PTHREAD_MUTEX_RECURSIVE_NP 1
| #define HAVE_PTHREAD_RECURSIVE_MUTEX_INITIALIZER_NP 1
| #define HAVE_PTHREAD_MUTEX_T__DATA__KIND 1
| /* end confdefs.h.  */
| 
| 
| int
| main ()
| {
| 
|   __asm__ __volatile__("dadd 1, 2, 3");
|   __asm__ __volatile__("dcffix 1, 2");
| 
|   ;
|   return 0;
| }
configure:7147: result: no
configure:7154: checking that compiler knows -mhard-dfp switch
configure:7173: gcc -c -mhard-dfp  conftest.c >&5
gcc: error: unrecognized command line option '-mhard-dfp'
configure:7173: $? = 1
configure: failed program was:
| /* confdefs.h */
| #define PACKAGE_NAME "Valgrind"
| #define PACKAGE_TARNAME "valgrind"
| #define PACKAGE_VERSION "3.9.0.SVN"
| #define PACKAGE_STRING "Valgrind 3.9.0.SVN"
| #define PACKAGE_BUGREPORT "valgrind-users@lists.sourceforge.net"
| #define PACKAGE_URL ""
| #define PACKAGE "valgrind"
| #define VERSION "3.9.0.SVN"
| #define GDB_PATH "/usr/bin/gdb"
| #define KERNEL_2_6 1
| #define MIPS_PAGE_SHIFT 12
| #define SHM_ALIGNMENT 2*(1UL << MIPS_PAGE_SHIFT)
| #define VG_TMPDIR "/tmp"
| #define STDC_HEADERS 1
| #define HAVE_SYS_TYPES_H 1
| #define HAVE_SYS_STAT_H 1
| #define HAVE_STDLIB_H 1
| #define HAVE_STRING_H 1
| #define HAVE_MEMORY_H 1
| #define HAVE_STRINGS_H 1
| #define HAVE_INTTYPES_H 1
| #define HAVE_STDINT_H 1
| #define HAVE_UNISTD_H 1
| #define GLIBC_2_15 1
| #define HAVE_CLOCK_MONOTONIC 1
| #define HAVE_PTHREAD_RWLOCK_T 1
| #define HAVE_PTHREAD_MUTEX_ADAPTIVE_NP 1
| #define HAVE_PTHREAD_MUTEX_ERRORCHECK_NP 1
| #define HAVE_PTHREAD_MUTEX_RECURSIVE_NP 1
| #define HAVE_PTHREAD_RECURSIVE_MUTEX_INITIALIZER_NP 1
| #define HAVE_PTHREAD_MUTEX_T__DATA__KIND 1
| /* end confdefs.h.  */
| 
| 
| int
| main ()
| {
| 
|   __asm__ __volatile__("dadd 1, 2, 3");
|   __asm__ __volatile__("dcffix 1, 2");
| 
|   ;
|   return 0;
| }
configure:7182: result: no
configure:7200: checking that compiler knows DFP datatypes
configure:7216: gcc -c -Wno-long-long   conftest.c >&5
configure:7216: $? = 0
configure:7219: result: yes
configure:7242: checking for pthread_create@GLIBC2.0()
configure:7273: gcc -o conftest -lpthread   conftest.c  >&5
/tmp/cc88v17Z.o: In function `main':
conftest.c:(.text+0x19): undefined reference to `pthread_create@GLIBC_2.0'
collect2: error: ld returned 1 exit status
configure:7273: $? = 1
configure: failed program was:
| /* confdefs.h */
| #define PACKAGE_NAME "Valgrind"
| #define PACKAGE_TARNAME "valgrind"
| #define PACKAGE_VERSION "3.9.0.SVN"
| #define PACKAGE_STRING "Valgrind 3.9.0.SVN"
| #define PACKAGE_BUGREPORT "valgrind-users@lists.sourceforge.net"
| #define PACKAGE_URL ""
| #define PACKAGE "valgrind"
| #define VERSION "3.9.0.SVN"
| #define GDB_PATH "/usr/bin/gdb"
| #define KERNEL_2_6 1
| #define MIPS_PAGE_SHIFT 12
| #define SHM_ALIGNMENT 2*(1UL << MIPS_PAGE_SHIFT)
| #define VG_TMPDIR "/tmp"
| #define STDC_HEADERS 1
| #define HAVE_SYS_TYPES_H 1
| #define HAVE_SYS_STAT_H 1
| #define HAVE_STDLIB_H 1
| #define HAVE_STRING_H 1
| #define HAVE_MEMORY_H 1
| #define HAVE_STRINGS_H 1
| #define HAVE_INTTYPES_H 1
| #define HAVE_STDINT_H 1
| #define HAVE_UNISTD_H 1
| #define GLIBC_2_15 1
| #define HAVE_CLOCK_MONOTONIC 1
| #define HAVE_PTHREAD_RWLOCK_T 1
| #define HAVE_PTHREAD_MUTEX_ADAPTIVE_NP 1
| #define HAVE_PTHREAD_MUTEX_ERRORCHECK_NP 1
| #define HAVE_PTHREAD_MUTEX_RECURSIVE_NP 1
| #define HAVE_PTHREAD_RECURSIVE_MUTEX_INITIALIZER_NP 1
| #define HAVE_PTHREAD_MUTEX_T__DATA__KIND 1
| /* end confdefs.h.  */
| 
| extern int pthread_create_glibc_2_0(void*, const void*,
|                                     void *(*)(void*), void*);
| __asm__(".symver pthread_create_glibc_2_0, pthread_create@GLIBC_2.0");
| 
| int
| main ()
| {
| 
| #ifdef __powerpc__
| /*
|  * Apparently on PowerPC linking this program succeeds and generates an
|  * executable with the undefined symbol pthread_create@GLIBC_2.0.
|  */
| #error This test does not work properly on PowerPC.
| #else
|   pthread_create_glibc_2_0(0, 0, 0, 0);
| #endif
|   return 0;
| 
|   ;
|   return 0;
| }
configure:7285: result: no
configure:7304: checking for eventfd()
configure:7327: gcc -o conftest -Wno-long-long    conftest.c  >&5
configure:7327: $? = 0
configure:7329: result: yes
configure:7353: checking if gcc accepts -m32
configure:7372: gcc -c -m32  conftest.c >&5
configure:7372: $? = 0
configure:7375: result: yes
configure:7392: checking if gcc accepts -m64
configure:7411: gcc -c -m64  conftest.c >&5
configure:7411: $? = 0
configure:7414: result: yes
configure:7431: checking if gcc accepts -mmmx
configure:7450: gcc -c -mmmx  conftest.c >&5
configure:7450: $? = 0
configure:7453: result: yes
configure:7470: checking if gcc accepts -msse
configure:7489: gcc -c -msse  conftest.c >&5
configure:7489: $? = 0
configure:7492: result: yes
configure:7509: checking if gcc accepts -mpreferred-stack-boundary
configure:7528: gcc -c -mpreferred-stack-boundary=2  conftest.c >&5
conftest.c:1:0: error: -mpreferred-stack-boundary=2 is not between 4 and 12
configure:7528: $? = 1
configure: failed program was:
| /* confdefs.h */
| #define PACKAGE_NAME "Valgrind"
| #define PACKAGE_TARNAME "valgrind"
| #define PACKAGE_VERSION "3.9.0.SVN"
| #define PACKAGE_STRING "Valgrind 3.9.0.SVN"
| #define PACKAGE_BUGREPORT "valgrind-users@lists.sourceforge.net"
| #define PACKAGE_URL ""
| #define PACKAGE "valgrind"
| #define VERSION "3.9.0.SVN"
| #define GDB_PATH "/usr/bin/gdb"
| #define KERNEL_2_6 1
| #define MIPS_PAGE_SHIFT 12
| #define SHM_ALIGNMENT 2*(1UL << MIPS_PAGE_SHIFT)
| #define VG_TMPDIR "/tmp"
| #define STDC_HEADERS 1
| #define HAVE_SYS_TYPES_H 1
| #define HAVE_SYS_STAT_H 1
| #define HAVE_STDLIB_H 1
| #define HAVE_STRING_H 1
| #define HAVE_MEMORY_H 1
| #define HAVE_STRINGS_H 1
| #define HAVE_INTTYPES_H 1
| #define HAVE_STDINT_H 1
| #define HAVE_UNISTD_H 1
| #define GLIBC_2_15 1
| #define HAVE_CLOCK_MONOTONIC 1
| #define HAVE_PTHREAD_RWLOCK_T 1
| #define HAVE_PTHREAD_MUTEX_ADAPTIVE_NP 1
| #define HAVE_PTHREAD_MUTEX_ERRORCHECK_NP 1
| #define HAVE_PTHREAD_MUTEX_RECURSIVE_NP 1
| #define HAVE_PTHREAD_RECURSIVE_MUTEX_INITIALIZER_NP 1
| #define HAVE_PTHREAD_MUTEX_T__DATA__KIND 1
| #define HAVE_EVENTFD 1
| #define HAVE_EVENTFD_READ 1
| /* end confdefs.h.  */
| 
| int
| main ()
| {
| 
|   return 0;
| 
|   ;
|   return 0;
| }
configure:7537: result: no
configure:7548: checking if gcc accepts -Wno-pointer-sign
configure:7567: gcc -c -Wno-pointer-sign  conftest.c >&5
configure:7567: $? = 0
configure:7570: result: yes
configure:7595: checking if gcc accepts -Wno-empty-body
configure:7614: gcc -c -Wno-empty-body  conftest.c >&5
configure:7614: $? = 0
configure:7618: result: yes
configure:7634: checking if gcc accepts -Wno-format-zero-length
configure:7653: gcc -c -Wno-format-zero-length  conftest.c >&5
configure:7653: $? = 0
configure:7657: result: yes
configure:7673: checking if gcc accepts -Wno-nonnull
configure:7692: gcc -c -Wno-nonnull  conftest.c >&5
configure:7692: $? = 0
configure:7696: result: yes
configure:7712: checking if gcc accepts -Wno-overflow
configure:7731: gcc -c -Wno-overflow  conftest.c >&5
configure:7731: $? = 0
configure:7735: result: yes
configure:7751: checking if gcc accepts -Wno-uninitialized
configure:7770: gcc -c -Wno-uninitialized  conftest.c >&5
configure:7770: $? = 0
configure:7774: result: yes
configure:7790: checking if gcc accepts -Wextra or -W
configure:7809: gcc -c -Wextra  conftest.c >&5
configure:7809: $? = 0
configure:7813: result: -Wextra
configure:7854: checking if gcc accepts -fno-stack-protector
configure:7873: gcc -c -fno-stack-protector  conftest.c >&5
configure:7873: $? = 0
configure:7877: result: yes
configure:7900: checking if gcc accepts --param inline-unit-growth
configure:7919: gcc -c --param inline-unit-growth=900  conftest.c >&5
configure:7919: $? = 0
configure:7923: result: yes
configure:7940: checking if gcc accepts -gdwarf-4 -fdebug-types-section
configure:7959: gcc -c -gdwarf-4 -fdebug-types-section  conftest.c >&5
configure:7959: $? = 0
configure:7962: result: yes
configure:7989: checking if the linker accepts -Wl,--build-id=none
configure:8006: gcc -o conftest -Wl,--build-id=none   conftest.c  >&5
configure:8006: $? = 0
configure:8010: result: yes
configure:8027: checking if ppc32/64 as supports mtocrf/mfocrf
configure:8044: gcc -c -Wno-long-long  -fno-stack-protector  conftest.c >&5
conftest.c: Assembler messages:
conftest.c:41: Error: no such instruction: `mtocrf 4,0'
conftest.c:42: Error: no such instruction: `mfocrf 0,4'
configure:8044: $? = 1
configure: failed program was:
| /* confdefs.h */
| #define PACKAGE_NAME "Valgrind"
| #define PACKAGE_TARNAME "valgrind"
| #define PACKAGE_VERSION "3.9.0.SVN"
| #define PACKAGE_STRING "Valgrind 3.9.0.SVN"
| #define PACKAGE_BUGREPORT "valgrind-users@lists.sourceforge.net"
| #define PACKAGE_URL ""
| #define PACKAGE "valgrind"
| #define VERSION "3.9.0.SVN"
| #define GDB_PATH "/usr/bin/gdb"
| #define KERNEL_2_6 1
| #define MIPS_PAGE_SHIFT 12
| #define SHM_ALIGNMENT 2*(1UL << MIPS_PAGE_SHIFT)
| #define VG_TMPDIR "/tmp"
| #define STDC_HEADERS 1
| #define HAVE_SYS_TYPES_H 1
| #define HAVE_SYS_STAT_H 1
| #define HAVE_STDLIB_H 1
| #define HAVE_STRING_H 1
| #define HAVE_MEMORY_H 1
| #define HAVE_STRINGS_H 1
| #define HAVE_INTTYPES_H 1
| #define HAVE_STDINT_H 1
| #define HAVE_UNISTD_H 1
| #define GLIBC_2_15 1
| #define HAVE_CLOCK_MONOTONIC 1
| #define HAVE_PTHREAD_RWLOCK_T 1
| #define HAVE_PTHREAD_MUTEX_ADAPTIVE_NP 1
| #define HAVE_PTHREAD_MUTEX_ERRORCHECK_NP 1
| #define HAVE_PTHREAD_MUTEX_RECURSIVE_NP 1
| #define HAVE_PTHREAD_RECURSIVE_MUTEX_INITIALIZER_NP 1
| #define HAVE_PTHREAD_MUTEX_T__DATA__KIND 1
| #define HAVE_EVENTFD 1
| #define HAVE_EVENTFD_READ 1
| /* end confdefs.h.  */
| 
| int
| main ()
| {
| 
| __asm__ __volatile__("mtocrf 4,0");
| __asm__ __volatile__("mfocrf 0,4");
| 
|   ;
|   return 0;
| }
configure:8053: result: no
configure:8070: checking if x86/amd64 assembler speaks SSE3
configure:8088: gcc -c -Wno-long-long  -fno-stack-protector  conftest.c >&5
configure:8088: $? = 0
configure:8091: result: yes
configure:8116: checking if x86/amd64 assembler speaks SSSE3
configure:8137: gcc -c -Wno-long-long  -fno-stack-protector -msse  conftest.c >&5
configure:8137: $? = 0
configure:8140: result: yes
configure:8166: checking if x86/amd64 assembler supports 'pclmulqdq'
configure:8184: gcc -c -Wno-long-long  -fno-stack-protector  conftest.c >&5
configure:8184: $? = 0
configure:8187: result: yes
configure:8212: checking if x86/amd64 assembler supports 'vpclmulqdq'
configure:8235: gcc -c -Wno-long-long  -fno-stack-protector  conftest.c >&5
configure:8235: $? = 0
configure:8238: result: yes
configure:8263: checking if x86/amd64 assembler supports 'lzcnt'
configure:8281: gcc -c -Wno-long-long  -fno-stack-protector  conftest.c >&5
configure:8281: $? = 0
configure:8284: result: yes
configure:8309: checking if x86/amd64 assembler speaks SSE4.2
configure:8332: gcc -c -Wno-long-long  -fno-stack-protector  conftest.c >&5
configure:8332: $? = 0
configure:8335: result: yes
configure:8360: checking if x86/amd64 assembler speaks AVX
configure:8381: gcc -c -Wno-long-long  -fno-stack-protector  conftest.c >&5
configure:8381: $? = 0
configure:8384: result: yes
configure:8409: checking if x86/amd64 assembler knows the MOVBE insn
configure:8428: gcc -c -Wno-long-long  -fno-stack-protector  conftest.c >&5
configure:8428: $? = 0
configure:8431: result: yes
configure:8456: checking if gcc supports the ifunc attribute
configure:8478: gcc -o conftest -Wno-long-long  -fno-stack-protector   conftest.c  >&5
configure:8478: $? = 0
configure:8481: result: yes
configure:8519: gcc -o conftest -Wno-long-long  -fno-stack-protector   conftest.c  >&5
configure:8519: $? = 0
configure:8530: checking for TLS support
configure:8553: gcc -o conftest -Wno-long-long  -fno-stack-protector   conftest.c  >&5
configure:8553: $? = 0
configure:8553: ./conftest
configure:8553: $? = 0
configure:8565: result: yes
configure:8579: checking for ANSI C header files
configure:8683: result: yes
configure:8708: checking asm/unistd.h usability
configure:8708: gcc -c -Wno-long-long  -fno-stack-protector  conftest.c >&5
configure:8708: $? = 0
configure:8708: result: yes
configure:8708: checking asm/unistd.h presence
configure:8708: gcc -E  conftest.c
configure:8708: $? = 0
configure:8708: result: yes
configure:8708: checking for asm/unistd.h
configure:8708: result: yes
configure:8708: checking endian.h usability
configure:8708: gcc -c -Wno-long-long  -fno-stack-protector  conftest.c >&5
configure:8708: $? = 0
configure:8708: result: yes
configure:8708: checking endian.h presence
configure:8708: gcc -E  conftest.c
configure:8708: $? = 0
configure:8708: result: yes
configure:8708: checking for endian.h
configure:8708: result: yes
configure:8708: checking mqueue.h usability
configure:8708: gcc -c -Wno-long-long  -fno-stack-protector  conftest.c >&5
configure:8708: $? = 0
configure:8708: result: yes
configure:8708: checking mqueue.h presence
configure:8708: gcc -E  conftest.c
configure:8708: $? = 0
configure:8708: result: yes
configure:8708: checking for mqueue.h
configure:8708: result: yes
configure:8708: checking sys/endian.h usability
configure:8708: gcc -c -Wno-long-long  -fno-stack-protector  conftest.c >&5
conftest.c:74:24: fatal error: sys/endian.h: No such file or directory
compilation terminated.
configure:8708: $? = 1
configure: failed program was:
| /* confdefs.h */
| #define PACKAGE_NAME "Valgrind"
| #define PACKAGE_TARNAME "valgrind"
| #define PACKAGE_VERSION "3.9.0.SVN"
| #define PACKAGE_STRING "Valgrind 3.9.0.SVN"
| #define PACKAGE_BUGREPORT "valgrind-users@lists.sourceforge.net"
| #define PACKAGE_URL ""
| #define PACKAGE "valgrind"
| #define VERSION "3.9.0.SVN"
| #define GDB_PATH "/usr/bin/gdb"
| #define KERNEL_2_6 1
| #define MIPS_PAGE_SHIFT 12
| #define SHM_ALIGNMENT 2*(1UL << MIPS_PAGE_SHIFT)
| #define VG_TMPDIR "/tmp"
| #define STDC_HEADERS 1
| #define HAVE_SYS_TYPES_H 1
| #define HAVE_SYS_STAT_H 1
| #define HAVE_STDLIB_H 1
| #define HAVE_STRING_H 1
| #define HAVE_MEMORY_H 1
| #define HAVE_STRINGS_H 1
| #define HAVE_INTTYPES_H 1
| #define HAVE_STDINT_H 1
| #define HAVE_UNISTD_H 1
| #define GLIBC_2_15 1
| #define HAVE_CLOCK_MONOTONIC 1
| #define HAVE_PTHREAD_RWLOCK_T 1
| #define HAVE_PTHREAD_MUTEX_ADAPTIVE_NP 1
| #define HAVE_PTHREAD_MUTEX_ERRORCHECK_NP 1
| #define HAVE_PTHREAD_MUTEX_RECURSIVE_NP 1
| #define HAVE_PTHREAD_RECURSIVE_MUTEX_INITIALIZER_NP 1
| #define HAVE_PTHREAD_MUTEX_T__DATA__KIND 1
| #define HAVE_EVENTFD 1
| #define HAVE_EVENTFD_READ 1
| #define HAVE_TLS 1
| #define STDC_HEADERS 1
| #define HAVE_ASM_UNISTD_H 1
| #define HAVE_ENDIAN_H 1
| #define HAVE_MQUEUE_H 1
| /* end confdefs.h.  */
| #include <stdio.h>
| #ifdef HAVE_SYS_TYPES_H
| # include <sys/types.h>
| #endif
| #ifdef HAVE_SYS_STAT_H
| # include <sys/stat.h>
| #endif
| #ifdef STDC_HEADERS
| # include <stdlib.h>
| # include <stddef.h>
| #else
| # ifdef HAVE_STDLIB_H
| #  include <stdlib.h>
| # endif
| #endif
| #ifdef HAVE_STRING_H
| # if !defined STDC_HEADERS && defined HAVE_MEMORY_H
| #  include <memory.h>
| # endif
| # include <string.h>
| #endif
| #ifdef HAVE_STRINGS_H
| # include <strings.h>
| #endif
| #ifdef HAVE_INTTYPES_H
| # include <inttypes.h>
| #endif
| #ifdef HAVE_STDINT_H
| # include <stdint.h>
| #endif
| #ifdef HAVE_UNISTD_H
| # include <unistd.h>
| #endif
| #include <sys/endian.h>
configure:8708: result: no
configure:8708: checking sys/endian.h presence
configure:8708: gcc -E  conftest.c
conftest.c:41:24: fatal error: sys/endian.h: No such file or directory
compilation terminated.
configure:8708: $? = 1
configure: failed program was:
| /* confdefs.h */
| #define PACKAGE_NAME "Valgrind"
| #define PACKAGE_TARNAME "valgrind"
| #define PACKAGE_VERSION "3.9.0.SVN"
| #define PACKAGE_STRING "Valgrind 3.9.0.SVN"
| #define PACKAGE_BUGREPORT "valgrind-users@lists.sourceforge.net"
| #define PACKAGE_URL ""
| #define PACKAGE "valgrind"
| #define VERSION "3.9.0.SVN"
| #define GDB_PATH "/usr/bin/gdb"
| #define KERNEL_2_6 1
| #define MIPS_PAGE_SHIFT 12
| #define SHM_ALIGNMENT 2*(1UL << MIPS_PAGE_SHIFT)
| #define VG_TMPDIR "/tmp"
| #define STDC_HEADERS 1
| #define HAVE_SYS_TYPES_H 1
| #define HAVE_SYS_STAT_H 1
| #define HAVE_STDLIB_H 1
| #define HAVE_STRING_H 1
| #define HAVE_MEMORY_H 1
| #define HAVE_STRINGS_H 1
| #define HAVE_INTTYPES_H 1
| #define HAVE_STDINT_H 1
| #define HAVE_UNISTD_H 1
| #define GLIBC_2_15 1
| #define HAVE_CLOCK_MONOTONIC 1
| #define HAVE_PTHREAD_RWLOCK_T 1
| #define HAVE_PTHREAD_MUTEX_ADAPTIVE_NP 1
| #define HAVE_PTHREAD_MUTEX_ERRORCHECK_NP 1
| #define HAVE_PTHREAD_MUTEX_RECURSIVE_NP 1
| #define HAVE_PTHREAD_RECURSIVE_MUTEX_INITIALIZER_NP 1
| #define HAVE_PTHREAD_MUTEX_T__DATA__KIND 1
| #define HAVE_EVENTFD 1
| #define HAVE_EVENTFD_READ 1
| #define HAVE_TLS 1
| #define STDC_HEADERS 1
| #define HAVE_ASM_UNISTD_H 1
| #define HAVE_ENDIAN_H 1
| #define HAVE_MQUEUE_H 1
| /* end confdefs.h.  */
| #include <sys/endian.h>
configure:8708: result: no
configure:8708: checking for sys/endian.h
configure:8708: result: no
configure:8708: checking sys/epoll.h usability
configure:8708: gcc -c -Wno-long-long  -fno-stack-protector  conftest.c >&5
configure:8708: $? = 0
configure:8708: result: yes
configure:8708: checking sys/epoll.h presence
configure:8708: gcc -E  conftest.c
configure:8708: $? = 0
configure:8708: result: yes
configure:8708: checking for sys/epoll.h
configure:8708: result: yes
configure:8708: checking sys/eventfd.h usability
configure:8708: gcc -c -Wno-long-long  -fno-stack-protector  conftest.c >&5
configure:8708: $? = 0
configure:8708: result: yes
configure:8708: checking sys/eventfd.h presence
configure:8708: gcc -E  conftest.c
configure:8708: $? = 0
configure:8708: result: yes
configure:8708: checking for sys/eventfd.h
configure:8708: result: yes
configure:8708: checking sys/klog.h usability
configure:8708: gcc -c -Wno-long-long  -fno-stack-protector  conftest.c >&5
configure:8708: $? = 0
configure:8708: result: yes
configure:8708: checking sys/klog.h presence
configure:8708: gcc -E  conftest.c
configure:8708: $? = 0
configure:8708: result: yes
configure:8708: checking for sys/klog.h
configure:8708: result: yes
configure:8708: checking sys/poll.h usability
configure:8708: gcc -c -Wno-long-long  -fno-stack-protector  conftest.c >&5
configure:8708: $? = 0
configure:8708: result: yes
configure:8708: checking sys/poll.h presence
configure:8708: gcc -E  conftest.c
configure:8708: $? = 0
configure:8708: result: yes
configure:8708: checking for sys/poll.h
configure:8708: result: yes
configure:8708: checking sys/signal.h usability
configure:8708: gcc -c -Wno-long-long  -fno-stack-protector  conftest.c >&5
configure:8708: $? = 0
configure:8708: result: yes
configure:8708: checking sys/signal.h presence
configure:8708: gcc -E  conftest.c
configure:8708: $? = 0
configure:8708: result: yes
configure:8708: checking for sys/signal.h
configure:8708: result: yes
configure:8708: checking sys/signalfd.h usability
configure:8708: gcc -c -Wno-long-long  -fno-stack-protector  conftest.c >&5
configure:8708: $? = 0
configure:8708: result: yes
configure:8708: checking sys/signalfd.h presence
configure:8708: gcc -E  conftest.c
configure:8708: $? = 0
configure:8708: result: yes
configure:8708: checking for sys/signalfd.h
configure:8708: result: yes
configure:8708: checking sys/syscall.h usability
configure:8708: gcc -c -Wno-long-long  -fno-stack-protector  conftest.c >&5
configure:8708: $? = 0
configure:8708: result: yes
configure:8708: checking sys/syscall.h presence
configure:8708: gcc -E  conftest.c
configure:8708: $? = 0
configure:8708: result: yes
configure:8708: checking for sys/syscall.h
configure:8708: result: yes
configure:8708: checking sys/time.h usability
configure:8708: gcc -c -Wno-long-long  -fno-stack-protector  conftest.c >&5
configure:8708: $? = 0
configure:8708: result: yes
configure:8708: checking sys/time.h presence
configure:8708: gcc -E  conftest.c
configure:8708: $? = 0
configure:8708: result: yes
configure:8708: checking for sys/time.h
configure:8708: result: yes
configure:8708: checking for sys/types.h
configure:8708: result: yes
configure:8720: checking if <linux/futex.h> is usable
configure:8738: gcc -c -Wno-long-long  -fno-stack-protector  conftest.c >&5
configure:8738: $? = 0
configure:8744: result: yes
configure:8759: checking for uid_t in sys/types.h
configure:8778: result: yes
configure:8789: checking for off_t
configure:8789: gcc -c -Wno-long-long  -fno-stack-protector  conftest.c >&5
configure:8789: $? = 0
configure:8789: gcc -c -Wno-long-long  -fno-stack-protector  conftest.c >&5
conftest.c: In function 'main':
conftest.c:87:20: error: expected expression before ')' token
configure:8789: $? = 1
configure: failed program was:
| /* confdefs.h */
| #define PACKAGE_NAME "Valgrind"
| #define PACKAGE_TARNAME "valgrind"
| #define PACKAGE_VERSION "3.9.0.SVN"
| #define PACKAGE_STRING "Valgrind 3.9.0.SVN"
| #define PACKAGE_BUGREPORT "valgrind-users@lists.sourceforge.net"
| #define PACKAGE_URL ""
| #define PACKAGE "valgrind"
| #define VERSION "3.9.0.SVN"
| #define GDB_PATH "/usr/bin/gdb"
| #define KERNEL_2_6 1
| #define MIPS_PAGE_SHIFT 12
| #define SHM_ALIGNMENT 2*(1UL << MIPS_PAGE_SHIFT)
| #define VG_TMPDIR "/tmp"
| #define STDC_HEADERS 1
| #define HAVE_SYS_TYPES_H 1
| #define HAVE_SYS_STAT_H 1
| #define HAVE_STDLIB_H 1
| #define HAVE_STRING_H 1
| #define HAVE_MEMORY_H 1
| #define HAVE_STRINGS_H 1
| #define HAVE_INTTYPES_H 1
| #define HAVE_STDINT_H 1
| #define HAVE_UNISTD_H 1
| #define GLIBC_2_15 1
| #define HAVE_CLOCK_MONOTONIC 1
| #define HAVE_PTHREAD_RWLOCK_T 1
| #define HAVE_PTHREAD_MUTEX_ADAPTIVE_NP 1
| #define HAVE_PTHREAD_MUTEX_ERRORCHECK_NP 1
| #define HAVE_PTHREAD_MUTEX_RECURSIVE_NP 1
| #define HAVE_PTHREAD_RECURSIVE_MUTEX_INITIALIZER_NP 1
| #define HAVE_PTHREAD_MUTEX_T__DATA__KIND 1
| #define HAVE_EVENTFD 1
| #define HAVE_EVENTFD_READ 1
| #define HAVE_TLS 1
| #define STDC_HEADERS 1
| #define HAVE_ASM_UNISTD_H 1
| #define HAVE_ENDIAN_H 1
| #define HAVE_MQUEUE_H 1
| #define HAVE_SYS_EPOLL_H 1
| #define HAVE_SYS_EVENTFD_H 1
| #define HAVE_SYS_KLOG_H 1
| #define HAVE_SYS_POLL_H 1
| #define HAVE_SYS_SIGNAL_H 1
| #define HAVE_SYS_SIGNALFD_H 1
| #define HAVE_SYS_SYSCALL_H 1
| #define HAVE_SYS_TIME_H 1
| #define HAVE_SYS_TYPES_H 1
| #define HAVE_USABLE_LINUX_FUTEX_H 1
| /* end confdefs.h.  */
| #include <stdio.h>
| #ifdef HAVE_SYS_TYPES_H
| # include <sys/types.h>
| #endif
| #ifdef HAVE_SYS_STAT_H
| # include <sys/stat.h>
| #endif
| #ifdef STDC_HEADERS
| # include <stdlib.h>
| # include <stddef.h>
| #else
| # ifdef HAVE_STDLIB_H
| #  include <stdlib.h>
| # endif
| #endif
| #ifdef HAVE_STRING_H
| # if !defined STDC_HEADERS && defined HAVE_MEMORY_H
| #  include <memory.h>
| # endif
| # include <string.h>
| #endif
| #ifdef HAVE_STRINGS_H
| # include <strings.h>
| #endif
| #ifdef HAVE_INTTYPES_H
| # include <inttypes.h>
| #endif
| #ifdef HAVE_STDINT_H
| # include <stdint.h>
| #endif
| #ifdef HAVE_UNISTD_H
| # include <unistd.h>
| #endif
| int
| main ()
| {
| if (sizeof ((off_t)))
| 	    return 0;
|   ;
|   return 0;
| }
configure:8789: result: yes
configure:8800: checking for size_t
configure:8800: gcc -c -Wno-long-long  -fno-stack-protector  conftest.c >&5
configure:8800: $? = 0
configure:8800: gcc -c -Wno-long-long  -fno-stack-protector  conftest.c >&5
conftest.c: In function 'main':
conftest.c:87:21: error: expected expression before ')' token
configure:8800: $? = 1
configure: failed program was:
| /* confdefs.h */
| #define PACKAGE_NAME "Valgrind"
| #define PACKAGE_TARNAME "valgrind"
| #define PACKAGE_VERSION "3.9.0.SVN"
| #define PACKAGE_STRING "Valgrind 3.9.0.SVN"
| #define PACKAGE_BUGREPORT "valgrind-users@lists.sourceforge.net"
| #define PACKAGE_URL ""
| #define PACKAGE "valgrind"
| #define VERSION "3.9.0.SVN"
| #define GDB_PATH "/usr/bin/gdb"
| #define KERNEL_2_6 1
| #define MIPS_PAGE_SHIFT 12
| #define SHM_ALIGNMENT 2*(1UL << MIPS_PAGE_SHIFT)
| #define VG_TMPDIR "/tmp"
| #define STDC_HEADERS 1
| #define HAVE_SYS_TYPES_H 1
| #define HAVE_SYS_STAT_H 1
| #define HAVE_STDLIB_H 1
| #define HAVE_STRING_H 1
| #define HAVE_MEMORY_H 1
| #define HAVE_STRINGS_H 1
| #define HAVE_INTTYPES_H 1
| #define HAVE_STDINT_H 1
| #define HAVE_UNISTD_H 1
| #define GLIBC_2_15 1
| #define HAVE_CLOCK_MONOTONIC 1
| #define HAVE_PTHREAD_RWLOCK_T 1
| #define HAVE_PTHREAD_MUTEX_ADAPTIVE_NP 1
| #define HAVE_PTHREAD_MUTEX_ERRORCHECK_NP 1
| #define HAVE_PTHREAD_MUTEX_RECURSIVE_NP 1
| #define HAVE_PTHREAD_RECURSIVE_MUTEX_INITIALIZER_NP 1
| #define HAVE_PTHREAD_MUTEX_T__DATA__KIND 1
| #define HAVE_EVENTFD 1
| #define HAVE_EVENTFD_READ 1
| #define HAVE_TLS 1
| #define STDC_HEADERS 1
| #define HAVE_ASM_UNISTD_H 1
| #define HAVE_ENDIAN_H 1
| #define HAVE_MQUEUE_H 1
| #define HAVE_SYS_EPOLL_H 1
| #define HAVE_SYS_EVENTFD_H 1
| #define HAVE_SYS_KLOG_H 1
| #define HAVE_SYS_POLL_H 1
| #define HAVE_SYS_SIGNAL_H 1
| #define HAVE_SYS_SIGNALFD_H 1
| #define HAVE_SYS_SYSCALL_H 1
| #define HAVE_SYS_TIME_H 1
| #define HAVE_SYS_TYPES_H 1
| #define HAVE_USABLE_LINUX_FUTEX_H 1
| /* end confdefs.h.  */
| #include <stdio.h>
| #ifdef HAVE_SYS_TYPES_H
| # include <sys/types.h>
| #endif
| #ifdef HAVE_SYS_STAT_H
| # include <sys/stat.h>
| #endif
| #ifdef STDC_HEADERS
| # include <stdlib.h>
| # include <stddef.h>
| #else
| # ifdef HAVE_STDLIB_H
| #  include <stdlib.h>
| # endif
| #endif
| #ifdef HAVE_STRING_H
| # if !defined STDC_HEADERS && defined HAVE_MEMORY_H
| #  include <memory.h>
| # endif
| # include <string.h>
| #endif
| #ifdef HAVE_STRINGS_H
| # include <strings.h>
| #endif
| #ifdef HAVE_INTTYPES_H
| # include <inttypes.h>
| #endif
| #ifdef HAVE_STDINT_H
| # include <stdint.h>
| #endif
| #ifdef HAVE_UNISTD_H
| # include <unistd.h>
| #endif
| int
| main ()
| {
| if (sizeof ((size_t)))
| 	    return 0;
|   ;
|   return 0;
| }
configure:8800: result: yes
configure:8811: checking whether time.h and sys/time.h may both be included
configure:8831: gcc -c -Wno-long-long  -fno-stack-protector  conftest.c >&5
configure:8831: $? = 0
configure:8838: result: yes
configure:8851: checking for working memcmp
configure:8894: gcc -o conftest -Wno-long-long  -fno-stack-protector   conftest.c  >&5
configure:8894: $? = 0
configure:8894: ./conftest
configure:8894: $? = 0
configure:8904: result: yes
configure:8919: checking for stdlib.h
configure:8919: result: yes
configure:8919: checking for unistd.h
configure:8919: result: yes
configure:8919: checking for sys/param.h
configure:8919: gcc -c -Wno-long-long  -fno-stack-protector  conftest.c >&5
configure:8919: $? = 0
configure:8919: result: yes
configure:8939: checking for getpagesize
configure:8939: gcc -o conftest -Wno-long-long  -fno-stack-protector   conftest.c  >&5
configure:8939: $? = 0
configure:8939: result: yes
configure:8948: checking for working mmap
configure:9095: gcc -o conftest -Wno-long-long  -fno-stack-protector   conftest.c  >&5
configure:9095: $? = 0
configure:9095: ./conftest
configure:9095: $? = 0
configure:9105: result: yes
configure:9115: checking for pthread_create in -lpthread
configure:9140: gcc -o conftest -Wno-long-long  -fno-stack-protector   conftest.c -lpthread   >&5
configure:9140: $? = 0
configure:9149: result: yes
configure:9160: checking for clock_gettime in -lrt
configure:9185: gcc -o conftest -Wno-long-long  -fno-stack-protector   conftest.c -lrt  -lpthread  >&5
configure:9185: $? = 0
configure:9194: result: yes
configure:9240: checking for clock_gettime
configure:9240: gcc -o conftest -Wno-long-long  -fno-stack-protector   conftest.c -lrt -lpthread  >&5
configure:9240: $? = 0
configure:9240: result: yes
configure:9240: checking for epoll_create
configure:9240: gcc -o conftest -Wno-long-long  -fno-stack-protector   conftest.c -lrt -lpthread  >&5
configure:9240: $? = 0
configure:9240: result: yes
configure:9240: checking for epoll_pwait
configure:9240: gcc -o conftest -Wno-long-long  -fno-stack-protector   conftest.c -lrt -lpthread  >&5
configure:9240: $? = 0
configure:9240: result: yes
configure:9240: checking for klogctl
configure:9240: gcc -o conftest -Wno-long-long  -fno-stack-protector   conftest.c -lrt -lpthread  >&5
configure:9240: $? = 0
configure:9240: result: yes
configure:9240: checking for mallinfo
configure:9240: gcc -o conftest -Wno-long-long  -fno-stack-protector   conftest.c -lrt -lpthread  >&5
configure:9240: $? = 0
configure:9240: result: yes
configure:9240: checking for memchr
configure:9240: gcc -o conftest -Wno-long-long  -fno-stack-protector   conftest.c -lrt -lpthread  >&5
conftest.c:87:6: warning: conflicting types for built-in function 'memchr' [enabled by default]
configure:9240: $? = 0
configure:9240: result: yes
configure:9240: checking for memset
configure:9240: gcc -o conftest -Wno-long-long  -fno-stack-protector   conftest.c -lrt -lpthread  >&5
conftest.c:88:6: warning: conflicting types for built-in function 'memset' [enabled by default]
configure:9240: $? = 0
configure:9240: result: yes
configure:9240: checking for mkdir
configure:9240: gcc -o conftest -Wno-long-long  -fno-stack-protector   conftest.c -lrt -lpthread  >&5
configure:9240: $? = 0
configure:9240: result: yes
configure:9240: checking for mremap
configure:9240: gcc -o conftest -Wno-long-long  -fno-stack-protector   conftest.c -lrt -lpthread  >&5
configure:9240: $? = 0
configure:9240: result: yes
configure:9240: checking for ppoll
configure:9240: gcc -o conftest -Wno-long-long  -fno-stack-protector   conftest.c -lrt -lpthread  >&5
configure:9240: $? = 0
configure:9240: result: yes
configure:9240: checking for pthread_barrier_init
configure:9240: gcc -o conftest -Wno-long-long  -fno-stack-protector   conftest.c -lrt -lpthread  >&5
configure:9240: $? = 0
configure:9240: result: yes
configure:9240: checking for pthread_condattr_setclock
configure:9240: gcc -o conftest -Wno-long-long  -fno-stack-protector   conftest.c -lrt -lpthread  >&5
configure:9240: $? = 0
configure:9240: result: yes
configure:9240: checking for pthread_mutex_timedlock
configure:9240: gcc -o conftest -Wno-long-long  -fno-stack-protector   conftest.c -lrt -lpthread  >&5
configure:9240: $? = 0
configure:9240: result: yes
configure:9240: checking for pthread_rwlock_timedrdlock
configure:9240: gcc -o conftest -Wno-long-long  -fno-stack-protector   conftest.c -lrt -lpthread  >&5
configure:9240: $? = 0
configure:9240: result: yes
configure:9240: checking for pthread_rwlock_timedwrlock
configure:9240: gcc -o conftest -Wno-long-long  -fno-stack-protector   conftest.c -lrt -lpthread  >&5
configure:9240: $? = 0
configure:9240: result: yes
configure:9240: checking for pthread_spin_lock
configure:9240: gcc -o conftest -Wno-long-long  -fno-stack-protector   conftest.c -lrt -lpthread  >&5
configure:9240: $? = 0
configure:9240: result: yes
configure:9240: checking for pthread_yield
configure:9240: gcc -o conftest -Wno-long-long  -fno-stack-protector   conftest.c -lrt -lpthread  >&5
configure:9240: $? = 0
configure:9240: result: yes
configure:9240: checking for readlinkat
configure:9240: gcc -o conftest -Wno-long-long  -fno-stack-protector   conftest.c -lrt -lpthread  >&5
configure:9240: $? = 0
configure:9240: result: yes
configure:9240: checking for semtimedop
configure:9240: gcc -o conftest -Wno-long-long  -fno-stack-protector   conftest.c -lrt -lpthread  >&5
configure:9240: $? = 0
configure:9240: result: yes
configure:9240: checking for signalfd
configure:9240: gcc -o conftest -Wno-long-long  -fno-stack-protector   conftest.c -lrt -lpthread  >&5
configure:9240: $? = 0
configure:9240: result: yes
configure:9240: checking for sigwaitinfo
configure:9240: gcc -o conftest -Wno-long-long  -fno-stack-protector   conftest.c -lrt -lpthread  >&5
configure:9240: $? = 0
configure:9240: result: yes
configure:9240: checking for strchr
configure:9240: gcc -o conftest -Wno-long-long  -fno-stack-protector   conftest.c -lrt -lpthread  >&5
conftest.c:103:6: warning: conflicting types for built-in function 'strchr' [enabled by default]
configure:9240: $? = 0
configure:9240: result: yes
configure:9240: checking for strdup
configure:9240: gcc -o conftest -Wno-long-long  -fno-stack-protector   conftest.c -lrt -lpthread  >&5
conftest.c:104:6: warning: conflicting types for built-in function 'strdup' [enabled by default]
configure:9240: $? = 0
configure:9240: result: yes
configure:9240: checking for strpbrk
configure:9240: gcc -o conftest -Wno-long-long  -fno-stack-protector   conftest.c -lrt -lpthread  >&5
conftest.c:105:6: warning: conflicting types for built-in function 'strpbrk' [enabled by default]
configure:9240: $? = 0
configure:9240: result: yes
configure:9240: checking for strrchr
configure:9240: gcc -o conftest -Wno-long-long  -fno-stack-protector   conftest.c -lrt -lpthread  >&5
conftest.c:106:6: warning: conflicting types for built-in function 'strrchr' [enabled by default]
configure:9240: $? = 0
configure:9240: result: yes
configure:9240: checking for strstr
configure:9240: gcc -o conftest -Wno-long-long  -fno-stack-protector   conftest.c -lrt -lpthread  >&5
conftest.c:107:6: warning: conflicting types for built-in function 'strstr' [enabled by default]
configure:9240: $? = 0
configure:9240: result: yes
configure:9240: checking for syscall
configure:9240: gcc -o conftest -Wno-long-long  -fno-stack-protector   conftest.c -lrt -lpthread  >&5
configure:9240: $? = 0
configure:9240: result: yes
configure:9240: checking for utimensat
configure:9240: gcc -o conftest -Wno-long-long  -fno-stack-protector   conftest.c -lrt -lpthread  >&5
configure:9240: $? = 0
configure:9240: result: yes
configure:9240: checking for process_vm_readv
configure:9240: gcc -o conftest -Wno-long-long  -fno-stack-protector   conftest.c -lrt -lpthread  >&5
configure:9240: $? = 0
configure:9240: result: yes
configure:9240: checking for process_vm_writev
configure:9240: gcc -o conftest -Wno-long-long  -fno-stack-protector   conftest.c -lrt -lpthread  >&5
configure:9240: $? = 0
configure:9240: result: yes
configure:9347: checking primary target for usable MPI2-compliant C compiler and mpi.h
configure:9375: mpicc -o conftest -g -O -fno-omit-frame-pointer -Wall -fpic -m64  -fpic -shared -m64 conftest.c  >&5
configure:9375: $? = 0
configure:9378: result: yes, mpicc
configure:9407: checking secondary target for usable MPI2-compliant C compiler and mpi.h
configure:9439: mpicc -o conftest -g -O -fno-omit-frame-pointer -Wall -fpic -m32  -fpic -shared -m32 conftest.c  >&5
/usr/bin/ld: skipping incompatible /usr/lib/openmpi/lib/libmpi.so when searching for -lmpi
/usr/bin/ld: skipping incompatible /usr/lib/openmpi/lib/libmpi.a when searching for -lmpi
/usr/bin/ld: skipping incompatible /usr/lib/gcc/x86_64-linux-gnu/4.7/../../../libmpi.so when searching for -lmpi
/usr/bin/ld: skipping incompatible /usr/lib/libmpi.so when searching for -lmpi
/usr/bin/ld: cannot find -lmpi
/usr/bin/ld: skipping incompatible /usr/lib/openmpi/lib/libopen-rte.so when searching for -lopen-rte
/usr/bin/ld: skipping incompatible /usr/lib/openmpi/lib/libopen-rte.a when searching for -lopen-rte
/usr/bin/ld: skipping incompatible /usr/lib/gcc/x86_64-linux-gnu/4.7/../../../libopen-rte.so when searching for -lopen-rte
/usr/bin/ld: skipping incompatible /usr/lib/libopen-rte.so when searching for -lopen-rte
/usr/bin/ld: cannot find -lopen-rte
/usr/bin/ld: skipping incompatible /usr/lib/openmpi/lib/libopen-pal.so when searching for -lopen-pal
/usr/bin/ld: skipping incompatible /usr/lib/openmpi/lib/libopen-pal.a when searching for -lopen-pal
/usr/bin/ld: skipping incompatible /usr/lib/gcc/x86_64-linux-gnu/4.7/../../../libopen-pal.so when searching for -lopen-pal
/usr/bin/ld: skipping incompatible /usr/lib/libopen-pal.so when searching for -lopen-pal
/usr/bin/ld: cannot find -lopen-pal
collect2: error: ld returned 1 exit status
configure:9439: $? = 1
configure: failed program was:
| /* confdefs.h */
| #define PACKAGE_NAME "Valgrind"
| #define PACKAGE_TARNAME "valgrind"
| #define PACKAGE_VERSION "3.9.0.SVN"
| #define PACKAGE_STRING "Valgrind 3.9.0.SVN"
| #define PACKAGE_BUGREPORT "valgrind-users@lists.sourceforge.net"
| #define PACKAGE_URL ""
| #define PACKAGE "valgrind"
| #define VERSION "3.9.0.SVN"
| #define GDB_PATH "/usr/bin/gdb"
| #define KERNEL_2_6 1
| #define MIPS_PAGE_SHIFT 12
| #define SHM_ALIGNMENT 2*(1UL << MIPS_PAGE_SHIFT)
| #define VG_TMPDIR "/tmp"
| #define STDC_HEADERS 1
| #define HAVE_SYS_TYPES_H 1
| #define HAVE_SYS_STAT_H 1
| #define HAVE_STDLIB_H 1
| #define HAVE_STRING_H 1
| #define HAVE_MEMORY_H 1
| #define HAVE_STRINGS_H 1
| #define HAVE_INTTYPES_H 1
| #define HAVE_STDINT_H 1
| #define HAVE_UNISTD_H 1
| #define GLIBC_2_15 1
| #define HAVE_CLOCK_MONOTONIC 1
| #define HAVE_PTHREAD_RWLOCK_T 1
| #define HAVE_PTHREAD_MUTEX_ADAPTIVE_NP 1
| #define HAVE_PTHREAD_MUTEX_ERRORCHECK_NP 1
| #define HAVE_PTHREAD_MUTEX_RECURSIVE_NP 1
| #define HAVE_PTHREAD_RECURSIVE_MUTEX_INITIALIZER_NP 1
| #define HAVE_PTHREAD_MUTEX_T__DATA__KIND 1
| #define HAVE_EVENTFD 1
| #define HAVE_EVENTFD_READ 1
| #define HAVE_TLS 1
| #define STDC_HEADERS 1
| #define HAVE_ASM_UNISTD_H 1
| #define HAVE_ENDIAN_H 1
| #define HAVE_MQUEUE_H 1
| #define HAVE_SYS_EPOLL_H 1
| #define HAVE_SYS_EVENTFD_H 1
| #define HAVE_SYS_KLOG_H 1
| #define HAVE_SYS_POLL_H 1
| #define HAVE_SYS_SIGNAL_H 1
| #define HAVE_SYS_SIGNALFD_H 1
| #define HAVE_SYS_SYSCALL_H 1
| #define HAVE_SYS_TIME_H 1
| #define HAVE_SYS_TYPES_H 1
| #define HAVE_USABLE_LINUX_FUTEX_H 1
| #define TIME_WITH_SYS_TIME 1
| #define HAVE_STDLIB_H 1
| #define HAVE_UNISTD_H 1
| #define HAVE_SYS_PARAM_H 1
| #define HAVE_GETPAGESIZE 1
| #define HAVE_MMAP 1
| #define HAVE_LIBPTHREAD 1
| #define HAVE_LIBRT 1
| #define HAVE_CLOCK_GETTIME 1
| #define HAVE_EPOLL_CREATE 1
| #define HAVE_EPOLL_PWAIT 1
| #define HAVE_KLOGCTL 1
| #define HAVE_MALLINFO 1
| #define HAVE_MEMCHR 1
| #define HAVE_MEMSET 1
| #define HAVE_MKDIR 1
| #define HAVE_MREMAP 1
| #define HAVE_PPOLL 1
| #define HAVE_PTHREAD_BARRIER_INIT 1
| #define HAVE_PTHREAD_CONDATTR_SETCLOCK 1
| #define HAVE_PTHREAD_MUTEX_TIMEDLOCK 1
| #define HAVE_PTHREAD_RWLOCK_TIMEDRDLOCK 1
| #define HAVE_PTHREAD_RWLOCK_TIMEDWRLOCK 1
| #define HAVE_PTHREAD_SPIN_LOCK 1
| #define HAVE_PTHREAD_YIELD 1
| #define HAVE_READLINKAT 1
| #define HAVE_SEMTIMEDOP 1
| #define HAVE_SIGNALFD 1
| #define HAVE_SIGWAITINFO 1
| #define HAVE_STRCHR 1
| #define HAVE_STRDUP 1
| #define HAVE_STRPBRK 1
| #define HAVE_STRRCHR 1
| #define HAVE_STRSTR 1
| #define HAVE_SYSCALL 1
| #define HAVE_UTIMENSAT 1
| #define HAVE_PROCESS_VM_READV 1
| #define HAVE_PROCESS_VM_WRITEV 1
| /* end confdefs.h.  */
| 
| #include <mpi.h>
| #include <stdio.h>
| 
| int
| main ()
| {
| 
|   int ni, na, nd, comb;
|   int r = MPI_Init(NULL,NULL);
|   r |= MPI_Type_get_envelope( MPI_INT, &ni, &na, &nd, &comb );
|   r |= MPI_Finalize();
|   return r;
| 
|   ;
|   return 0;
| }
configure:9448: result: no
configure:9489: checking for boost
configure:9517: g++ -o conftest -m64   conftest.cpp -lboost_thread-mt  >&5
conftest.cpp:90:28: fatal error: boost/thread.hpp: No such file or directory
compilation terminated.
configure:9517: $? = 1
configure: failed program was:
| /* confdefs.h */
| #define PACKAGE_NAME "Valgrind"
| #define PACKAGE_TARNAME "valgrind"
| #define PACKAGE_VERSION "3.9.0.SVN"
| #define PACKAGE_STRING "Valgrind 3.9.0.SVN"
| #define PACKAGE_BUGREPORT "valgrind-users@lists.sourceforge.net"
| #define PACKAGE_URL ""
| #define PACKAGE "valgrind"
| #define VERSION "3.9.0.SVN"
| #define GDB_PATH "/usr/bin/gdb"
| #define KERNEL_2_6 1
| #define MIPS_PAGE_SHIFT 12
| #define SHM_ALIGNMENT 2*(1UL << MIPS_PAGE_SHIFT)
| #define VG_TMPDIR "/tmp"
| #define STDC_HEADERS 1
| #define HAVE_SYS_TYPES_H 1
| #define HAVE_SYS_STAT_H 1
| #define HAVE_STDLIB_H 1
| #define HAVE_STRING_H 1
| #define HAVE_MEMORY_H 1
| #define HAVE_STRINGS_H 1
| #define HAVE_INTTYPES_H 1
| #define HAVE_STDINT_H 1
| #define HAVE_UNISTD_H 1
| #define GLIBC_2_15 1
| #define HAVE_CLOCK_MONOTONIC 1
| #define HAVE_PTHREAD_RWLOCK_T 1
| #define HAVE_PTHREAD_MUTEX_ADAPTIVE_NP 1
| #define HAVE_PTHREAD_MUTEX_ERRORCHECK_NP 1
| #define HAVE_PTHREAD_MUTEX_RECURSIVE_NP 1
| #define HAVE_PTHREAD_RECURSIVE_MUTEX_INITIALIZER_NP 1
| #define HAVE_PTHREAD_MUTEX_T__DATA__KIND 1
| #define HAVE_EVENTFD 1
| #define HAVE_EVENTFD_READ 1
| #define HAVE_TLS 1
| #define STDC_HEADERS 1
| #define HAVE_ASM_UNISTD_H 1
| #define HAVE_ENDIAN_H 1
| #define HAVE_MQUEUE_H 1
| #define HAVE_SYS_EPOLL_H 1
| #define HAVE_SYS_EVENTFD_H 1
| #define HAVE_SYS_KLOG_H 1
| #define HAVE_SYS_POLL_H 1
| #define HAVE_SYS_SIGNAL_H 1
| #define HAVE_SYS_SIGNALFD_H 1
| #define HAVE_SYS_SYSCALL_H 1
| #define HAVE_SYS_TIME_H 1
| #define HAVE_SYS_TYPES_H 1
| #define HAVE_USABLE_LINUX_FUTEX_H 1
| #define TIME_WITH_SYS_TIME 1
| #define HAVE_STDLIB_H 1
| #define HAVE_UNISTD_H 1
| #define HAVE_SYS_PARAM_H 1
| #define HAVE_GETPAGESIZE 1
| #define HAVE_MMAP 1
| #define HAVE_LIBPTHREAD 1
| #define HAVE_LIBRT 1
| #define HAVE_CLOCK_GETTIME 1
| #define HAVE_EPOLL_CREATE 1
| #define HAVE_EPOLL_PWAIT 1
| #define HAVE_KLOGCTL 1
| #define HAVE_MALLINFO 1
| #define HAVE_MEMCHR 1
| #define HAVE_MEMSET 1
| #define HAVE_MKDIR 1
| #define HAVE_MREMAP 1
| #define HAVE_PPOLL 1
| #define HAVE_PTHREAD_BARRIER_INIT 1
| #define HAVE_PTHREAD_CONDATTR_SETCLOCK 1
| #define HAVE_PTHREAD_MUTEX_TIMEDLOCK 1
| #define HAVE_PTHREAD_RWLOCK_TIMEDRDLOCK 1
| #define HAVE_PTHREAD_RWLOCK_TIMEDWRLOCK 1
| #define HAVE_PTHREAD_SPIN_LOCK 1
| #define HAVE_PTHREAD_YIELD 1
| #define HAVE_READLINKAT 1
| #define HAVE_SEMTIMEDOP 1
| #define HAVE_SIGNALFD 1
| #define HAVE_SIGWAITINFO 1
| #define HAVE_STRCHR 1
| #define HAVE_STRDUP 1
| #define HAVE_STRPBRK 1
| #define HAVE_STRRCHR 1
| #define HAVE_STRSTR 1
| #define HAVE_SYSCALL 1
| #define HAVE_UTIMENSAT 1
| #define HAVE_PROCESS_VM_READV 1
| #define HAVE_PROCESS_VM_WRITEV 1
| /* end confdefs.h.  */
| 
| #include <boost/thread.hpp>
| static void thread_func(void)
| { }
| int main(int argc, char** argv)
| {
|   boost::thread t(thread_func);
|   return 0;
| }
| 
configure:9529: result: no
configure:9558: checking for OpenMP
configure:9575: gcc -o conftest -fopenmp -m64   conftest.c  >&5
configure:9575: $? = 0
configure:9578: result: yes
configure:9604: checking if gcc supports __sync_add_and_fetch for the primary target
configure:9625: gcc -o conftest -m64   conftest.c  >&5
configure:9625: $? = 0
configure:9628: result: yes
configure:9661: checking if gcc supports __sync_add_and_fetch for the secondary target
configure:9681: gcc -o conftest -m32   conftest.c  >&5
configure:9681: $? = 0
configure:9684: result: yes
configure:9713: checking if gcc supports __sync_add_and_fetch on uint64_t for all targets
configure:9732: gcc -o conftest -Wno-long-long  -fno-stack-protector   conftest.c  >&5
configure:9732: $? = 0
configure:9765: gcc -o conftest -m32   conftest.c  >&5
configure:9765: $? = 0
configure:9784: result: yes
configure:9804: checking if g++ supports __sync_add_and_fetch
configure:9831: g++ -o conftest -m64   conftest.cpp  >&5
configure:9831: $? = 0
configure:9834: result: yes
configure:9897: checking if libstdc++ supports annotating shared pointers
configure:9924: g++ -o conftest -std=c++0x   conftest.cpp  >&5
configure:9924: $? = 0
configure:9956: g++ -o conftest -std=c++0x   conftest.cpp  >&5
In file included from /usr/include/c++/4.7/bits/shared_ptr.h:52:0,
                 from /usr/include/c++/4.7/memory:87,
                 from conftest.cpp:94:
/usr/include/c++/4.7/bits/shared_ptr_base.h: In member function 'void std::_Sp_counted_base<_Lp>::_M_release()':
/usr/include/c++/4.7/bits/shared_ptr_base.h:143:9: error: lvalue required as decrement operand
/usr/include/c++/4.7/bits/shared_ptr_base.h:146:13: error: lvalue required as decrement operand
/usr/include/c++/4.7/bits/shared_ptr_base.h:159:13: error: lvalue required as decrement operand
/usr/include/c++/4.7/bits/shared_ptr_base.h:163:17: error: lvalue required as decrement operand
/usr/include/c++/4.7/bits/shared_ptr_base.h: In member function 'void std::_Sp_counted_base<_Lp>::_M_weak_release()':
/usr/include/c++/4.7/bits/shared_ptr_base.h:177:9: error: lvalue required as decrement operand
/usr/include/c++/4.7/bits/shared_ptr_base.h:180:13: error: lvalue required as decrement operand
configure:9956: $? = 1
configure: failed program was:
| /* confdefs.h */
| #define PACKAGE_NAME "Valgrind"
| #define PACKAGE_TARNAME "valgrind"
| #define PACKAGE_VERSION "3.9.0.SVN"
| #define PACKAGE_STRING "Valgrind 3.9.0.SVN"
| #define PACKAGE_BUGREPORT "valgrind-users@lists.sourceforge.net"
| #define PACKAGE_URL ""
| #define PACKAGE "valgrind"
| #define VERSION "3.9.0.SVN"
| #define GDB_PATH "/usr/bin/gdb"
| #define KERNEL_2_6 1
| #define MIPS_PAGE_SHIFT 12
| #define SHM_ALIGNMENT 2*(1UL << MIPS_PAGE_SHIFT)
| #define VG_TMPDIR "/tmp"
| #define STDC_HEADERS 1
| #define HAVE_SYS_TYPES_H 1
| #define HAVE_SYS_STAT_H 1
| #define HAVE_STDLIB_H 1
| #define HAVE_STRING_H 1
| #define HAVE_MEMORY_H 1
| #define HAVE_STRINGS_H 1
| #define HAVE_INTTYPES_H 1
| #define HAVE_STDINT_H 1
| #define HAVE_UNISTD_H 1
| #define GLIBC_2_15 1
| #define HAVE_CLOCK_MONOTONIC 1
| #define HAVE_PTHREAD_RWLOCK_T 1
| #define HAVE_PTHREAD_MUTEX_ADAPTIVE_NP 1
| #define HAVE_PTHREAD_MUTEX_ERRORCHECK_NP 1
| #define HAVE_PTHREAD_MUTEX_RECURSIVE_NP 1
| #define HAVE_PTHREAD_RECURSIVE_MUTEX_INITIALIZER_NP 1
| #define HAVE_PTHREAD_MUTEX_T__DATA__KIND 1
| #define HAVE_EVENTFD 1
| #define HAVE_EVENTFD_READ 1
| #define HAVE_TLS 1
| #define STDC_HEADERS 1
| #define HAVE_ASM_UNISTD_H 1
| #define HAVE_ENDIAN_H 1
| #define HAVE_MQUEUE_H 1
| #define HAVE_SYS_EPOLL_H 1
| #define HAVE_SYS_EVENTFD_H 1
| #define HAVE_SYS_KLOG_H 1
| #define HAVE_SYS_POLL_H 1
| #define HAVE_SYS_SIGNAL_H 1
| #define HAVE_SYS_SIGNALFD_H 1
| #define HAVE_SYS_SYSCALL_H 1
| #define HAVE_SYS_TIME_H 1
| #define HAVE_SYS_TYPES_H 1
| #define HAVE_USABLE_LINUX_FUTEX_H 1
| #define TIME_WITH_SYS_TIME 1
| #define HAVE_STDLIB_H 1
| #define HAVE_UNISTD_H 1
| #define HAVE_SYS_PARAM_H 1
| #define HAVE_GETPAGESIZE 1
| #define HAVE_MMAP 1
| #define HAVE_LIBPTHREAD 1
| #define HAVE_LIBRT 1
| #define HAVE_CLOCK_GETTIME 1
| #define HAVE_EPOLL_CREATE 1
| #define HAVE_EPOLL_PWAIT 1
| #define HAVE_KLOGCTL 1
| #define HAVE_MALLINFO 1
| #define HAVE_MEMCHR 1
| #define HAVE_MEMSET 1
| #define HAVE_MKDIR 1
| #define HAVE_MREMAP 1
| #define HAVE_PPOLL 1
| #define HAVE_PTHREAD_BARRIER_INIT 1
| #define HAVE_PTHREAD_CONDATTR_SETCLOCK 1
| #define HAVE_PTHREAD_MUTEX_TIMEDLOCK 1
| #define HAVE_PTHREAD_RWLOCK_TIMEDRDLOCK 1
| #define HAVE_PTHREAD_RWLOCK_TIMEDWRLOCK 1
| #define HAVE_PTHREAD_SPIN_LOCK 1
| #define HAVE_PTHREAD_YIELD 1
| #define HAVE_READLINKAT 1
| #define HAVE_SEMTIMEDOP 1
| #define HAVE_SIGNALFD 1
| #define HAVE_SIGWAITINFO 1
| #define HAVE_STRCHR 1
| #define HAVE_STRDUP 1
| #define HAVE_STRPBRK 1
| #define HAVE_STRRCHR 1
| #define HAVE_STRSTR 1
| #define HAVE_SYSCALL 1
| #define HAVE_UTIMENSAT 1
| #define HAVE_PROCESS_VM_READV 1
| #define HAVE_PROCESS_VM_WRITEV 1
| #define HAVE_BUILTIN_ATOMIC 1
| #define HAVE_BUILTIN_ATOMIC_CXX 1
| /* end confdefs.h.  */
| 
|     #define _GLIBCXX_SYNCHRONIZATION_HAPPENS_BEFORE(a) (a)----
|     #define _GLIBCXX_SYNCHRONIZATION_HAPPENS_AFTER(a) (a)----
|     #include <memory>
| 
| int
| main ()
| {
| 
|     std::shared_ptr<int> p
| 
|   ;
|   return 0;
| }
configure:9965: result: yes
configure:10355: creating ./config.status

## ---------------------- ##
## Running config.status. ##
## ---------------------- ##

This file was extended by Valgrind config.status 3.9.0.SVN, which was
generated by GNU Autoconf 2.69.  Invocation command line was

  CONFIG_FILES    = 
  CONFIG_HEADERS  = 
  CONFIG_LINKS    = 
  CONFIG_COMMANDS = 
  $ ./config.status 

on macbook

config.status:1151: creating Makefile
config.status:1151: creating VEX/Makefile
config.status:1151: creating valgrind.spec
config.status:1151: creating valgrind.pc
config.status:1151: creating glibc-2.X.supp
config.status:1151: creating docs/Makefile
config.status:1151: creating tests/Makefile
config.status:1151: creating tests/vg_regtest
config.status:1151: creating perf/Makefile
config.status:1151: creating perf/vg_perf
config.status:1151: creating gdbserver_tests/Makefile
config.status:1151: creating include/Makefile
config.status:1151: creating auxprogs/Makefile
config.status:1151: creating mpi/Makefile
config.status:1151: creating coregrind/Makefile
config.status:1151: creating memcheck/Makefile
config.status:1151: creating memcheck/tests/Makefile
config.status:1151: creating memcheck/tests/amd64/Makefile
config.status:1151: creating memcheck/tests/x86/Makefile
config.status:1151: creating memcheck/tests/linux/Makefile
config.status:1151: creating memcheck/tests/darwin/Makefile
config.status:1151: creating memcheck/tests/amd64-linux/Makefile
config.status:1151: creating memcheck/tests/x86-linux/Makefile
config.status:1151: creating memcheck/tests/ppc32/Makefile
config.status:1151: creating memcheck/tests/ppc64/Makefile
config.status:1151: creating memcheck/tests/s390x/Makefile
config.status:1151: creating memcheck/tests/vbit-test/Makefile
config.status:1151: creating cachegrind/Makefile
config.status:1151: creating cachegrind/tests/Makefile
config.status:1151: creating cachegrind/tests/x86/Makefile
config.status:1151: creating cachegrind/cg_annotate
config.status:1151: creating cachegrind/cg_diff
config.status:1151: creating callgrind/Makefile
config.status:1151: creating callgrind/callgrind_annotate
config.status:1151: creating callgrind/callgrind_control
config.status:1151: creating callgrind/tests/Makefile
config.status:1151: creating helgrind/Makefile
config.status:1151: creating helgrind/tests/Makefile
config.status:1151: creating massif/Makefile
config.status:1151: creating massif/tests/Makefile
config.status:1151: creating massif/ms_print
config.status:1151: creating lackey/Makefile
config.status:1151: creating lackey/tests/Makefile
config.status:1151: creating none/Makefile
config.status:1151: creating none/tests/Makefile
config.status:1151: creating none/tests/amd64/Makefile
config.status:1151: creating none/tests/ppc32/Makefile
config.status:1151: creating none/tests/ppc64/Makefile
config.status:1151: creating none/tests/x86/Makefile
config.status:1151: creating none/tests/arm/Makefile
config.status:1151: creating none/tests/s390x/Makefile
config.status:1151: creating none/tests/mips32/Makefile
config.status:1151: creating none/tests/linux/Makefile
config.status:1151: creating none/tests/darwin/Makefile
config.status:1151: creating none/tests/x86-linux/Makefile
config.status:1151: creating exp-sgcheck/Makefile
config.status:1151: creating exp-sgcheck/tests/Makefile
config.status:1151: creating drd/Makefile
config.status:1151: creating drd/scripts/download-and-build-splash2
config.status:1151: creating drd/tests/Makefile
config.status:1151: creating exp-bbv/Makefile
config.status:1151: creating exp-bbv/tests/Makefile
config.status:1151: creating exp-bbv/tests/x86/Makefile
config.status:1151: creating exp-bbv/tests/x86-linux/Makefile
config.status:1151: creating exp-bbv/tests/amd64-linux/Makefile
config.status:1151: creating exp-bbv/tests/ppc32-linux/Makefile
config.status:1151: creating exp-bbv/tests/arm-linux/Makefile
config.status:1151: creating exp-dhat/Makefile
config.status:1151: creating exp-dhat/tests/Makefile
config.status:1151: creating aprof/Makefile
config.status:1151: creating aprof/tests/Makefile
config.status:1151: creating coregrind/link_tool_exe_linux
config.status:1151: creating coregrind/link_tool_exe_darwin
config.status:1151: creating config.h
config.status:1332: config.h is unchanged
config.status:1380: executing depfiles commands

## ---------------- ##
## Cache variables. ##
## ---------------- ##

ac_cv_build=x86_64-unknown-linux-gnu
ac_cv_c_compiler_gnu=yes
ac_cv_cxx_compiler_gnu=yes
ac_cv_env_AR_set=
ac_cv_env_AR_value=
ac_cv_env_CCASFLAGS_set=
ac_cv_env_CCASFLAGS_value=
ac_cv_env_CCAS_set=
ac_cv_env_CCAS_value=
ac_cv_env_CCC_set=
ac_cv_env_CCC_value=
ac_cv_env_CC_set=
ac_cv_env_CC_value=
ac_cv_env_CFLAGS_set=
ac_cv_env_CFLAGS_value=
ac_cv_env_CPPFLAGS_set=
ac_cv_env_CPPFLAGS_value=
ac_cv_env_CPP_set=
ac_cv_env_CPP_value=
ac_cv_env_CXXFLAGS_set=
ac_cv_env_CXXFLAGS_value=
ac_cv_env_CXX_set=
ac_cv_env_CXX_value=
ac_cv_env_LDFLAGS_set=
ac_cv_env_LDFLAGS_value=
ac_cv_env_LIBS_set=
ac_cv_env_LIBS_value=
ac_cv_env_build_alias_set=
ac_cv_env_build_alias_value=
ac_cv_env_host_alias_set=
ac_cv_env_host_alias_value=
ac_cv_env_target_alias_set=
ac_cv_env_target_alias_value=
ac_cv_func_clock_gettime=yes
ac_cv_func_epoll_create=yes
ac_cv_func_epoll_pwait=yes
ac_cv_func_getpagesize=yes
ac_cv_func_klogctl=yes
ac_cv_func_mallinfo=yes
ac_cv_func_memchr=yes
ac_cv_func_memcmp_working=yes
ac_cv_func_memset=yes
ac_cv_func_mkdir=yes
ac_cv_func_mmap_fixed_mapped=yes
ac_cv_func_mremap=yes
ac_cv_func_ppoll=yes
ac_cv_func_process_vm_readv=yes
ac_cv_func_process_vm_writev=yes
ac_cv_func_pthread_barrier_init=yes
ac_cv_func_pthread_condattr_setclock=yes
ac_cv_func_pthread_mutex_timedlock=yes
ac_cv_func_pthread_rwlock_timedrdlock=yes
ac_cv_func_pthread_rwlock_timedwrlock=yes
ac_cv_func_pthread_spin_lock=yes
ac_cv_func_pthread_yield=yes
ac_cv_func_readlinkat=yes
ac_cv_func_semtimedop=yes
ac_cv_func_signalfd=yes
ac_cv_func_sigwaitinfo=yes
ac_cv_func_strchr=yes
ac_cv_func_strdup=yes
ac_cv_func_strpbrk=yes
ac_cv_func_strrchr=yes
ac_cv_func_strstr=yes
ac_cv_func_syscall=yes
ac_cv_func_utimensat=yes
ac_cv_header_asm_unistd_h=yes
ac_cv_header_endian_h=yes
ac_cv_header_features_h=yes
ac_cv_header_inttypes_h=yes
ac_cv_header_memory_h=yes
ac_cv_header_mqueue_h=yes
ac_cv_header_stdc=yes
ac_cv_header_stdint_h=yes
ac_cv_header_stdlib_h=yes
ac_cv_header_string_h=yes
ac_cv_header_strings_h=yes
ac_cv_header_sys_endian_h=no
ac_cv_header_sys_epoll_h=yes
ac_cv_header_sys_eventfd_h=yes
ac_cv_header_sys_klog_h=yes
ac_cv_header_sys_param_h=yes
ac_cv_header_sys_poll_h=yes
ac_cv_header_sys_signal_h=yes
ac_cv_header_sys_signalfd_h=yes
ac_cv_header_sys_stat_h=yes
ac_cv_header_sys_syscall_h=yes
ac_cv_header_sys_time_h=yes
ac_cv_header_sys_types_h=yes
ac_cv_header_time=yes
ac_cv_header_unistd_h=yes
ac_cv_host=x86_64-unknown-linux-gnu
ac_cv_lib_pthread_pthread_create=yes
ac_cv_lib_rt_clock_gettime=yes
ac_cv_member_pthread_mutex_t___data___kind=yes
ac_cv_member_pthread_mutex_t___m_kind=no
ac_cv_objext=o
ac_cv_path_AR=/usr/bin/ar
ac_cv_path_EGREP='/bin/grep -E'
ac_cv_path_GDB=/usr/bin/gdb
ac_cv_path_GREP=/bin/grep
ac_cv_path_PERL=/usr/bin/perl
ac_cv_path_SED=/bin/sed
ac_cv_path_install='/usr/bin/install -c'
ac_cv_path_mkdir=/bin/mkdir
ac_cv_prog_AWK=gawk
ac_cv_prog_CPP='gcc -E'
ac_cv_prog_ac_ct_CC=gcc
ac_cv_prog_ac_ct_CXX=g++
ac_cv_prog_ac_ct_RANLIB=ranlib
ac_cv_prog_cc_c89=
ac_cv_prog_cc_g=yes
ac_cv_prog_cc_gcc_c_o=yes
ac_cv_prog_cxx_g=yes
ac_cv_prog_make_make_set=yes
ac_cv_type_off_t=yes
ac_cv_type_size_t=yes
ac_cv_type_uid_t=yes
am_cv_CCAS_dependencies_compiler_type=gcc3
am_cv_CC_dependencies_compiler_type=gcc3
am_cv_CXX_dependencies_compiler_type=gcc3
vg_cv_inner=no
vg_cv_linktime_tls=yes
vg_cv_only32bit=no
vg_cv_only64bit=no
vg_cv_tls=yes

## ----------------- ##
## Output variables. ##
## ----------------- ##

ACLOCAL='${SHELL} /home/ercoppa/Desktop/code/development/valgrind/missing --run aclocal-1.11'
AMDEPBACKSLASH='\'
AMDEP_FALSE='#'
AMDEP_TRUE=''
AMTAR='$${TAR-tar}'
AR='/usr/bin/ar'
AUTOCONF='${SHELL} /home/ercoppa/Desktop/code/development/valgrind/missing --run autoconf'
AUTOHEADER='${SHELL} /home/ercoppa/Desktop/code/development/valgrind/missing --run autoheader'
AUTOMAKE='${SHELL} /home/ercoppa/Desktop/code/development/valgrind/missing --run automake-1.11'
AWK='gawk'
BOOST_CFLAGS=''
BOOST_LIBS=''
BUILD_AVX_TESTS_FALSE='#'
BUILD_AVX_TESTS_TRUE=''
BUILD_DFP_TESTS_FALSE='#'
BUILD_DFP_TESTS_TRUE=''
BUILD_IFUNC_TESTS_FALSE='#'
BUILD_IFUNC_TESTS_TRUE=''
BUILD_LZCNT_TESTS_FALSE='#'
BUILD_LZCNT_TESTS_TRUE=''
BUILD_MOVBE_TESTS_FALSE='#'
BUILD_MOVBE_TESTS_TRUE=''
BUILD_MPIWRAP_PRI_FALSE='#'
BUILD_MPIWRAP_PRI_TRUE=''
BUILD_MPIWRAP_SEC_FALSE=''
BUILD_MPIWRAP_SEC_TRUE='#'
BUILD_PCLMULQDQ_TESTS_FALSE='#'
BUILD_PCLMULQDQ_TESTS_TRUE=''
BUILD_SSE3_TESTS_FALSE='#'
BUILD_SSE3_TESTS_TRUE=''
BUILD_SSE42_TESTS_FALSE='#'
BUILD_SSE42_TESTS_TRUE=''
BUILD_SSSE3_TESTS_FALSE='#'
BUILD_SSSE3_TESTS_TRUE=''
BUILD_VPCLMULQDQ_TESTS_FALSE='#'
BUILD_VPCLMULQDQ_TESTS_TRUE=''
CC='gcc'
CCAS='gcc'
CCASDEPMODE='depmode=gcc3'
CCASFLAGS='-Wno-long-long '
CCDEPMODE='depmode=gcc3'
CFLAGS='-Wno-long-long  -fno-stack-protector'
CFLAGS_MPI='-g -O -fno-omit-frame-pointer -Wall -fpic'
CPP='gcc -E'
CPPFLAGS=''
CXX='g++'
CXXDEPMODE='depmode=gcc3'
CXXFLAGS='-Wno-long-long  -fno-stack-protector'
CYGPATH_W='echo'
DEFAULT_SUPP='exp-sgcheck.supp xfree-3.supp xfree-4.supp glibc-2.X-drd.supp glibc-2.34567-NPTL-helgrind.supp glibc-2.X.supp '
DEFS='-DHAVE_CONFIG_H'
DEPDIR='.deps'
DIFF='diff -u'
DWARF4_FALSE='#'
DWARF4_TRUE=''
ECHO_C=''
ECHO_N='-n'
ECHO_T=''
EGREP='/bin/grep -E'
ENABLE_LINUX_TICKET_LOCK_PRIMARY_FALSE='#'
ENABLE_LINUX_TICKET_LOCK_PRIMARY_TRUE=''
ENABLE_LINUX_TICKET_LOCK_SECONDARY_FALSE='#'
ENABLE_LINUX_TICKET_LOCK_SECONDARY_TRUE=''
EXEEXT=''
FLAG_FNO_STACK_PROTECTOR='-fno-stack-protector'
FLAG_M32='-m32'
FLAG_M64='-m64'
FLAG_MMMX='-mmmx'
FLAG_MSSE='-msse'
FLAG_NO_BUILD_ID='-Wl,--build-id=none'
FLAG_UNLIMITED_INLINE_UNIT_GROWTH='--param inline-unit-growth=900'
FLAG_W_EXTRA='-Wextra'
FLAG_W_NO_EMPTY_BODY='-Wno-empty-body'
FLAG_W_NO_FORMAT_ZERO_LENGTH='-Wno-format-zero-length'
FLAG_W_NO_NONNULL='-Wno-nonnull'
FLAG_W_NO_OVERFLOW='-Wno-overflow'
FLAG_W_NO_UNINITIALIZED='-Wno-uninitialized'
GDB='/usr/bin/gdb'
GLIBC_VERSION='2.15'
GREP='/bin/grep'
HAS_ALTIVEC_FALSE=''
HAS_ALTIVEC_TRUE='#'
HAS_DFP_FALSE=''
HAS_DFP_TRUE='#'
HAS_POINTER_SIGN_WARNING_FALSE='#'
HAS_POINTER_SIGN_WARNING_TRUE=''
HAS_VSX_FALSE=''
HAS_VSX_TRUE='#'
HAVE_BOOST_1_35_FALSE=''
HAVE_BOOST_1_35_TRUE='#'
HAVE_BUILTIN_ATOMIC64_FALSE='#'
HAVE_BUILTIN_ATOMIC64_TRUE=''
HAVE_BUILTIN_ATOMIC_CXX_FALSE='#'
HAVE_BUILTIN_ATOMIC_CXX_TRUE=''
HAVE_BUILTIN_ATOMIC_FALSE='#'
HAVE_BUILTIN_ATOMIC_SECONDARY_FALSE='#'
HAVE_BUILTIN_ATOMIC_SECONDARY_TRUE=''
HAVE_BUILTIN_ATOMIC_TRUE=''
HAVE_OPENMP_FALSE='#'
HAVE_OPENMP_TRUE=''
HAVE_PTHREAD_BARRIER_FALSE='#'
HAVE_PTHREAD_BARRIER_TRUE=''
HAVE_PTHREAD_CREATE_GLIBC_2_0_FALSE=''
HAVE_PTHREAD_CREATE_GLIBC_2_0_TRUE='#'
HAVE_PTHREAD_MUTEX_TIMEDLOCK_FALSE='#'
HAVE_PTHREAD_MUTEX_TIMEDLOCK_TRUE=''
HAVE_PTHREAD_SPINLOCK_FALSE='#'
HAVE_PTHREAD_SPINLOCK_TRUE=''
HAVE_SHARED_POINTER_ANNOTATION_FALSE='#'
HAVE_SHARED_POINTER_ANNOTATION_TRUE=''
INSTALL_DATA='${INSTALL} -m 644'
INSTALL_PROGRAM='${INSTALL}'
INSTALL_SCRIPT='${INSTALL}'
INSTALL_STRIP_PROGRAM='$(install_sh) -c -s'
LDFLAGS=''
LDFLAGS_MPI='-fpic -shared'
LIBOBJS=''
LIBS=''
LN_S='ln -s'
LTLIBOBJS=''
MAINT='#'
MAINTAINER_MODE_FALSE=''
MAINTAINER_MODE_TRUE='#'
MAKEINFO='${SHELL} /home/ercoppa/Desktop/code/development/valgrind/missing --run makeinfo'
MKDIR_P='/bin/mkdir -p'
MPI_CC='mpicc'
OBJEXT='o'
PACKAGE='valgrind'
PACKAGE_BUGREPORT='valgrind-users@lists.sourceforge.net'
PACKAGE_NAME='Valgrind'
PACKAGE_STRING='Valgrind 3.9.0.SVN'
PACKAGE_TARNAME='valgrind'
PACKAGE_URL=''
PACKAGE_VERSION='3.9.0.SVN'
PATH_SEPARATOR=':'
PERL='/usr/bin/perl'
PREFERRED_STACK_BOUNDARY=''
RANLIB='ranlib'
SED='/bin/sed'
SET_MAKE=''
SHELL='/bin/bash'
STRIP=''
VALT_LOAD_ADDRESS_PRI='0x38000000'
VALT_LOAD_ADDRESS_SEC='0x38000000'
VERSION='3.9.0.SVN'
VGCONF_ARCHS_INCLUDE_AMD64_FALSE='#'
VGCONF_ARCHS_INCLUDE_AMD64_TRUE=''
VGCONF_ARCHS_INCLUDE_ARM_FALSE=''
VGCONF_ARCHS_INCLUDE_ARM_TRUE='#'
VGCONF_ARCHS_INCLUDE_MIPS32_FALSE=''
VGCONF_ARCHS_INCLUDE_MIPS32_TRUE='#'
VGCONF_ARCHS_INCLUDE_PPC32_FALSE=''
VGCONF_ARCHS_INCLUDE_PPC32_TRUE='#'
VGCONF_ARCHS_INCLUDE_PPC64_FALSE=''
VGCONF_ARCHS_INCLUDE_PPC64_TRUE='#'
VGCONF_ARCHS_INCLUDE_S390X_FALSE=''
VGCONF_ARCHS_INCLUDE_S390X_TRUE='#'
VGCONF_ARCHS_INCLUDE_X86_FALSE='#'
VGCONF_ARCHS_INCLUDE_X86_TRUE=''
VGCONF_ARCH_PRI='amd64'
VGCONF_ARCH_SEC='x86'
VGCONF_HAVE_PLATFORM_SEC_FALSE='#'
VGCONF_HAVE_PLATFORM_SEC_TRUE=''
VGCONF_OS='linux'
VGCONF_OS_IS_DARWIN_FALSE=''
VGCONF_OS_IS_DARWIN_TRUE='#'
VGCONF_OS_IS_LINUX_FALSE='#'
VGCONF_OS_IS_LINUX_TRUE=''
VGCONF_PLATFORMS_INCLUDE_AMD64_DARWIN_FALSE=''
VGCONF_PLATFORMS_INCLUDE_AMD64_DARWIN_TRUE='#'
VGCONF_PLATFORMS_INCLUDE_AMD64_LINUX_FALSE='#'
VGCONF_PLATFORMS_INCLUDE_AMD64_LINUX_TRUE=''
VGCONF_PLATFORMS_INCLUDE_ARM_LINUX_FALSE=''
VGCONF_PLATFORMS_INCLUDE_ARM_LINUX_TRUE='#'
VGCONF_PLATFORMS_INCLUDE_MIPS32_LINUX_FALSE=''
VGCONF_PLATFORMS_INCLUDE_MIPS32_LINUX_TRUE='#'
VGCONF_PLATFORMS_INCLUDE_PPC32_LINUX_FALSE=''
VGCONF_PLATFORMS_INCLUDE_PPC32_LINUX_TRUE='#'
VGCONF_PLATFORMS_INCLUDE_PPC64_LINUX_FALSE=''
VGCONF_PLATFORMS_INCLUDE_PPC64_LINUX_TRUE='#'
VGCONF_PLATFORMS_INCLUDE_S390X_LINUX_FALSE=''
VGCONF_PLATFORMS_INCLUDE_S390X_LINUX_TRUE='#'
VGCONF_PLATFORMS_INCLUDE_X86_DARWIN_FALSE=''
VGCONF_PLATFORMS_INCLUDE_X86_DARWIN_TRUE='#'
VGCONF_PLATFORMS_INCLUDE_X86_LINUX_FALSE='#'
VGCONF_PLATFORMS_INCLUDE_X86_LINUX_TRUE=''
VGCONF_PLATFORM_PRI_CAPS='AMD64_LINUX'
VGCONF_PLATFORM_SEC_CAPS='X86_LINUX'
VGCONF_PLATVARIANT='vanilla'
VGCONF_PLATVARIANT_IS_ANDROID_FALSE=''
VGCONF_PLATVARIANT_IS_ANDROID_TRUE='#'
VGCONF_PLATVARIANT_IS_VANILLA_FALSE='#'
VGCONF_PLATVARIANT_IS_VANILLA_TRUE=''
ac_ct_CC='gcc'
ac_ct_CXX='g++'
am__EXEEXT_FALSE=''
am__EXEEXT_TRUE='#'
am__fastdepCCAS_FALSE='#'
am__fastdepCCAS_TRUE=''
am__fastdepCC_FALSE='#'
am__fastdepCC_TRUE=''
am__fastdepCXX_FALSE='#'
am__fastdepCXX_TRUE=''
am__include='include'
am__isrc=''
am__leading_dot='.'
am__nodep='_no'
am__quote=''
am__tar='$${TAR-tar} chof - "$$tardir"'
am__untar='$${TAR-tar} xf -'
bindir='${exec_prefix}/bin'
build='x86_64-unknown-linux-gnu'
build_alias=''
build_cpu='x86_64'
build_os='linux-gnu'
build_vendor='unknown'
datadir='${datarootdir}'
datarootdir='${prefix}/share'
docdir='${datarootdir}/doc/${PACKAGE_TARNAME}'
dvidir='${docdir}'
exec_prefix='${prefix}'
host='x86_64-unknown-linux-gnu'
host_alias=''
host_cpu='x86_64'
host_os='linux-gnu'
host_vendor='unknown'
htmldir='${docdir}'
includedir='${prefix}/include'
infodir='${datarootdir}/info'
install_sh='${SHELL} /home/ercoppa/Desktop/code/development/valgrind/install-sh'
libdir='${exec_prefix}/lib'
libexecdir='${exec_prefix}/libexec'
localedir='${datarootdir}/locale'
localstatedir='${prefix}/var'
mandir='${datarootdir}/man'
mkdir_p='/bin/mkdir -p'
oldincludedir='/usr/include'
pdfdir='${docdir}'
prefix='/home/ercoppa/Desktop/code/development/valgrind/inst'
program_transform_name='s,x,x,'
psdir='${docdir}'
sbindir='${exec_prefix}/sbin'
sharedstatedir='${prefix}/com'
sysconfdir='${prefix}/etc'
target_alias=''

## ----------- ##
## confdefs.h. ##
## ----------- ##

/* confdefs.h */
#define PACKAGE_NAME "Valgrind"
#define PACKAGE_TARNAME "valgrind"
#define PACKAGE_VERSION "3.9.0.SVN"
#define PACKAGE_STRING "Valgrind 3.9.0.SVN"
#define PACKAGE_BUGREPORT "valgrind-users@lists.sourceforge.net"
#define PACKAGE_URL ""
#define PACKAGE "valgrind"
#define VERSION "3.9.0.SVN"
#define GDB_PATH "/usr/bin/gdb"
#define KERNEL_2_6 1
#define MIPS_PAGE_SHIFT 12
#define SHM_ALIGNMENT 2*(1UL << MIPS_PAGE_SHIFT)
#define VG_TMPDIR "/tmp"
#define STDC_HEADERS 1
#define HAVE_SYS_TYPES_H 1
#define HAVE_SYS_STAT_H 1
#define HAVE_STDLIB_H 1
#define HAVE_STRING_H 1
#define HAVE_MEMORY_H 1
#define HAVE_STRINGS_H 1
#define HAVE_INTTYPES_H 1
#define HAVE_STDINT_H 1
#define HAVE_UNISTD_H 1
#define GLIBC_2_15 1
#define HAVE_CLOCK_MONOTONIC 1
#define HAVE_PTHREAD_RWLOCK_T 1
#define HAVE_PTHREAD_MUTEX_ADAPTIVE_NP 1
#define HAVE_PTHREAD_MUTEX_ERRORCHECK_NP 1
#define HAVE_PTHREAD_MUTEX_RECURSIVE_NP 1
#define HAVE_PTHREAD_RECURSIVE_MUTEX_INITIALIZER_NP 1
#define HAVE_PTHREAD_MUTEX_T__DATA__KIND 1
#define HAVE_EVENTFD 1
#define HAVE_EVENTFD_READ 1
#define HAVE_TLS 1
#define STDC_HEADERS 1
#define HAVE_ASM_UNISTD_H 1
#define HAVE_ENDIAN_H 1
#define HAVE_MQUEUE_H 1
#define HAVE_SYS_EPOLL_H 1
#define HAVE_SYS_EVENTFD_H 1
#define HAVE_SYS_KLOG_H 1
#define HAVE_SYS_POLL_H 1
#define HAVE_SYS_SIGNAL_H 1
#define HAVE_SYS_SIGNALFD_H 1
#define HAVE_SYS_SYSCALL_H 1
#define HAVE_SYS_TIME_H 1
#define HAVE_SYS_TYPES_H 1
#define HAVE_USABLE_LINUX_FUTEX_H 1
#define TIME_WITH_SYS_TIME 1
#define HAVE_STDLIB_H 1
#define HAVE_UNISTD_H 1
#define HAVE_SYS_PARAM_H 1
#define HAVE_GETPAGESIZE 1
#define HAVE_MMAP 1
#define HAVE_LIBPTHREAD 1
#define HAVE_LIBRT 1
#define HAVE_CLOCK_GETTIME 1
#define HAVE_EPOLL_CREATE 1
#define HAVE_EPOLL_PWAIT 1
#define HAVE_KLOGCTL 1
#define HAVE_MALLINFO 1
#define HAVE_MEMCHR 1
#define HAVE_MEMSET 1
#define HAVE_MKDIR 1
#define HAVE_MREMAP 1
#define HAVE_PPOLL 1
#define HAVE_PTHREAD_BARRIER_INIT 1
#define HAVE_PTHREAD_CONDATTR_SETCLOCK 1
#define HAVE_PTHREAD_MUTEX_TIMEDLOCK 1
#define HAVE_PTHREAD_RWLOCK_TIMEDRDLOCK 1
#define HAVE_PTHREAD_RWLOCK_TIMEDWRLOCK 1
#define HAVE_PTHREAD_SPIN_LOCK 1
#define HAVE_PTHREAD_YIELD 1
#define HAVE_READLINKAT 1
#define HAVE_SEMTIMEDOP 1
#define HAVE_SIGNALFD 1
#define HAVE_SIGWAITINFO 1
#define HAVE_STRCHR 1
#define HAVE_STRDUP 1
#define HAVE_STRPBRK 1
#define HAVE_STRRCHR 1
#define HAVE_STRSTR 1
#define HAVE_SYSCALL 1
#define HAVE_UTIMENSAT 1
#define HAVE_PROCESS_VM_READV 1
#define HAVE_PROCESS_VM_WRITEV 1
#define HAVE_BUILTIN_ATOMIC 1
#define HAVE_BUILTIN_ATOMIC_CXX 1
#define HAVE_SHARED_POINTER_ANNOTATION 1

configure: exit 0
