This file contains any messages produced by compilers while
running configure, to aid debugging if configure makes a mistake.

It was created by Valgrind configure 3.9.0.SVN, which was
generated by GNU Autoconf 2.69.  Invocation command line was

  $ ./configure --prefix=/home/ercoppa/Desktop/code/aprof-dev-rvms/valgrind/inst

## --------- ##
## Platform. ##
## --------- ##

hostname = macbook
uname -m = x86_64
uname -r = 3.8.0-19-generic
uname -s = Linux
uname -v = #30-Ubuntu SMP Wed May 1 16:35:23 UTC 2013

/usr/bin/uname -p = unknown
/bin/uname -X     = unknown

/bin/arch              = unknown
/usr/bin/arch -k       = unknown
/usr/convex/getsysinfo = unknown
/usr/bin/hostinfo      = unknown
/bin/machine           = unknown
/usr/bin/oslevel       = unknown
/bin/universe          = unknown

PATH: /usr/lib/lightdm/lightdm
PATH: /usr/local/sbin
PATH: /usr/local/bin
PATH: /usr/sbin
PATH: /usr/bin
PATH: /sbin
PATH: /bin
PATH: /usr/games
PATH: /usr/local/games


## ----------- ##
## Core tests. ##
## ----------- ##

configure:2594: checking for a BSD-compatible install
configure:2662: result: /usr/bin/install -c
configure:2673: checking whether build environment is sane
configure:2723: result: yes
configure:2864: checking for a thread-safe mkdir -p
configure:2903: result: /bin/mkdir -p
configure:2916: checking for gawk
configure:2946: result: no
configure:2916: checking for mawk
configure:2932: found /usr/bin/mawk
configure:2943: result: mawk
configure:2954: checking whether make sets $(MAKE)
configure:2976: result: yes
configure:3058: checking whether to enable maintainer-specific portions of Makefiles
configure:3067: result: no
configure:3086: checking whether ln -s works
configure:3090: result: yes
configure:3145: checking for gcc
configure:3161: found /usr/bin/gcc
configure:3172: result: gcc
configure:3401: checking for C compiler version
configure:3410: gcc --version >&5
gcc (Ubuntu/Linaro 4.7.3-1ubuntu1) 4.7.3
Copyright (C) 2012 Free Software Foundation, Inc.
This is free software; see the source for copying conditions.  There is NO
warranty; not even for MERCHANTABILITY or FITNESS FOR A PARTICULAR PURPOSE.

configure:3421: $? = 0
configure:3410: gcc -v >&5
Using built-in specs.
COLLECT_GCC=gcc
COLLECT_LTO_WRAPPER=/usr/lib/gcc/x86_64-linux-gnu/4.7/lto-wrapper
Target: x86_64-linux-gnu
Configured with: ../src/configure -v --with-pkgversion='Ubuntu/Linaro 4.7.3-1ubuntu1' --with-bugurl=file:///usr/share/doc/gcc-4.7/README.Bugs --enable-languages=c,c++,go,fortran,objc,obj-c++ --prefix=/usr --program-suffix=-4.7 --enable-shared --enable-linker-build-id --libexecdir=/usr/lib --without-included-gettext --enable-threads=posix --with-gxx-include-dir=/usr/include/c++/4.7 --libdir=/usr/lib --enable-nls --with-sysroot=/ --enable-clocale=gnu --enable-libstdcxx-debug --enable-libstdcxx-time=yes --enable-gnu-unique-object --enable-plugin --with-system-zlib --enable-objc-gc --with-cloog --enable-cloog-backend=ppl --disable-cloog-version-check --disable-ppl-version-check --enable-multiarch --disable-werror --with-arch-32=i686 --with-abi=m64 --with-multilib-list=m32,m64,mx32 --with-tune=generic --enable-checking=release --build=x86_64-linux-gnu --host=x86_64-linux-gnu --target=x86_64-linux-gnu
Thread model: posix
gcc version 4.7.3 (Ubuntu/Linaro 4.7.3-1ubuntu1) 
configure:3421: $? = 0
configure:3410: gcc -V >&5
gcc: error: unrecognized command line option '-V'
gcc: fatal error: no input files
compilation terminated.
configure:3421: $? = 4
configure:3410: gcc -qversion >&5
gcc: error: unrecognized command line option '-qversion'
gcc: fatal error: no input files
compilation terminated.
configure:3421: $? = 4
configure:3441: checking whether the C compiler works
configure:3463: gcc -Wno-long-long    conftest.c  >&5
configure:3467: $? = 0
configure:3515: result: yes
configure:3518: checking for C compiler default output file name
configure:3520: result: a.out
configure:3526: checking for suffix of executables
configure:3533: gcc -o conftest -Wno-long-long    conftest.c  >&5
configure:3537: $? = 0
configure:3559: result: 
configure:3581: checking whether we are cross compiling
configure:3589: gcc -o conftest -Wno-long-long    conftest.c  >&5
configure:3593: $? = 0
configure:3600: ./conftest
configure:3604: $? = 0
configure:3619: result: no
configure:3624: checking for suffix of object files
configure:3646: gcc -c -Wno-long-long   conftest.c >&5
configure:3650: $? = 0
configure:3671: result: o
configure:3675: checking whether we are using the GNU C compiler
configure:3694: gcc -c -Wno-long-long   conftest.c >&5
configure:3694: $? = 0
configure:3703: result: yes
configure:3712: checking whether gcc accepts -g
configure:3732: gcc -c -g  conftest.c >&5
configure:3732: $? = 0
configure:3773: result: yes
configure:3790: checking for gcc option to accept ISO C89
configure:3853: gcc  -c -Wno-long-long   conftest.c >&5
configure:3853: $? = 0
configure:3866: result: none needed
configure:3897: checking for style of include used by make
configure:3925: result: GNU
configure:3951: checking dependency style of gcc
configure:4062: result: gcc3
configure:4078: checking whether gcc and cc understand -c and -o together
configure:4109: gcc -c conftest.c -o conftest2.o >&5
configure:4113: $? = 0
configure:4119: gcc -c conftest.c -o conftest2.o >&5
configure:4123: $? = 0
configure:4134: cc -c conftest.c >&5
configure:4138: $? = 0
configure:4146: cc -c conftest.c -o conftest2.o >&5
configure:4150: $? = 0
configure:4156: cc -c conftest.c -o conftest2.o >&5
configure:4160: $? = 0
configure:4178: result: yes
configure:4208: checking how to run the C preprocessor
configure:4239: gcc -E  conftest.c
configure:4239: $? = 0
configure:4253: gcc -E  conftest.c
conftest.c:11:28: fatal error: ac_nonexistent.h: No such file or directory
compilation terminated.
configure:4253: $? = 1
configure: failed program was:
| /* confdefs.h */
| #define PACKAGE_NAME "Valgrind"
| #define PACKAGE_TARNAME "valgrind"
| #define PACKAGE_VERSION "3.9.0.SVN"
| #define PACKAGE_STRING "Valgrind 3.9.0.SVN"
| #define PACKAGE_BUGREPORT "valgrind-users@lists.sourceforge.net"
| #define PACKAGE_URL ""
| #define PACKAGE "valgrind"
| #define VERSION "3.9.0.SVN"
| /* end confdefs.h.  */
| #include <ac_nonexistent.h>
configure:4278: result: gcc -E
configure:4298: gcc -E  conftest.c
configure:4298: $? = 0
configure:4312: gcc -E  conftest.c
conftest.c:11:28: fatal error: ac_nonexistent.h: No such file or directory
compilation terminated.
configure:4312: $? = 1
configure: failed program was:
| /* confdefs.h */
| #define PACKAGE_NAME "Valgrind"
| #define PACKAGE_TARNAME "valgrind"
| #define PACKAGE_VERSION "3.9.0.SVN"
| #define PACKAGE_STRING "Valgrind 3.9.0.SVN"
| #define PACKAGE_BUGREPORT "valgrind-users@lists.sourceforge.net"
| #define PACKAGE_URL ""
| #define PACKAGE "valgrind"
| #define VERSION "3.9.0.SVN"
| /* end confdefs.h.  */
| #include <ac_nonexistent.h>
configure:4398: checking for g++
configure:4414: found /usr/bin/g++
configure:4425: result: g++
configure:4452: checking for C++ compiler version
configure:4461: g++ --version >&5
g++ (Ubuntu/Linaro 4.7.3-1ubuntu1) 4.7.3
Copyright (C) 2012 Free Software Foundation, Inc.
This is free software; see the source for copying conditions.  There is NO
warranty; not even for MERCHANTABILITY or FITNESS FOR A PARTICULAR PURPOSE.

configure:4472: $? = 0
configure:4461: g++ -v >&5
Using built-in specs.
COLLECT_GCC=g++
COLLECT_LTO_WRAPPER=/usr/lib/gcc/x86_64-linux-gnu/4.7/lto-wrapper
Target: x86_64-linux-gnu
Configured with: ../src/configure -v --with-pkgversion='Ubuntu/Linaro 4.7.3-1ubuntu1' --with-bugurl=file:///usr/share/doc/gcc-4.7/README.Bugs --enable-languages=c,c++,go,fortran,objc,obj-c++ --prefix=/usr --program-suffix=-4.7 --enable-shared --enable-linker-build-id --libexecdir=/usr/lib --without-included-gettext --enable-threads=posix --with-gxx-include-dir=/usr/include/c++/4.7 --libdir=/usr/lib --enable-nls --with-sysroot=/ --enable-clocale=gnu --enable-libstdcxx-debug --enable-libstdcxx-time=yes --enable-gnu-unique-object --enable-plugin --with-system-zlib --enable-objc-gc --with-cloog --enable-cloog-backend=ppl --disable-cloog-version-check --disable-ppl-version-check --enable-multiarch --disable-werror --with-arch-32=i686 --with-abi=m64 --with-multilib-list=m32,m64,mx32 --with-tune=generic --enable-checking=release --build=x86_64-linux-gnu --host=x86_64-linux-gnu --target=x86_64-linux-gnu
Thread model: posix
gcc version 4.7.3 (Ubuntu/Linaro 4.7.3-1ubuntu1) 
configure:4472: $? = 0
configure:4461: g++ -V >&5
g++: error: unrecognized command line option '-V'
g++: fatal error: no input files
compilation terminated.
configure:4472: $? = 4
configure:4461: g++ -qversion >&5
g++: error: unrecognized command line option '-qversion'
g++: fatal error: no input files
compilation terminated.
configure:4472: $? = 4
configure:4476: checking whether we are using the GNU C++ compiler
configure:4495: g++ -c   conftest.cpp >&5
configure:4495: $? = 0
configure:4504: result: yes
configure:4513: checking whether g++ accepts -g
configure:4533: g++ -c -g  conftest.cpp >&5
configure:4533: $? = 0
configure:4574: result: yes
configure:4599: checking dependency style of g++
configure:4710: result: gcc3
configure:4781: checking for ranlib
configure:4797: found /usr/bin/ranlib
configure:4808: result: ranlib
configure:4833: checking for a sed that does not truncate output
configure:4897: result: /bin/sed
configure:4910: checking for ar
configure:4928: found /usr/bin/ar
configure:4940: result: /usr/bin/ar
configure:4963: checking for perl
configure:4981: found /usr/bin/perl
configure:4993: result: /usr/bin/perl
configure:5005: checking for gdb
configure:5023: found /usr/bin/gdb
configure:5036: result: /usr/bin/gdb
configure:5060: checking dependency style of gcc
configure:5169: result: gcc3
configure:5188: checking for diff -u
configure:5196: result: yes
configure:5208: checking for a supported version of gcc
configure:5246: result: ok (4.7)
configure:5272: checking build system type
configure:5286: result: x86_64-unknown-linux-gnu
configure:5306: checking host system type
configure:5319: result: x86_64-unknown-linux-gnu
configure:5340: checking for a supported CPU
configure:5355: result: ok (x86_64)
configure:5432: checking for a 64-bit only build
configure:5445: result: no
configure:5449: checking for a 32-bit only build
configure:5462: result: no
configure:5475: checking for a supported OS
configure:5483: result: ok (linux-gnu)
configure:5488: checking for the kernel version
configure:5495: result: 2.6.x/3.x family (3.8.0-19-generic)
configure:5616: checking for 32 bit build support
configure:5634: gcc -o conftest -m32   conftest.c  >&5
/usr/bin/ld: cannot find crt1.o: No such file or directory
/usr/bin/ld: cannot find crti.o: No such file or directory
/usr/bin/ld: skipping incompatible /usr/lib/gcc/x86_64-linux-gnu/4.7/libgcc.a when searching for -lgcc
/usr/bin/ld: cannot find -lgcc
/usr/bin/ld: skipping incompatible /usr/lib/gcc/x86_64-linux-gnu/4.7/libgcc_s.so when searching for -lgcc_s
/usr/bin/ld: cannot find -lgcc_s
/usr/bin/ld: cannot find -lc
/usr/bin/ld: skipping incompatible /usr/lib/gcc/x86_64-linux-gnu/4.7/libgcc.a when searching for -lgcc
/usr/bin/ld: cannot find -lgcc
/usr/bin/ld: skipping incompatible /usr/lib/gcc/x86_64-linux-gnu/4.7/libgcc_s.so when searching for -lgcc_s
/usr/bin/ld: cannot find -lgcc_s
/usr/bin/ld: cannot find crtn.o: No such file or directory
collect2: error: ld returned 1 exit status
configure:5634: $? = 1
configure: failed program was:
| /* confdefs.h */
| #define PACKAGE_NAME "Valgrind"
| #define PACKAGE_TARNAME "valgrind"
| #define PACKAGE_VERSION "3.9.0.SVN"
| #define PACKAGE_STRING "Valgrind 3.9.0.SVN"
| #define PACKAGE_BUGREPORT "valgrind-users@lists.sourceforge.net"
| #define PACKAGE_URL ""
| #define PACKAGE "valgrind"
| #define VERSION "3.9.0.SVN"
| #define GDB_PATH "/usr/bin/gdb"
| #define KERNEL_2_6 1
| /* end confdefs.h.  */
| 
| int
| main ()
| {
| 
|           return 0;
| 
|   ;
|   return 0;
| }
configure:5642: result: no
configure:5692: checking for a supported CPU/OS combination
configure:5742: result: ok (amd64-linux)
configure:6098: checking for use as an inner Valgrind
configure:6111: result: no
configure:6160: result: checking for Pagesize... 4k
configure:6189: checking for grep that handles long lines and -e
configure:6247: result: /bin/grep
configure:6252: checking for egrep
configure:6314: result: /bin/grep -E
configure:6319: checking for ANSI C header files
configure:6339: gcc -c -Wno-long-long   conftest.c >&5
configure:6339: $? = 0
configure:6412: gcc -o conftest -Wno-long-long    conftest.c  >&5
configure:6412: $? = 0
configure:6412: ./conftest
configure:6412: $? = 0
configure:6423: result: yes
configure:6436: checking for sys/types.h
configure:6436: gcc -c -Wno-long-long   conftest.c >&5
configure:6436: $? = 0
configure:6436: result: yes
configure:6436: checking for sys/stat.h
configure:6436: gcc -c -Wno-long-long   conftest.c >&5
configure:6436: $? = 0
configure:6436: result: yes
configure:6436: checking for stdlib.h
configure:6436: gcc -c -Wno-long-long   conftest.c >&5
configure:6436: $? = 0
configure:6436: result: yes
configure:6436: checking for string.h
configure:6436: gcc -c -Wno-long-long   conftest.c >&5
configure:6436: $? = 0
configure:6436: result: yes
configure:6436: checking for memory.h
configure:6436: gcc -c -Wno-long-long   conftest.c >&5
configure:6436: $? = 0
configure:6436: result: yes
configure:6436: checking for strings.h
configure:6436: gcc -c -Wno-long-long   conftest.c >&5
configure:6436: $? = 0
configure:6436: result: yes
configure:6436: checking for inttypes.h
configure:6436: gcc -c -Wno-long-long   conftest.c >&5
configure:6436: $? = 0
configure:6436: result: yes
configure:6436: checking for stdint.h
configure:6436: gcc -c -Wno-long-long   conftest.c >&5
configure:6436: $? = 0
configure:6436: result: yes
configure:6436: checking for unistd.h
configure:6436: gcc -c -Wno-long-long   conftest.c >&5
configure:6436: $? = 0
configure:6436: result: yes
configure:6448: checking features.h usability
configure:6448: gcc -c -Wno-long-long   conftest.c >&5
configure:6448: $? = 0
configure:6448: result: yes
configure:6448: checking features.h presence
configure:6448: gcc -E  conftest.c
configure:6448: $? = 0
configure:6448: result: yes
configure:6448: checking for features.h
configure:6448: result: yes
configure:6500: checking the GLIBC_VERSION version
configure:6658: result: 2.17 family
configure:6779: checking for AT_FDCWD
configure:6798: gcc -c -Wno-long-long   conftest.c >&5
configure:6798: $? = 0
configure:6801: result: yes
configure:6827: checking for stpncpy
configure:6848: gcc -o conftest -Wno-long-long    conftest.c  >&5
configure:6848: $? = 0
configure:6851: result: yes
configure:6875: checking for CLOCK_MONOTONIC
configure:6895: gcc -c -Wno-long-long   conftest.c >&5
configure:6895: $? = 0
configure:6897: result: yes
configure:6914: checking for pthread_rwlock_t
configure:6933: gcc -c -Wno-long-long   conftest.c >&5
configure:6933: $? = 0
configure:6935: result: yes
configure:6952: checking for PTHREAD_MUTEX_ADAPTIVE_NP
configure:6971: gcc -c -Wno-long-long   conftest.c >&5
configure:6971: $? = 0
configure:6973: result: yes
configure:6990: checking for PTHREAD_MUTEX_ERRORCHECK_NP
configure:7009: gcc -c -Wno-long-long   conftest.c >&5
configure:7009: $? = 0
configure:7011: result: yes
configure:7028: checking for PTHREAD_MUTEX_RECURSIVE_NP
configure:7047: gcc -c -Wno-long-long   conftest.c >&5
configure:7047: $? = 0
configure:7049: result: yes
configure:7066: checking for PTHREAD_RECURSIVE_MUTEX_INITIALIZER_NP
configure:7086: gcc -c -Wno-long-long   conftest.c >&5
configure:7086: $? = 0
configure:7088: result: yes
configure:7105: checking for pthread_mutex_t.__m_kind
configure:7105: gcc -c -Wno-long-long   conftest.c >&5
conftest.c: In function 'main':
conftest.c:38:12: error: 'pthread_mutex_t' has no member named '__m_kind'
configure:7105: $? = 1
configure: failed program was:
| /* confdefs.h */
| #define PACKAGE_NAME "Valgrind"
| #define PACKAGE_TARNAME "valgrind"
| #define PACKAGE_VERSION "3.9.0.SVN"
| #define PACKAGE_STRING "Valgrind 3.9.0.SVN"
| #define PACKAGE_BUGREPORT "valgrind-users@lists.sourceforge.net"
| #define PACKAGE_URL ""
| #define PACKAGE "valgrind"
| #define VERSION "3.9.0.SVN"
| #define GDB_PATH "/usr/bin/gdb"
| #define KERNEL_2_6 1
| #define MIPS_PAGE_SHIFT 12
| #define VG_TMPDIR "/tmp"
| #define STDC_HEADERS 1
| #define HAVE_SYS_TYPES_H 1
| #define HAVE_SYS_STAT_H 1
| #define HAVE_STDLIB_H 1
| #define HAVE_STRING_H 1
| #define HAVE_MEMORY_H 1
| #define HAVE_STRINGS_H 1
| #define HAVE_INTTYPES_H 1
| #define HAVE_STDINT_H 1
| #define HAVE_UNISTD_H 1
| #define GLIBC_2_17 1
| #define HAVE_CLOCK_MONOTONIC 1
| #define HAVE_PTHREAD_RWLOCK_T 1
| #define HAVE_PTHREAD_MUTEX_ADAPTIVE_NP 1
| #define HAVE_PTHREAD_MUTEX_ERRORCHECK_NP 1
| #define HAVE_PTHREAD_MUTEX_RECURSIVE_NP 1
| #define HAVE_PTHREAD_RECURSIVE_MUTEX_INITIALIZER_NP 1
| /* end confdefs.h.  */
| #include <pthread.h>
| 
| int
| main ()
| {
| static pthread_mutex_t ac_aggr;
| if (ac_aggr.__m_kind)
| return 0;
|   ;
|   return 0;
| }
configure:7105: gcc -c -Wno-long-long   conftest.c >&5
conftest.c: In function 'main':
conftest.c:38:19: error: 'pthread_mutex_t' has no member named '__m_kind'
configure:7105: $? = 1
configure: failed program was:
| /* confdefs.h */
| #define PACKAGE_NAME "Valgrind"
| #define PACKAGE_TARNAME "valgrind"
| #define PACKAGE_VERSION "3.9.0.SVN"
| #define PACKAGE_STRING "Valgrind 3.9.0.SVN"
| #define PACKAGE_BUGREPORT "valgrind-users@lists.sourceforge.net"
| #define PACKAGE_URL ""
| #define PACKAGE "valgrind"
| #define VERSION "3.9.0.SVN"
| #define GDB_PATH "/usr/bin/gdb"
| #define KERNEL_2_6 1
| #define MIPS_PAGE_SHIFT 12
| #define VG_TMPDIR "/tmp"
| #define STDC_HEADERS 1
| #define HAVE_SYS_TYPES_H 1
| #define HAVE_SYS_STAT_H 1
| #define HAVE_STDLIB_H 1
| #define HAVE_STRING_H 1
| #define HAVE_MEMORY_H 1
| #define HAVE_STRINGS_H 1
| #define HAVE_INTTYPES_H 1
| #define HAVE_STDINT_H 1
| #define HAVE_UNISTD_H 1
| #define GLIBC_2_17 1
| #define HAVE_CLOCK_MONOTONIC 1
| #define HAVE_PTHREAD_RWLOCK_T 1
| #define HAVE_PTHREAD_MUTEX_ADAPTIVE_NP 1
| #define HAVE_PTHREAD_MUTEX_ERRORCHECK_NP 1
| #define HAVE_PTHREAD_MUTEX_RECURSIVE_NP 1
| #define HAVE_PTHREAD_RECURSIVE_MUTEX_INITIALIZER_NP 1
| /* end confdefs.h.  */
| #include <pthread.h>
| 
| int
| main ()
| {
| static pthread_mutex_t ac_aggr;
| if (sizeof ac_aggr.__m_kind)
| return 0;
|   ;
|   return 0;
| }
configure:7105: result: no
configure:7118: checking for pthread_mutex_t.__data.__kind
configure:7118: gcc -c -Wno-long-long   conftest.c >&5
configure:7118: $? = 0
configure:7118: result: yes
configure:7132: checking for Altivec
configure:7153: gcc -c -maltivec  conftest.c >&5
gcc: error: unrecognized command line option '-maltivec'
configure:7153: $? = 1
configure: failed program was:
| /* confdefs.h */
| #define PACKAGE_NAME "Valgrind"
| #define PACKAGE_TARNAME "valgrind"
| #define PACKAGE_VERSION "3.9.0.SVN"
| #define PACKAGE_STRING "Valgrind 3.9.0.SVN"
| #define PACKAGE_BUGREPORT "valgrind-users@lists.sourceforge.net"
| #define PACKAGE_URL ""
| #define PACKAGE "valgrind"
| #define VERSION "3.9.0.SVN"
| #define GDB_PATH "/usr/bin/gdb"
| #define KERNEL_2_6 1
| #define MIPS_PAGE_SHIFT 12
| #define VG_TMPDIR "/tmp"
| #define STDC_HEADERS 1
| #define HAVE_SYS_TYPES_H 1
| #define HAVE_SYS_STAT_H 1
| #define HAVE_STDLIB_H 1
| #define HAVE_STRING_H 1
| #define HAVE_MEMORY_H 1
| #define HAVE_STRINGS_H 1
| #define HAVE_INTTYPES_H 1
| #define HAVE_STDINT_H 1
| #define HAVE_UNISTD_H 1
| #define GLIBC_2_17 1
| #define HAVE_CLOCK_MONOTONIC 1
| #define HAVE_PTHREAD_RWLOCK_T 1
| #define HAVE_PTHREAD_MUTEX_ADAPTIVE_NP 1
| #define HAVE_PTHREAD_MUTEX_ERRORCHECK_NP 1
| #define HAVE_PTHREAD_MUTEX_RECURSIVE_NP 1
| #define HAVE_PTHREAD_RECURSIVE_MUTEX_INITIALIZER_NP 1
| #define HAVE_PTHREAD_MUTEX_T__DATA__KIND 1
| /* end confdefs.h.  */
| 
| #include <altivec.h>
| 
| int
| main ()
| {
| 
|   vector unsigned int v;
| 
|   ;
|   return 0;
| }
configure:7165: result: no
configure:7190: checking for VSX
configure:7212: gcc -c -mvsx  conftest.c >&5
gcc: error: unrecognized command line option '-mvsx'
configure:7212: $? = 1
configure: failed program was:
| /* confdefs.h */
| #define PACKAGE_NAME "Valgrind"
| #define PACKAGE_TARNAME "valgrind"
| #define PACKAGE_VERSION "3.9.0.SVN"
| #define PACKAGE_STRING "Valgrind 3.9.0.SVN"
| #define PACKAGE_BUGREPORT "valgrind-users@lists.sourceforge.net"
| #define PACKAGE_URL ""
| #define PACKAGE "valgrind"
| #define VERSION "3.9.0.SVN"
| #define GDB_PATH "/usr/bin/gdb"
| #define KERNEL_2_6 1
| #define MIPS_PAGE_SHIFT 12
| #define VG_TMPDIR "/tmp"
| #define STDC_HEADERS 1
| #define HAVE_SYS_TYPES_H 1
| #define HAVE_SYS_STAT_H 1
| #define HAVE_STDLIB_H 1
| #define HAVE_STRING_H 1
| #define HAVE_MEMORY_H 1
| #define HAVE_STRINGS_H 1
| #define HAVE_INTTYPES_H 1
| #define HAVE_STDINT_H 1
| #define HAVE_UNISTD_H 1
| #define GLIBC_2_17 1
| #define HAVE_CLOCK_MONOTONIC 1
| #define HAVE_PTHREAD_RWLOCK_T 1
| #define HAVE_PTHREAD_MUTEX_ADAPTIVE_NP 1
| #define HAVE_PTHREAD_MUTEX_ERRORCHECK_NP 1
| #define HAVE_PTHREAD_MUTEX_RECURSIVE_NP 1
| #define HAVE_PTHREAD_RECURSIVE_MUTEX_INITIALIZER_NP 1
| #define HAVE_PTHREAD_MUTEX_T__DATA__KIND 1
| /* end confdefs.h.  */
| 
| #include <altivec.h>
| 
| int
| main ()
| {
| 
|   vector unsigned int v;
|   __asm__ __volatile__("xsmaddadp 32, 32, 33" ::: "memory","cc");
| 
|   ;
|   return 0;
| }
configure:7221: result: no
configure:7238: checking that assembler knows DFP
configure:7256: gcc -c -Wno-long-long   conftest.c >&5
conftest.c: Assembler messages:
conftest.c:39: Error: no such instruction: `dadd 1,2,3'
conftest.c:40: Error: no such instruction: `dcffix 1,2'
configure:7256: $? = 1
configure: failed program was:
| /* confdefs.h */
| #define PACKAGE_NAME "Valgrind"
| #define PACKAGE_TARNAME "valgrind"
| #define PACKAGE_VERSION "3.9.0.SVN"
| #define PACKAGE_STRING "Valgrind 3.9.0.SVN"
| #define PACKAGE_BUGREPORT "valgrind-users@lists.sourceforge.net"
| #define PACKAGE_URL ""
| #define PACKAGE "valgrind"
| #define VERSION "3.9.0.SVN"
| #define GDB_PATH "/usr/bin/gdb"
| #define KERNEL_2_6 1
| #define MIPS_PAGE_SHIFT 12
| #define VG_TMPDIR "/tmp"
| #define STDC_HEADERS 1
| #define HAVE_SYS_TYPES_H 1
| #define HAVE_SYS_STAT_H 1
| #define HAVE_STDLIB_H 1
| #define HAVE_STRING_H 1
| #define HAVE_MEMORY_H 1
| #define HAVE_STRINGS_H 1
| #define HAVE_INTTYPES_H 1
| #define HAVE_STDINT_H 1
| #define HAVE_UNISTD_H 1
| #define GLIBC_2_17 1
| #define HAVE_CLOCK_MONOTONIC 1
| #define HAVE_PTHREAD_RWLOCK_T 1
| #define HAVE_PTHREAD_MUTEX_ADAPTIVE_NP 1
| #define HAVE_PTHREAD_MUTEX_ERRORCHECK_NP 1
| #define HAVE_PTHREAD_MUTEX_RECURSIVE_NP 1
| #define HAVE_PTHREAD_RECURSIVE_MUTEX_INITIALIZER_NP 1
| #define HAVE_PTHREAD_MUTEX_T__DATA__KIND 1
| /* end confdefs.h.  */
| 
| 
| int
| main ()
| {
| 
|   __asm__ __volatile__("dadd 1, 2, 3");
|   __asm__ __volatile__("dcffix 1, 2");
| 
|   ;
|   return 0;
| }
configure:7265: result: no
configure:7272: checking that compiler knows -mhard-dfp switch
configure:7291: gcc -c -mhard-dfp  conftest.c >&5
gcc: error: unrecognized command line option '-mhard-dfp'
configure:7291: $? = 1
configure: failed program was:
| /* confdefs.h */
| #define PACKAGE_NAME "Valgrind"
| #define PACKAGE_TARNAME "valgrind"
| #define PACKAGE_VERSION "3.9.0.SVN"
| #define PACKAGE_STRING "Valgrind 3.9.0.SVN"
| #define PACKAGE_BUGREPORT "valgrind-users@lists.sourceforge.net"
| #define PACKAGE_URL ""
| #define PACKAGE "valgrind"
| #define VERSION "3.9.0.SVN"
| #define GDB_PATH "/usr/bin/gdb"
| #define KERNEL_2_6 1
| #define MIPS_PAGE_SHIFT 12
| #define VG_TMPDIR "/tmp"
| #define STDC_HEADERS 1
| #define HAVE_SYS_TYPES_H 1
| #define HAVE_SYS_STAT_H 1
| #define HAVE_STDLIB_H 1
| #define HAVE_STRING_H 1
| #define HAVE_MEMORY_H 1
| #define HAVE_STRINGS_H 1
| #define HAVE_INTTYPES_H 1
| #define HAVE_STDINT_H 1
| #define HAVE_UNISTD_H 1
| #define GLIBC_2_17 1
| #define HAVE_CLOCK_MONOTONIC 1
| #define HAVE_PTHREAD_RWLOCK_T 1
| #define HAVE_PTHREAD_MUTEX_ADAPTIVE_NP 1
| #define HAVE_PTHREAD_MUTEX_ERRORCHECK_NP 1
| #define HAVE_PTHREAD_MUTEX_RECURSIVE_NP 1
| #define HAVE_PTHREAD_RECURSIVE_MUTEX_INITIALIZER_NP 1
| #define HAVE_PTHREAD_MUTEX_T__DATA__KIND 1
| /* end confdefs.h.  */
| 
| 
| int
| main ()
| {
| 
|   __asm__ __volatile__("dadd 1, 2, 3");
|   __asm__ __volatile__("dcffix 1, 2");
| 
|   ;
|   return 0;
| }
configure:7300: result: no
configure:7318: checking that compiler knows DFP datatypes
configure:7334: gcc -c -Wno-long-long   conftest.c >&5
configure:7334: $? = 0
configure:7337: result: yes
configure:7360: checking for pthread_create@GLIBC2.0()
configure:7391: gcc -o conftest -lpthread   conftest.c  >&5
/tmp/cc6H8mWU.o: In function `main':
conftest.c:(.text+0x19): undefined reference to `pthread_create@GLIBC_2.0'
collect2: error: ld returned 1 exit status
configure:7391: $? = 1
configure: failed program was:
| /* confdefs.h */
| #define PACKAGE_NAME "Valgrind"
| #define PACKAGE_TARNAME "valgrind"
| #define PACKAGE_VERSION "3.9.0.SVN"
| #define PACKAGE_STRING "Valgrind 3.9.0.SVN"
| #define PACKAGE_BUGREPORT "valgrind-users@lists.sourceforge.net"
| #define PACKAGE_URL ""
| #define PACKAGE "valgrind"
| #define VERSION "3.9.0.SVN"
| #define GDB_PATH "/usr/bin/gdb"
| #define KERNEL_2_6 1
| #define MIPS_PAGE_SHIFT 12
| #define VG_TMPDIR "/tmp"
| #define STDC_HEADERS 1
| #define HAVE_SYS_TYPES_H 1
| #define HAVE_SYS_STAT_H 1
| #define HAVE_STDLIB_H 1
| #define HAVE_STRING_H 1
| #define HAVE_MEMORY_H 1
| #define HAVE_STRINGS_H 1
| #define HAVE_INTTYPES_H 1
| #define HAVE_STDINT_H 1
| #define HAVE_UNISTD_H 1
| #define GLIBC_2_17 1
| #define HAVE_CLOCK_MONOTONIC 1
| #define HAVE_PTHREAD_RWLOCK_T 1
| #define HAVE_PTHREAD_MUTEX_ADAPTIVE_NP 1
| #define HAVE_PTHREAD_MUTEX_ERRORCHECK_NP 1
| #define HAVE_PTHREAD_MUTEX_RECURSIVE_NP 1
| #define HAVE_PTHREAD_RECURSIVE_MUTEX_INITIALIZER_NP 1
| #define HAVE_PTHREAD_MUTEX_T__DATA__KIND 1
| /* end confdefs.h.  */
| 
| extern int pthread_create_glibc_2_0(void*, const void*,
|                                     void *(*)(void*), void*);
| __asm__(".symver pthread_create_glibc_2_0, pthread_create@GLIBC_2.0");
| 
| int
| main ()
| {
| 
| #ifdef __powerpc__
| /*
|  * Apparently on PowerPC linking this program succeeds and generates an
|  * executable with the undefined symbol pthread_create@GLIBC_2.0.
|  */
| #error This test does not work properly on PowerPC.
| #else
|   pthread_create_glibc_2_0(0, 0, 0, 0);
| #endif
|   return 0;
| 
|   ;
|   return 0;
| }
configure:7403: result: no
configure:7422: checking for eventfd()
configure:7445: gcc -o conftest -Wno-long-long    conftest.c  >&5
configure:7445: $? = 0
configure:7447: result: yes
configure:7471: checking if gcc accepts -m32
configure:7490: gcc -c -m32  conftest.c >&5
configure:7490: $? = 0
configure:7493: result: yes
configure:7510: checking if gcc accepts -m64
configure:7529: gcc -c -m64  conftest.c >&5
configure:7529: $? = 0
configure:7532: result: yes
configure:7549: checking if gcc accepts -mmmx
configure:7568: gcc -c -mmmx  conftest.c >&5
configure:7568: $? = 0
configure:7571: result: yes
configure:7588: checking if gcc accepts -msse
configure:7607: gcc -c -msse  conftest.c >&5
configure:7607: $? = 0
configure:7610: result: yes
configure:7627: checking if gcc accepts -mpreferred-stack-boundary
configure:7646: gcc -c -mpreferred-stack-boundary=2  conftest.c >&5
conftest.c:1:0: error: -mpreferred-stack-boundary=2 is not between 4 and 12
configure:7646: $? = 1
configure: failed program was:
| /* confdefs.h */
| #define PACKAGE_NAME "Valgrind"
| #define PACKAGE_TARNAME "valgrind"
| #define PACKAGE_VERSION "3.9.0.SVN"
| #define PACKAGE_STRING "Valgrind 3.9.0.SVN"
| #define PACKAGE_BUGREPORT "valgrind-users@lists.sourceforge.net"
| #define PACKAGE_URL ""
| #define PACKAGE "valgrind"
| #define VERSION "3.9.0.SVN"
| #define GDB_PATH "/usr/bin/gdb"
| #define KERNEL_2_6 1
| #define MIPS_PAGE_SHIFT 12
| #define VG_TMPDIR "/tmp"
| #define STDC_HEADERS 1
| #define HAVE_SYS_TYPES_H 1
| #define HAVE_SYS_STAT_H 1
| #define HAVE_STDLIB_H 1
| #define HAVE_STRING_H 1
| #define HAVE_MEMORY_H 1
| #define HAVE_STRINGS_H 1
| #define HAVE_INTTYPES_H 1
| #define HAVE_STDINT_H 1
| #define HAVE_UNISTD_H 1
| #define GLIBC_2_17 1
| #define HAVE_CLOCK_MONOTONIC 1
| #define HAVE_PTHREAD_RWLOCK_T 1
| #define HAVE_PTHREAD_MUTEX_ADAPTIVE_NP 1
| #define HAVE_PTHREAD_MUTEX_ERRORCHECK_NP 1
| #define HAVE_PTHREAD_MUTEX_RECURSIVE_NP 1
| #define HAVE_PTHREAD_RECURSIVE_MUTEX_INITIALIZER_NP 1
| #define HAVE_PTHREAD_MUTEX_T__DATA__KIND 1
| #define HAVE_EVENTFD 1
| #define HAVE_EVENTFD_READ 1
| /* end confdefs.h.  */
| 
| int
| main ()
| {
| 
|   return 0;
| 
|   ;
|   return 0;
| }
configure:7655: result: no
configure:7666: checking if gcc accepts -Wno-pointer-sign
configure:7685: gcc -c -Wno-pointer-sign  conftest.c >&5
configure:7685: $? = 0
configure:7688: result: yes
configure:7712: checking if gcc accepts -Wwrite-strings
configure:7731: gcc -c -Wwrite-strings  conftest.c >&5
configure:7731: $? = 0
configure:7734: result: yes
configure:7762: checking if gcc accepts -Wno-empty-body
configure:7781: gcc -c -Wno-empty-body  conftest.c >&5
configure:7781: $? = 0
configure:7785: result: yes
configure:7801: checking if gcc accepts -Wno-format-zero-length
configure:7820: gcc -c -Wno-format-zero-length  conftest.c >&5
configure:7820: $? = 0
configure:7824: result: yes
configure:7840: checking if gcc accepts -Wno-nonnull
configure:7859: gcc -c -Wno-nonnull  conftest.c >&5
configure:7859: $? = 0
configure:7863: result: yes
configure:7879: checking if gcc accepts -Wno-overflow
configure:7898: gcc -c -Wno-overflow  conftest.c >&5
configure:7898: $? = 0
configure:7902: result: yes
configure:7918: checking if gcc accepts -Wno-uninitialized
configure:7937: gcc -c -Wno-uninitialized  conftest.c >&5
configure:7937: $? = 0
configure:7941: result: yes
configure:7957: checking if gcc accepts -Wextra or -W
configure:7976: gcc -c -Wextra  conftest.c >&5
configure:7976: $? = 0
configure:7980: result: -Wextra
configure:8021: checking if gcc accepts -fno-stack-protector
configure:8040: gcc -c -fno-stack-protector  conftest.c >&5
configure:8040: $? = 0
configure:8044: result: yes
configure:8067: checking if gcc accepts --param inline-unit-growth
configure:8086: gcc -c --param inline-unit-growth=900  conftest.c >&5
configure:8086: $? = 0
configure:8090: result: yes
configure:8107: checking if gcc accepts -gdwarf-4 -fdebug-types-section
configure:8126: gcc -c -gdwarf-4 -fdebug-types-section  conftest.c >&5
configure:8126: $? = 0
configure:8129: result: yes
configure:8165: checking if the linker accepts -Wl,-Ttext-segment
configure:8175: gcc -o conftest -static -nodefaultlibs -nostartfiles -Wl,-Ttext-segment=0x38000000   conftest.c  >&5
configure:8175: $? = 0
configure:8180: result: yes
configure:8243: ld -Ttext-segment used, no need to strip build-id NOTEs.
configure:8251: checking if ppc32/64 as supports mtocrf/mfocrf
configure:8268: gcc -c -Wno-long-long  -Wwrite-strings -fno-stack-protector  conftest.c >&5
conftest.c: Assembler messages:
conftest.c:40: Error: no such instruction: `mtocrf 4,0'
conftest.c:41: Error: no such instruction: `mfocrf 0,4'
configure:8268: $? = 1
configure: failed program was:
| /* confdefs.h */
| #define PACKAGE_NAME "Valgrind"
| #define PACKAGE_TARNAME "valgrind"
| #define PACKAGE_VERSION "3.9.0.SVN"
| #define PACKAGE_STRING "Valgrind 3.9.0.SVN"
| #define PACKAGE_BUGREPORT "valgrind-users@lists.sourceforge.net"
| #define PACKAGE_URL ""
| #define PACKAGE "valgrind"
| #define VERSION "3.9.0.SVN"
| #define GDB_PATH "/usr/bin/gdb"
| #define KERNEL_2_6 1
| #define MIPS_PAGE_SHIFT 12
| #define VG_TMPDIR "/tmp"
| #define STDC_HEADERS 1
| #define HAVE_SYS_TYPES_H 1
| #define HAVE_SYS_STAT_H 1
| #define HAVE_STDLIB_H 1
| #define HAVE_STRING_H 1
| #define HAVE_MEMORY_H 1
| #define HAVE_STRINGS_H 1
| #define HAVE_INTTYPES_H 1
| #define HAVE_STDINT_H 1
| #define HAVE_UNISTD_H 1
| #define GLIBC_2_17 1
| #define HAVE_CLOCK_MONOTONIC 1
| #define HAVE_PTHREAD_RWLOCK_T 1
| #define HAVE_PTHREAD_MUTEX_ADAPTIVE_NP 1
| #define HAVE_PTHREAD_MUTEX_ERRORCHECK_NP 1
| #define HAVE_PTHREAD_MUTEX_RECURSIVE_NP 1
| #define HAVE_PTHREAD_RECURSIVE_MUTEX_INITIALIZER_NP 1
| #define HAVE_PTHREAD_MUTEX_T__DATA__KIND 1
| #define HAVE_EVENTFD 1
| #define HAVE_EVENTFD_READ 1
| /* end confdefs.h.  */
| 
| int
| main ()
| {
| 
| __asm__ __volatile__("mtocrf 4,0");
| __asm__ __volatile__("mfocrf 0,4");
| 
|   ;
|   return 0;
| }
configure:8277: result: no
configure:8294: checking if x86/amd64 assembler speaks SSE3
configure:8312: gcc -c -Wno-long-long  -Wwrite-strings -fno-stack-protector  conftest.c >&5
configure:8312: $? = 0
configure:8315: result: yes
configure:8340: checking if x86/amd64 assembler speaks SSSE3
configure:8361: gcc -c -Wno-long-long  -Wwrite-strings -fno-stack-protector -msse  conftest.c >&5
configure:8361: $? = 0
configure:8364: result: yes
configure:8390: checking if x86/amd64 assembler supports 'pclmulqdq'
configure:8408: gcc -c -Wno-long-long  -Wwrite-strings -fno-stack-protector  conftest.c >&5
configure:8408: $? = 0
configure:8411: result: yes
configure:8436: checking if x86/amd64 assembler supports 'vpclmulqdq'
configure:8459: gcc -c -Wno-long-long  -Wwrite-strings -fno-stack-protector  conftest.c >&5
configure:8459: $? = 0
configure:8462: result: yes
configure:8487: checking if x86/amd64 assembler supports 'lzcnt'
configure:8505: gcc -c -Wno-long-long  -Wwrite-strings -fno-stack-protector  conftest.c >&5
configure:8505: $? = 0
configure:8508: result: yes
configure:8533: checking if x86/amd64 assembler speaks SSE4.2
configure:8556: gcc -c -Wno-long-long  -Wwrite-strings -fno-stack-protector  conftest.c >&5
configure:8556: $? = 0
configure:8559: result: yes
configure:8584: checking if x86/amd64 assembler speaks AVX
configure:8605: gcc -c -Wno-long-long  -Wwrite-strings -fno-stack-protector  conftest.c >&5
configure:8605: $? = 0
configure:8608: result: yes
configure:8633: checking if x86/amd64 assembler speaks AVX2
configure:8654: gcc -c -Wno-long-long  -Wwrite-strings -fno-stack-protector  conftest.c >&5
configure:8654: $? = 0
configure:8657: result: yes
configure:8682: checking if x86/amd64 assembler speaks BMI1 and BMI2
configure:8703: gcc -c -Wno-long-long  -Wwrite-strings -fno-stack-protector  conftest.c >&5
configure:8703: $? = 0
configure:8706: result: yes
configure:8731: checking if x86/amd64 assembler speaks FMA
configure:8754: gcc -c -Wno-long-long  -Wwrite-strings -fno-stack-protector  conftest.c >&5
configure:8754: $? = 0
configure:8757: result: yes
configure:8782: checking if x86/amd64 assembler knows the MOVBE insn
configure:8801: gcc -c -Wno-long-long  -Wwrite-strings -fno-stack-protector  conftest.c >&5
configure:8801: $? = 0
configure:8804: result: yes
configure:8829: checking if gcc supports the ifunc attribute
configure:8851: gcc -o conftest -Wno-long-long  -Wwrite-strings -fno-stack-protector   conftest.c  >&5
configure:8851: $? = 0
configure:8854: result: yes
configure:8892: gcc -o conftest -Wno-long-long  -Wwrite-strings -fno-stack-protector   conftest.c  >&5
configure:8892: $? = 0
configure:8903: checking for TLS support
configure:8926: gcc -o conftest -Wno-long-long  -Wwrite-strings -fno-stack-protector   conftest.c  >&5
configure:8926: $? = 0
configure:8926: ./conftest
configure:8926: $? = 0
configure:8938: result: yes
configure:8952: checking for ANSI C header files
configure:9056: result: yes
configure:9081: checking asm/unistd.h usability
configure:9081: gcc -c -Wno-long-long  -Wwrite-strings -fno-stack-protector  conftest.c >&5
configure:9081: $? = 0
configure:9081: result: yes
configure:9081: checking asm/unistd.h presence
configure:9081: gcc -E  conftest.c
configure:9081: $? = 0
configure:9081: result: yes
configure:9081: checking for asm/unistd.h
configure:9081: result: yes
configure:9081: checking endian.h usability
configure:9081: gcc -c -Wno-long-long  -Wwrite-strings -fno-stack-protector  conftest.c >&5
configure:9081: $? = 0
configure:9081: result: yes
configure:9081: checking endian.h presence
configure:9081: gcc -E  conftest.c
configure:9081: $? = 0
configure:9081: result: yes
configure:9081: checking for endian.h
configure:9081: result: yes
configure:9081: checking mqueue.h usability
configure:9081: gcc -c -Wno-long-long  -Wwrite-strings -fno-stack-protector  conftest.c >&5
configure:9081: $? = 0
configure:9081: result: yes
configure:9081: checking mqueue.h presence
configure:9081: gcc -E  conftest.c
configure:9081: $? = 0
configure:9081: result: yes
configure:9081: checking for mqueue.h
configure:9081: result: yes
configure:9081: checking sys/endian.h usability
configure:9081: gcc -c -Wno-long-long  -Wwrite-strings -fno-stack-protector  conftest.c >&5
conftest.c:73:24: fatal error: sys/endian.h: No such file or directory
compilation terminated.
configure:9081: $? = 1
configure: failed program was:
| /* confdefs.h */
| #define PACKAGE_NAME "Valgrind"
| #define PACKAGE_TARNAME "valgrind"
| #define PACKAGE_VERSION "3.9.0.SVN"
| #define PACKAGE_STRING "Valgrind 3.9.0.SVN"
| #define PACKAGE_BUGREPORT "valgrind-users@lists.sourceforge.net"
| #define PACKAGE_URL ""
| #define PACKAGE "valgrind"
| #define VERSION "3.9.0.SVN"
| #define GDB_PATH "/usr/bin/gdb"
| #define KERNEL_2_6 1
| #define MIPS_PAGE_SHIFT 12
| #define VG_TMPDIR "/tmp"
| #define STDC_HEADERS 1
| #define HAVE_SYS_TYPES_H 1
| #define HAVE_SYS_STAT_H 1
| #define HAVE_STDLIB_H 1
| #define HAVE_STRING_H 1
| #define HAVE_MEMORY_H 1
| #define HAVE_STRINGS_H 1
| #define HAVE_INTTYPES_H 1
| #define HAVE_STDINT_H 1
| #define HAVE_UNISTD_H 1
| #define GLIBC_2_17 1
| #define HAVE_CLOCK_MONOTONIC 1
| #define HAVE_PTHREAD_RWLOCK_T 1
| #define HAVE_PTHREAD_MUTEX_ADAPTIVE_NP 1
| #define HAVE_PTHREAD_MUTEX_ERRORCHECK_NP 1
| #define HAVE_PTHREAD_MUTEX_RECURSIVE_NP 1
| #define HAVE_PTHREAD_RECURSIVE_MUTEX_INITIALIZER_NP 1
| #define HAVE_PTHREAD_MUTEX_T__DATA__KIND 1
| #define HAVE_EVENTFD 1
| #define HAVE_EVENTFD_READ 1
| #define HAVE_TLS 1
| #define STDC_HEADERS 1
| #define HAVE_ASM_UNISTD_H 1
| #define HAVE_ENDIAN_H 1
| #define HAVE_MQUEUE_H 1
| /* end confdefs.h.  */
| #include <stdio.h>
| #ifdef HAVE_SYS_TYPES_H
| # include <sys/types.h>
| #endif
| #ifdef HAVE_SYS_STAT_H
| # include <sys/stat.h>
| #endif
| #ifdef STDC_HEADERS
| # include <stdlib.h>
| # include <stddef.h>
| #else
| # ifdef HAVE_STDLIB_H
| #  include <stdlib.h>
| # endif
| #endif
| #ifdef HAVE_STRING_H
| # if !defined STDC_HEADERS && defined HAVE_MEMORY_H
| #  include <memory.h>
| # endif
| # include <string.h>
| #endif
| #ifdef HAVE_STRINGS_H
| # include <strings.h>
| #endif
| #ifdef HAVE_INTTYPES_H
| # include <inttypes.h>
| #endif
| #ifdef HAVE_STDINT_H
| # include <stdint.h>
| #endif
| #ifdef HAVE_UNISTD_H
| # include <unistd.h>
| #endif
| #include <sys/endian.h>
configure:9081: result: no
configure:9081: checking sys/endian.h presence
configure:9081: gcc -E  conftest.c
conftest.c:40:24: fatal error: sys/endian.h: No such file or directory
compilation terminated.
configure:9081: $? = 1
configure: failed program was:
| /* confdefs.h */
| #define PACKAGE_NAME "Valgrind"
| #define PACKAGE_TARNAME "valgrind"
| #define PACKAGE_VERSION "3.9.0.SVN"
| #define PACKAGE_STRING "Valgrind 3.9.0.SVN"
| #define PACKAGE_BUGREPORT "valgrind-users@lists.sourceforge.net"
| #define PACKAGE_URL ""
| #define PACKAGE "valgrind"
| #define VERSION "3.9.0.SVN"
| #define GDB_PATH "/usr/bin/gdb"
| #define KERNEL_2_6 1
| #define MIPS_PAGE_SHIFT 12
| #define VG_TMPDIR "/tmp"
| #define STDC_HEADERS 1
| #define HAVE_SYS_TYPES_H 1
| #define HAVE_SYS_STAT_H 1
| #define HAVE_STDLIB_H 1
| #define HAVE_STRING_H 1
| #define HAVE_MEMORY_H 1
| #define HAVE_STRINGS_H 1
| #define HAVE_INTTYPES_H 1
| #define HAVE_STDINT_H 1
| #define HAVE_UNISTD_H 1
| #define GLIBC_2_17 1
| #define HAVE_CLOCK_MONOTONIC 1
| #define HAVE_PTHREAD_RWLOCK_T 1
| #define HAVE_PTHREAD_MUTEX_ADAPTIVE_NP 1
| #define HAVE_PTHREAD_MUTEX_ERRORCHECK_NP 1
| #define HAVE_PTHREAD_MUTEX_RECURSIVE_NP 1
| #define HAVE_PTHREAD_RECURSIVE_MUTEX_INITIALIZER_NP 1
| #define HAVE_PTHREAD_MUTEX_T__DATA__KIND 1
| #define HAVE_EVENTFD 1
| #define HAVE_EVENTFD_READ 1
| #define HAVE_TLS 1
| #define STDC_HEADERS 1
| #define HAVE_ASM_UNISTD_H 1
| #define HAVE_ENDIAN_H 1
| #define HAVE_MQUEUE_H 1
| /* end confdefs.h.  */
| #include <sys/endian.h>
configure:9081: result: no
configure:9081: checking for sys/endian.h
configure:9081: result: no
configure:9081: checking sys/epoll.h usability
configure:9081: gcc -c -Wno-long-long  -Wwrite-strings -fno-stack-protector  conftest.c >&5
configure:9081: $? = 0
configure:9081: result: yes
configure:9081: checking sys/epoll.h presence
configure:9081: gcc -E  conftest.c
configure:9081: $? = 0
configure:9081: result: yes
configure:9081: checking for sys/epoll.h
configure:9081: result: yes
configure:9081: checking sys/eventfd.h usability
configure:9081: gcc -c -Wno-long-long  -Wwrite-strings -fno-stack-protector  conftest.c >&5
configure:9081: $? = 0
configure:9081: result: yes
configure:9081: checking sys/eventfd.h presence
configure:9081: gcc -E  conftest.c
configure:9081: $? = 0
configure:9081: result: yes
configure:9081: checking for sys/eventfd.h
configure:9081: result: yes
configure:9081: checking sys/klog.h usability
configure:9081: gcc -c -Wno-long-long  -Wwrite-strings -fno-stack-protector  conftest.c >&5
configure:9081: $? = 0
configure:9081: result: yes
configure:9081: checking sys/klog.h presence
configure:9081: gcc -E  conftest.c
configure:9081: $? = 0
configure:9081: result: yes
configure:9081: checking for sys/klog.h
configure:9081: result: yes
configure:9081: checking sys/poll.h usability
configure:9081: gcc -c -Wno-long-long  -Wwrite-strings -fno-stack-protector  conftest.c >&5
configure:9081: $? = 0
configure:9081: result: yes
configure:9081: checking sys/poll.h presence
configure:9081: gcc -E  conftest.c
configure:9081: $? = 0
configure:9081: result: yes
configure:9081: checking for sys/poll.h
configure:9081: result: yes
configure:9081: checking sys/signal.h usability
configure:9081: gcc -c -Wno-long-long  -Wwrite-strings -fno-stack-protector  conftest.c >&5
configure:9081: $? = 0
configure:9081: result: yes
configure:9081: checking sys/signal.h presence
configure:9081: gcc -E  conftest.c
configure:9081: $? = 0
configure:9081: result: yes
configure:9081: checking for sys/signal.h
configure:9081: result: yes
configure:9081: checking sys/signalfd.h usability
configure:9081: gcc -c -Wno-long-long  -Wwrite-strings -fno-stack-protector  conftest.c >&5
configure:9081: $? = 0
configure:9081: result: yes
configure:9081: checking sys/signalfd.h presence
configure:9081: gcc -E  conftest.c
configure:9081: $? = 0
configure:9081: result: yes
configure:9081: checking for sys/signalfd.h
configure:9081: result: yes
configure:9081: checking sys/syscall.h usability
configure:9081: gcc -c -Wno-long-long  -Wwrite-strings -fno-stack-protector  conftest.c >&5
configure:9081: $? = 0
configure:9081: result: yes
configure:9081: checking sys/syscall.h presence
configure:9081: gcc -E  conftest.c
configure:9081: $? = 0
configure:9081: result: yes
configure:9081: checking for sys/syscall.h
configure:9081: result: yes
configure:9081: checking sys/time.h usability
configure:9081: gcc -c -Wno-long-long  -Wwrite-strings -fno-stack-protector  conftest.c >&5
configure:9081: $? = 0
configure:9081: result: yes
configure:9081: checking sys/time.h presence
configure:9081: gcc -E  conftest.c
configure:9081: $? = 0
configure:9081: result: yes
configure:9081: checking for sys/time.h
configure:9081: result: yes
configure:9081: checking for sys/types.h
configure:9081: result: yes
configure:9093: checking if <linux/futex.h> is usable
configure:9113: gcc -c -Wno-long-long  -Wwrite-strings -fno-stack-protector -D__user=  conftest.c >&5
configure:9113: $? = 0
configure:9119: result: yes
configure:9136: checking for uid_t in sys/types.h
configure:9155: result: yes
configure:9166: checking for off_t
configure:9166: gcc -c -Wno-long-long  -Wwrite-strings -fno-stack-protector  conftest.c >&5
configure:9166: $? = 0
configure:9166: gcc -c -Wno-long-long  -Wwrite-strings -fno-stack-protector  conftest.c >&5
conftest.c: In function 'main':
conftest.c:86:20: error: expected expression before ')' token
configure:9166: $? = 1
configure: failed program was:
| /* confdefs.h */
| #define PACKAGE_NAME "Valgrind"
| #define PACKAGE_TARNAME "valgrind"
| #define PACKAGE_VERSION "3.9.0.SVN"
| #define PACKAGE_STRING "Valgrind 3.9.0.SVN"
| #define PACKAGE_BUGREPORT "valgrind-users@lists.sourceforge.net"
| #define PACKAGE_URL ""
| #define PACKAGE "valgrind"
| #define VERSION "3.9.0.SVN"
| #define GDB_PATH "/usr/bin/gdb"
| #define KERNEL_2_6 1
| #define MIPS_PAGE_SHIFT 12
| #define VG_TMPDIR "/tmp"
| #define STDC_HEADERS 1
| #define HAVE_SYS_TYPES_H 1
| #define HAVE_SYS_STAT_H 1
| #define HAVE_STDLIB_H 1
| #define HAVE_STRING_H 1
| #define HAVE_MEMORY_H 1
| #define HAVE_STRINGS_H 1
| #define HAVE_INTTYPES_H 1
| #define HAVE_STDINT_H 1
| #define HAVE_UNISTD_H 1
| #define GLIBC_2_17 1
| #define HAVE_CLOCK_MONOTONIC 1
| #define HAVE_PTHREAD_RWLOCK_T 1
| #define HAVE_PTHREAD_MUTEX_ADAPTIVE_NP 1
| #define HAVE_PTHREAD_MUTEX_ERRORCHECK_NP 1
| #define HAVE_PTHREAD_MUTEX_RECURSIVE_NP 1
| #define HAVE_PTHREAD_RECURSIVE_MUTEX_INITIALIZER_NP 1
| #define HAVE_PTHREAD_MUTEX_T__DATA__KIND 1
| #define HAVE_EVENTFD 1
| #define HAVE_EVENTFD_READ 1
| #define HAVE_TLS 1
| #define STDC_HEADERS 1
| #define HAVE_ASM_UNISTD_H 1
| #define HAVE_ENDIAN_H 1
| #define HAVE_MQUEUE_H 1
| #define HAVE_SYS_EPOLL_H 1
| #define HAVE_SYS_EVENTFD_H 1
| #define HAVE_SYS_KLOG_H 1
| #define HAVE_SYS_POLL_H 1
| #define HAVE_SYS_SIGNAL_H 1
| #define HAVE_SYS_SIGNALFD_H 1
| #define HAVE_SYS_SYSCALL_H 1
| #define HAVE_SYS_TIME_H 1
| #define HAVE_SYS_TYPES_H 1
| #define HAVE_USABLE_LINUX_FUTEX_H 1
| /* end confdefs.h.  */
| #include <stdio.h>
| #ifdef HAVE_SYS_TYPES_H
| # include <sys/types.h>
| #endif
| #ifdef HAVE_SYS_STAT_H
| # include <sys/stat.h>
| #endif
| #ifdef STDC_HEADERS
| # include <stdlib.h>
| # include <stddef.h>
| #else
| # ifdef HAVE_STDLIB_H
| #  include <stdlib.h>
| # endif
| #endif
| #ifdef HAVE_STRING_H
| # if !defined STDC_HEADERS && defined HAVE_MEMORY_H
| #  include <memory.h>
| # endif
| # include <string.h>
| #endif
| #ifdef HAVE_STRINGS_H
| # include <strings.h>
| #endif
| #ifdef HAVE_INTTYPES_H
| # include <inttypes.h>
| #endif
| #ifdef HAVE_STDINT_H
| # include <stdint.h>
| #endif
| #ifdef HAVE_UNISTD_H
| # include <unistd.h>
| #endif
| int
| main ()
| {
| if (sizeof ((off_t)))
| 	    return 0;
|   ;
|   return 0;
| }
configure:9166: result: yes
configure:9177: checking for size_t
configure:9177: gcc -c -Wno-long-long  -Wwrite-strings -fno-stack-protector  conftest.c >&5
configure:9177: $? = 0
configure:9177: gcc -c -Wno-long-long  -Wwrite-strings -fno-stack-protector  conftest.c >&5
conftest.c: In function 'main':
conftest.c:86:21: error: expected expression before ')' token
configure:9177: $? = 1
configure: failed program was:
| /* confdefs.h */
| #define PACKAGE_NAME "Valgrind"
| #define PACKAGE_TARNAME "valgrind"
| #define PACKAGE_VERSION "3.9.0.SVN"
| #define PACKAGE_STRING "Valgrind 3.9.0.SVN"
| #define PACKAGE_BUGREPORT "valgrind-users@lists.sourceforge.net"
| #define PACKAGE_URL ""
| #define PACKAGE "valgrind"
| #define VERSION "3.9.0.SVN"
| #define GDB_PATH "/usr/bin/gdb"
| #define KERNEL_2_6 1
| #define MIPS_PAGE_SHIFT 12
| #define VG_TMPDIR "/tmp"
| #define STDC_HEADERS 1
| #define HAVE_SYS_TYPES_H 1
| #define HAVE_SYS_STAT_H 1
| #define HAVE_STDLIB_H 1
| #define HAVE_STRING_H 1
| #define HAVE_MEMORY_H 1
| #define HAVE_STRINGS_H 1
| #define HAVE_INTTYPES_H 1
| #define HAVE_STDINT_H 1
| #define HAVE_UNISTD_H 1
| #define GLIBC_2_17 1
| #define HAVE_CLOCK_MONOTONIC 1
| #define HAVE_PTHREAD_RWLOCK_T 1
| #define HAVE_PTHREAD_MUTEX_ADAPTIVE_NP 1
| #define HAVE_PTHREAD_MUTEX_ERRORCHECK_NP 1
| #define HAVE_PTHREAD_MUTEX_RECURSIVE_NP 1
| #define HAVE_PTHREAD_RECURSIVE_MUTEX_INITIALIZER_NP 1
| #define HAVE_PTHREAD_MUTEX_T__DATA__KIND 1
| #define HAVE_EVENTFD 1
| #define HAVE_EVENTFD_READ 1
| #define HAVE_TLS 1
| #define STDC_HEADERS 1
| #define HAVE_ASM_UNISTD_H 1
| #define HAVE_ENDIAN_H 1
| #define HAVE_MQUEUE_H 1
| #define HAVE_SYS_EPOLL_H 1
| #define HAVE_SYS_EVENTFD_H 1
| #define HAVE_SYS_KLOG_H 1
| #define HAVE_SYS_POLL_H 1
| #define HAVE_SYS_SIGNAL_H 1
| #define HAVE_SYS_SIGNALFD_H 1
| #define HAVE_SYS_SYSCALL_H 1
| #define HAVE_SYS_TIME_H 1
| #define HAVE_SYS_TYPES_H 1
| #define HAVE_USABLE_LINUX_FUTEX_H 1
| /* end confdefs.h.  */
| #include <stdio.h>
| #ifdef HAVE_SYS_TYPES_H
| # include <sys/types.h>
| #endif
| #ifdef HAVE_SYS_STAT_H
| # include <sys/stat.h>
| #endif
| #ifdef STDC_HEADERS
| # include <stdlib.h>
| # include <stddef.h>
| #else
| # ifdef HAVE_STDLIB_H
| #  include <stdlib.h>
| # endif
| #endif
| #ifdef HAVE_STRING_H
| # if !defined STDC_HEADERS && defined HAVE_MEMORY_H
| #  include <memory.h>
| # endif
| # include <string.h>
| #endif
| #ifdef HAVE_STRINGS_H
| # include <strings.h>
| #endif
| #ifdef HAVE_INTTYPES_H
| # include <inttypes.h>
| #endif
| #ifdef HAVE_STDINT_H
| # include <stdint.h>
| #endif
| #ifdef HAVE_UNISTD_H
| # include <unistd.h>
| #endif
| int
| main ()
| {
| if (sizeof ((size_t)))
| 	    return 0;
|   ;
|   return 0;
| }
configure:9177: result: yes
configure:9188: checking whether time.h and sys/time.h may both be included
configure:9208: gcc -c -Wno-long-long  -Wwrite-strings -fno-stack-protector  conftest.c >&5
configure:9208: $? = 0
configure:9215: result: yes
configure:9228: checking for working memcmp
configure:9271: gcc -o conftest -Wno-long-long  -Wwrite-strings -fno-stack-protector   conftest.c  >&5
configure:9271: $? = 0
configure:9271: ./conftest
configure:9271: $? = 0
configure:9281: result: yes
configure:9296: checking for stdlib.h
configure:9296: result: yes
configure:9296: checking for unistd.h
configure:9296: result: yes
configure:9296: checking for sys/param.h
configure:9296: gcc -c -Wno-long-long  -Wwrite-strings -fno-stack-protector  conftest.c >&5
configure:9296: $? = 0
configure:9296: result: yes
configure:9316: checking for getpagesize
configure:9316: gcc -o conftest -Wno-long-long  -Wwrite-strings -fno-stack-protector   conftest.c  >&5
configure:9316: $? = 0
configure:9316: result: yes
configure:9325: checking for working mmap
configure:9472: gcc -o conftest -Wno-long-long  -Wwrite-strings -fno-stack-protector   conftest.c  >&5
configure:9472: $? = 0
configure:9472: ./conftest
configure:9472: $? = 0
configure:9482: result: yes
configure:9492: checking for pthread_create in -lpthread
configure:9517: gcc -o conftest -Wno-long-long  -Wwrite-strings -fno-stack-protector   conftest.c -lpthread   >&5
configure:9517: $? = 0
configure:9526: result: yes
configure:9537: checking for clock_gettime in -lrt
configure:9562: gcc -o conftest -Wno-long-long  -Wwrite-strings -fno-stack-protector   conftest.c -lrt  -lpthread  >&5
configure:9562: $? = 0
configure:9571: result: yes
configure:9617: checking for clock_gettime
configure:9617: gcc -o conftest -Wno-long-long  -Wwrite-strings -fno-stack-protector   conftest.c -lrt -lpthread  >&5
configure:9617: $? = 0
configure:9617: result: yes
configure:9617: checking for epoll_create
configure:9617: gcc -o conftest -Wno-long-long  -Wwrite-strings -fno-stack-protector   conftest.c -lrt -lpthread  >&5
configure:9617: $? = 0
configure:9617: result: yes
configure:9617: checking for epoll_pwait
configure:9617: gcc -o conftest -Wno-long-long  -Wwrite-strings -fno-stack-protector   conftest.c -lrt -lpthread  >&5
configure:9617: $? = 0
configure:9617: result: yes
configure:9617: checking for klogctl
configure:9617: gcc -o conftest -Wno-long-long  -Wwrite-strings -fno-stack-protector   conftest.c -lrt -lpthread  >&5
configure:9617: $? = 0
configure:9617: result: yes
configure:9617: checking for mallinfo
configure:9617: gcc -o conftest -Wno-long-long  -Wwrite-strings -fno-stack-protector   conftest.c -lrt -lpthread  >&5
configure:9617: $? = 0
configure:9617: result: yes
configure:9617: checking for memchr
configure:9617: gcc -o conftest -Wno-long-long  -Wwrite-strings -fno-stack-protector   conftest.c -lrt -lpthread  >&5
conftest.c:86:6: warning: conflicting types for built-in function 'memchr' [enabled by default]
configure:9617: $? = 0
configure:9617: result: yes
configure:9617: checking for memset
configure:9617: gcc -o conftest -Wno-long-long  -Wwrite-strings -fno-stack-protector   conftest.c -lrt -lpthread  >&5
conftest.c:87:6: warning: conflicting types for built-in function 'memset' [enabled by default]
configure:9617: $? = 0
configure:9617: result: yes
configure:9617: checking for mkdir
configure:9617: gcc -o conftest -Wno-long-long  -Wwrite-strings -fno-stack-protector   conftest.c -lrt -lpthread  >&5
configure:9617: $? = 0
configure:9617: result: yes
configure:9617: checking for mremap
configure:9617: gcc -o conftest -Wno-long-long  -Wwrite-strings -fno-stack-protector   conftest.c -lrt -lpthread  >&5
configure:9617: $? = 0
configure:9617: result: yes
configure:9617: checking for ppoll
configure:9617: gcc -o conftest -Wno-long-long  -Wwrite-strings -fno-stack-protector   conftest.c -lrt -lpthread  >&5
configure:9617: $? = 0
configure:9617: result: yes
configure:9617: checking for pthread_barrier_init
configure:9617: gcc -o conftest -Wno-long-long  -Wwrite-strings -fno-stack-protector   conftest.c -lrt -lpthread  >&5
configure:9617: $? = 0
configure:9617: result: yes
configure:9617: checking for pthread_condattr_setclock
configure:9617: gcc -o conftest -Wno-long-long  -Wwrite-strings -fno-stack-protector   conftest.c -lrt -lpthread  >&5
configure:9617: $? = 0
configure:9617: result: yes
configure:9617: checking for pthread_mutex_timedlock
configure:9617: gcc -o conftest -Wno-long-long  -Wwrite-strings -fno-stack-protector   conftest.c -lrt -lpthread  >&5
configure:9617: $? = 0
configure:9617: result: yes
configure:9617: checking for pthread_rwlock_timedrdlock
configure:9617: gcc -o conftest -Wno-long-long  -Wwrite-strings -fno-stack-protector   conftest.c -lrt -lpthread  >&5
configure:9617: $? = 0
configure:9617: result: yes
configure:9617: checking for pthread_rwlock_timedwrlock
configure:9617: gcc -o conftest -Wno-long-long  -Wwrite-strings -fno-stack-protector   conftest.c -lrt -lpthread  >&5
configure:9617: $? = 0
configure:9617: result: yes
configure:9617: checking for pthread_spin_lock
configure:9617: gcc -o conftest -Wno-long-long  -Wwrite-strings -fno-stack-protector   conftest.c -lrt -lpthread  >&5
configure:9617: $? = 0
configure:9617: result: yes
configure:9617: checking for pthread_yield
configure:9617: gcc -o conftest -Wno-long-long  -Wwrite-strings -fno-stack-protector   conftest.c -lrt -lpthread  >&5
configure:9617: $? = 0
configure:9617: result: yes
configure:9617: checking for readlinkat
configure:9617: gcc -o conftest -Wno-long-long  -Wwrite-strings -fno-stack-protector   conftest.c -lrt -lpthread  >&5
configure:9617: $? = 0
configure:9617: result: yes
configure:9617: checking for semtimedop
configure:9617: gcc -o conftest -Wno-long-long  -Wwrite-strings -fno-stack-protector   conftest.c -lrt -lpthread  >&5
configure:9617: $? = 0
configure:9617: result: yes
configure:9617: checking for signalfd
configure:9617: gcc -o conftest -Wno-long-long  -Wwrite-strings -fno-stack-protector   conftest.c -lrt -lpthread  >&5
configure:9617: $? = 0
configure:9617: result: yes
configure:9617: checking for sigwaitinfo
configure:9617: gcc -o conftest -Wno-long-long  -Wwrite-strings -fno-stack-protector   conftest.c -lrt -lpthread  >&5
configure:9617: $? = 0
configure:9617: result: yes
configure:9617: checking for strchr
configure:9617: gcc -o conftest -Wno-long-long  -Wwrite-strings -fno-stack-protector   conftest.c -lrt -lpthread  >&5
conftest.c:102:6: warning: conflicting types for built-in function 'strchr' [enabled by default]
configure:9617: $? = 0
configure:9617: result: yes
configure:9617: checking for strdup
configure:9617: gcc -o conftest -Wno-long-long  -Wwrite-strings -fno-stack-protector   conftest.c -lrt -lpthread  >&5
conftest.c:103:6: warning: conflicting types for built-in function 'strdup' [enabled by default]
configure:9617: $? = 0
configure:9617: result: yes
configure:9617: checking for strpbrk
configure:9617: gcc -o conftest -Wno-long-long  -Wwrite-strings -fno-stack-protector   conftest.c -lrt -lpthread  >&5
conftest.c:104:6: warning: conflicting types for built-in function 'strpbrk' [enabled by default]
configure:9617: $? = 0
configure:9617: result: yes
configure:9617: checking for strrchr
configure:9617: gcc -o conftest -Wno-long-long  -Wwrite-strings -fno-stack-protector   conftest.c -lrt -lpthread  >&5
conftest.c:105:6: warning: conflicting types for built-in function 'strrchr' [enabled by default]
configure:9617: $? = 0
configure:9617: result: yes
configure:9617: checking for strstr
configure:9617: gcc -o conftest -Wno-long-long  -Wwrite-strings -fno-stack-protector   conftest.c -lrt -lpthread  >&5
conftest.c:106:6: warning: conflicting types for built-in function 'strstr' [enabled by default]
configure:9617: $? = 0
configure:9617: result: yes
configure:9617: checking for syscall
configure:9617: gcc -o conftest -Wno-long-long  -Wwrite-strings -fno-stack-protector   conftest.c -lrt -lpthread  >&5
configure:9617: $? = 0
configure:9617: result: yes
configure:9617: checking for utimensat
configure:9617: gcc -o conftest -Wno-long-long  -Wwrite-strings -fno-stack-protector   conftest.c -lrt -lpthread  >&5
configure:9617: $? = 0
configure:9617: result: yes
configure:9617: checking for process_vm_readv
configure:9617: gcc -o conftest -Wno-long-long  -Wwrite-strings -fno-stack-protector   conftest.c -lrt -lpthread  >&5
configure:9617: $? = 0
configure:9617: result: yes
configure:9617: checking for process_vm_writev
configure:9617: gcc -o conftest -Wno-long-long  -Wwrite-strings -fno-stack-protector   conftest.c -lrt -lpthread  >&5
configure:9617: $? = 0
configure:9617: result: yes
configure:9730: checking primary target for usable MPI2-compliant C compiler and mpi.h
configure:9758: mpicc -o conftest -g -O -fno-omit-frame-pointer -Wall -fpic -m64  -fpic -shared -m64 conftest.c  >&5
configure:9758: $? = 0
configure:9761: result: yes, mpicc
configure:9790: checking secondary target for usable MPI2-compliant C compiler and mpi.h
configure:9822: mpicc this will surely fail -o conftest -g -O -fno-omit-frame-pointer -Wall -fpic   -fpic -shared  conftest.c  >&5
gcc: error: this: No such file or directory
gcc: error: will: No such file or directory
gcc: error: surely: No such file or directory
gcc: error: fail: No such file or directory
configure:9822: $? = 1
configure: failed program was:
| /* confdefs.h */
| #define PACKAGE_NAME "Valgrind"
| #define PACKAGE_TARNAME "valgrind"
| #define PACKAGE_VERSION "3.9.0.SVN"
| #define PACKAGE_STRING "Valgrind 3.9.0.SVN"
| #define PACKAGE_BUGREPORT "valgrind-users@lists.sourceforge.net"
| #define PACKAGE_URL ""
| #define PACKAGE "valgrind"
| #define VERSION "3.9.0.SVN"
| #define GDB_PATH "/usr/bin/gdb"
| #define KERNEL_2_6 1
| #define MIPS_PAGE_SHIFT 12
| #define VG_TMPDIR "/tmp"
| #define STDC_HEADERS 1
| #define HAVE_SYS_TYPES_H 1
| #define HAVE_SYS_STAT_H 1
| #define HAVE_STDLIB_H 1
| #define HAVE_STRING_H 1
| #define HAVE_MEMORY_H 1
| #define HAVE_STRINGS_H 1
| #define HAVE_INTTYPES_H 1
| #define HAVE_STDINT_H 1
| #define HAVE_UNISTD_H 1
| #define GLIBC_2_17 1
| #define HAVE_CLOCK_MONOTONIC 1
| #define HAVE_PTHREAD_RWLOCK_T 1
| #define HAVE_PTHREAD_MUTEX_ADAPTIVE_NP 1
| #define HAVE_PTHREAD_MUTEX_ERRORCHECK_NP 1
| #define HAVE_PTHREAD_MUTEX_RECURSIVE_NP 1
| #define HAVE_PTHREAD_RECURSIVE_MUTEX_INITIALIZER_NP 1
| #define HAVE_PTHREAD_MUTEX_T__DATA__KIND 1
| #define HAVE_EVENTFD 1
| #define HAVE_EVENTFD_READ 1
| #define HAVE_TLS 1
| #define STDC_HEADERS 1
| #define HAVE_ASM_UNISTD_H 1
| #define HAVE_ENDIAN_H 1
| #define HAVE_MQUEUE_H 1
| #define HAVE_SYS_EPOLL_H 1
| #define HAVE_SYS_EVENTFD_H 1
| #define HAVE_SYS_KLOG_H 1
| #define HAVE_SYS_POLL_H 1
| #define HAVE_SYS_SIGNAL_H 1
| #define HAVE_SYS_SIGNALFD_H 1
| #define HAVE_SYS_SYSCALL_H 1
| #define HAVE_SYS_TIME_H 1
| #define HAVE_SYS_TYPES_H 1
| #define HAVE_USABLE_LINUX_FUTEX_H 1
| #define TIME_WITH_SYS_TIME 1
| #define HAVE_STDLIB_H 1
| #define HAVE_UNISTD_H 1
| #define HAVE_SYS_PARAM_H 1
| #define HAVE_GETPAGESIZE 1
| #define HAVE_MMAP 1
| #define HAVE_LIBPTHREAD 1
| #define HAVE_LIBRT 1
| #define HAVE_CLOCK_GETTIME 1
| #define HAVE_EPOLL_CREATE 1
| #define HAVE_EPOLL_PWAIT 1
| #define HAVE_KLOGCTL 1
| #define HAVE_MALLINFO 1
| #define HAVE_MEMCHR 1
| #define HAVE_MEMSET 1
| #define HAVE_MKDIR 1
| #define HAVE_MREMAP 1
| #define HAVE_PPOLL 1
| #define HAVE_PTHREAD_BARRIER_INIT 1
| #define HAVE_PTHREAD_CONDATTR_SETCLOCK 1
| #define HAVE_PTHREAD_MUTEX_TIMEDLOCK 1
| #define HAVE_PTHREAD_RWLOCK_TIMEDRDLOCK 1
| #define HAVE_PTHREAD_RWLOCK_TIMEDWRLOCK 1
| #define HAVE_PTHREAD_SPIN_LOCK 1
| #define HAVE_PTHREAD_YIELD 1
| #define HAVE_READLINKAT 1
| #define HAVE_SEMTIMEDOP 1
| #define HAVE_SIGNALFD 1
| #define HAVE_SIGWAITINFO 1
| #define HAVE_STRCHR 1
| #define HAVE_STRDUP 1
| #define HAVE_STRPBRK 1
| #define HAVE_STRRCHR 1
| #define HAVE_STRSTR 1
| #define HAVE_SYSCALL 1
| #define HAVE_UTIMENSAT 1
| #define HAVE_PROCESS_VM_READV 1
| #define HAVE_PROCESS_VM_WRITEV 1
| /* end confdefs.h.  */
| 
| #include <mpi.h>
| #include <stdio.h>
| 
| int
| main ()
| {
| 
|   int ni, na, nd, comb;
|   int r = MPI_Init(NULL,NULL);
|   r |= MPI_Type_get_envelope( MPI_INT, &ni, &na, &nd, &comb );
|   r |= MPI_Finalize();
|   return r;
| 
|   ;
|   return 0;
| }
configure:9831: result: no
configure:9872: checking for boost
configure:9900: g++ -o conftest -m64   conftest.cpp -lboost_thread-mt  >&5
configure:9900: $? = 0
configure:9906: result: yes
configure:9941: checking for OpenMP
configure:9958: gcc -o conftest -fopenmp -m64   conftest.c  >&5
configure:9958: $? = 0
configure:9961: result: yes
configure:9987: checking if gcc supports __sync_add_and_fetch for the primary target
configure:10008: gcc -o conftest -m64   conftest.c  >&5
configure:10008: $? = 0
configure:10011: result: yes
configure:10096: checking if gcc supports __sync_add_and_fetch on uint64_t for all targets
configure:10115: gcc -o conftest -Wno-long-long  -Wwrite-strings -fno-stack-protector   conftest.c  >&5
configure:10115: $? = 0
configure:10167: result: yes
configure:10187: checking if g++ supports __sync_add_and_fetch
configure:10214: g++ -o conftest -m64   conftest.cpp  >&5
configure:10214: $? = 0
configure:10217: result: yes
configure:10280: checking if libstdc++ supports annotating shared pointers
configure:10307: g++ -o conftest -std=c++0x   conftest.cpp  >&5
configure:10307: $? = 0
configure:10339: g++ -o conftest -std=c++0x   conftest.cpp  >&5
In file included from /usr/include/c++/4.7/bits/shared_ptr.h:52:0,
                 from /usr/include/c++/4.7/memory:87,
                 from conftest.cpp:93:
/usr/include/c++/4.7/bits/shared_ptr_base.h: In member function 'void std::_Sp_counted_base<_Lp>::_M_release()':
/usr/include/c++/4.7/bits/shared_ptr_base.h:143:9: error: lvalue required as decrement operand
/usr/include/c++/4.7/bits/shared_ptr_base.h:146:13: error: lvalue required as decrement operand
/usr/include/c++/4.7/bits/shared_ptr_base.h:159:13: error: lvalue required as decrement operand
/usr/include/c++/4.7/bits/shared_ptr_base.h:163:17: error: lvalue required as decrement operand
/usr/include/c++/4.7/bits/shared_ptr_base.h: In member function 'void std::_Sp_counted_base<_Lp>::_M_weak_release()':
/usr/include/c++/4.7/bits/shared_ptr_base.h:177:9: error: lvalue required as decrement operand
/usr/include/c++/4.7/bits/shared_ptr_base.h:180:13: error: lvalue required as decrement operand
configure:10339: $? = 1
configure: failed program was:
| /* confdefs.h */
| #define PACKAGE_NAME "Valgrind"
| #define PACKAGE_TARNAME "valgrind"
| #define PACKAGE_VERSION "3.9.0.SVN"
| #define PACKAGE_STRING "Valgrind 3.9.0.SVN"
| #define PACKAGE_BUGREPORT "valgrind-users@lists.sourceforge.net"
| #define PACKAGE_URL ""
| #define PACKAGE "valgrind"
| #define VERSION "3.9.0.SVN"
| #define GDB_PATH "/usr/bin/gdb"
| #define KERNEL_2_6 1
| #define MIPS_PAGE_SHIFT 12
| #define VG_TMPDIR "/tmp"
| #define STDC_HEADERS 1
| #define HAVE_SYS_TYPES_H 1
| #define HAVE_SYS_STAT_H 1
| #define HAVE_STDLIB_H 1
| #define HAVE_STRING_H 1
| #define HAVE_MEMORY_H 1
| #define HAVE_STRINGS_H 1
| #define HAVE_INTTYPES_H 1
| #define HAVE_STDINT_H 1
| #define HAVE_UNISTD_H 1
| #define GLIBC_2_17 1
| #define HAVE_CLOCK_MONOTONIC 1
| #define HAVE_PTHREAD_RWLOCK_T 1
| #define HAVE_PTHREAD_MUTEX_ADAPTIVE_NP 1
| #define HAVE_PTHREAD_MUTEX_ERRORCHECK_NP 1
| #define HAVE_PTHREAD_MUTEX_RECURSIVE_NP 1
| #define HAVE_PTHREAD_RECURSIVE_MUTEX_INITIALIZER_NP 1
| #define HAVE_PTHREAD_MUTEX_T__DATA__KIND 1
| #define HAVE_EVENTFD 1
| #define HAVE_EVENTFD_READ 1
| #define HAVE_TLS 1
| #define STDC_HEADERS 1
| #define HAVE_ASM_UNISTD_H 1
| #define HAVE_ENDIAN_H 1
| #define HAVE_MQUEUE_H 1
| #define HAVE_SYS_EPOLL_H 1
| #define HAVE_SYS_EVENTFD_H 1
| #define HAVE_SYS_KLOG_H 1
| #define HAVE_SYS_POLL_H 1
| #define HAVE_SYS_SIGNAL_H 1
| #define HAVE_SYS_SIGNALFD_H 1
| #define HAVE_SYS_SYSCALL_H 1
| #define HAVE_SYS_TIME_H 1
| #define HAVE_SYS_TYPES_H 1
| #define HAVE_USABLE_LINUX_FUTEX_H 1
| #define TIME_WITH_SYS_TIME 1
| #define HAVE_STDLIB_H 1
| #define HAVE_UNISTD_H 1
| #define HAVE_SYS_PARAM_H 1
| #define HAVE_GETPAGESIZE 1
| #define HAVE_MMAP 1
| #define HAVE_LIBPTHREAD 1
| #define HAVE_LIBRT 1
| #define HAVE_CLOCK_GETTIME 1
| #define HAVE_EPOLL_CREATE 1
| #define HAVE_EPOLL_PWAIT 1
| #define HAVE_KLOGCTL 1
| #define HAVE_MALLINFO 1
| #define HAVE_MEMCHR 1
| #define HAVE_MEMSET 1
| #define HAVE_MKDIR 1
| #define HAVE_MREMAP 1
| #define HAVE_PPOLL 1
| #define HAVE_PTHREAD_BARRIER_INIT 1
| #define HAVE_PTHREAD_CONDATTR_SETCLOCK 1
| #define HAVE_PTHREAD_MUTEX_TIMEDLOCK 1
| #define HAVE_PTHREAD_RWLOCK_TIMEDRDLOCK 1
| #define HAVE_PTHREAD_RWLOCK_TIMEDWRLOCK 1
| #define HAVE_PTHREAD_SPIN_LOCK 1
| #define HAVE_PTHREAD_YIELD 1
| #define HAVE_READLINKAT 1
| #define HAVE_SEMTIMEDOP 1
| #define HAVE_SIGNALFD 1
| #define HAVE_SIGWAITINFO 1
| #define HAVE_STRCHR 1
| #define HAVE_STRDUP 1
| #define HAVE_STRPBRK 1
| #define HAVE_STRRCHR 1
| #define HAVE_STRSTR 1
| #define HAVE_SYSCALL 1
| #define HAVE_UTIMENSAT 1
| #define HAVE_PROCESS_VM_READV 1
| #define HAVE_PROCESS_VM_WRITEV 1
| #define HAVE_BUILTIN_ATOMIC 1
| #define HAVE_BUILTIN_ATOMIC_CXX 1
| /* end confdefs.h.  */
| 
|     #define _GLIBCXX_SYNCHRONIZATION_HAPPENS_BEFORE(a) (a)----
|     #define _GLIBCXX_SYNCHRONIZATION_HAPPENS_AFTER(a) (a)----
|     #include <memory>
| 
| int
| main ()
| {
| 
|     std::shared_ptr<int> p
| 
|   ;
|   return 0;
| }
configure:10348: result: yes
configure:10770: creating ./config.status

## ---------------------- ##
## Running config.status. ##
## ---------------------- ##

This file was extended by Valgrind config.status 3.9.0.SVN, which was
generated by GNU Autoconf 2.69.  Invocation command line was

  CONFIG_FILES    = 
  CONFIG_HEADERS  = 
  CONFIG_LINKS    = 
  CONFIG_COMMANDS = 
  $ ./config.status 

on macbook

config.status:1168: creating Makefile
config.status:1168: creating VEX/Makefile
config.status:1168: creating valgrind.spec
config.status:1168: creating valgrind.pc
config.status:1168: creating glibc-2.X.supp
config.status:1168: creating docs/Makefile
config.status:1168: creating tests/Makefile
config.status:1168: creating tests/vg_regtest
config.status:1168: creating perf/Makefile
config.status:1168: creating perf/vg_perf
config.status:1168: creating gdbserver_tests/Makefile
config.status:1168: creating include/Makefile
config.status:1168: creating auxprogs/Makefile
config.status:1168: creating mpi/Makefile
config.status:1168: creating coregrind/Makefile
config.status:1168: creating memcheck/Makefile
config.status:1168: creating memcheck/tests/Makefile
config.status:1168: creating memcheck/tests/amd64/Makefile
config.status:1168: creating memcheck/tests/x86/Makefile
config.status:1168: creating memcheck/tests/linux/Makefile
config.status:1168: creating memcheck/tests/darwin/Makefile
config.status:1168: creating memcheck/tests/amd64-linux/Makefile
config.status:1168: creating memcheck/tests/x86-linux/Makefile
config.status:1168: creating memcheck/tests/ppc32/Makefile
config.status:1168: creating memcheck/tests/ppc64/Makefile
config.status:1168: creating memcheck/tests/s390x/Makefile
config.status:1168: creating memcheck/tests/vbit-test/Makefile
config.status:1168: creating cachegrind/Makefile
config.status:1168: creating cachegrind/tests/Makefile
config.status:1168: creating cachegrind/tests/x86/Makefile
config.status:1168: creating cachegrind/cg_annotate
config.status:1168: creating cachegrind/cg_diff
config.status:1168: creating callgrind/Makefile
config.status:1168: creating callgrind/callgrind_annotate
config.status:1168: creating callgrind/callgrind_control
config.status:1168: creating callgrind/tests/Makefile
config.status:1168: creating helgrind/Makefile
config.status:1168: creating helgrind/tests/Makefile
config.status:1168: creating massif/Makefile
config.status:1168: creating massif/tests/Makefile
config.status:1168: creating massif/ms_print
config.status:1168: creating lackey/Makefile
config.status:1168: creating lackey/tests/Makefile
config.status:1168: creating none/Makefile
config.status:1168: creating none/tests/Makefile
config.status:1168: creating none/tests/amd64/Makefile
config.status:1168: creating none/tests/ppc32/Makefile
config.status:1168: creating none/tests/ppc64/Makefile
config.status:1168: creating none/tests/x86/Makefile
config.status:1168: creating none/tests/arm/Makefile
config.status:1168: creating none/tests/s390x/Makefile
config.status:1168: creating none/tests/mips32/Makefile
config.status:1168: creating none/tests/mips64/Makefile
config.status:1168: creating none/tests/linux/Makefile
config.status:1168: creating none/tests/darwin/Makefile
config.status:1168: creating none/tests/x86-linux/Makefile
config.status:1168: creating exp-sgcheck/Makefile
config.status:1168: creating exp-sgcheck/tests/Makefile
config.status:1168: creating drd/Makefile
config.status:1168: creating drd/scripts/download-and-build-splash2
config.status:1168: creating drd/tests/Makefile
config.status:1168: creating exp-bbv/Makefile
config.status:1168: creating exp-bbv/tests/Makefile
config.status:1168: creating exp-bbv/tests/x86/Makefile
config.status:1168: creating exp-bbv/tests/x86-linux/Makefile
config.status:1168: creating exp-bbv/tests/amd64-linux/Makefile
config.status:1168: creating exp-bbv/tests/ppc32-linux/Makefile
config.status:1168: creating exp-bbv/tests/arm-linux/Makefile
config.status:1168: creating exp-dhat/Makefile
config.status:1168: creating exp-dhat/tests/Makefile
config.status:1168: creating aprof/Makefile
config.status:1168: creating aprof/tests/Makefile
config.status:1168: creating coregrind/link_tool_exe_linux
config.status:1168: creating coregrind/link_tool_exe_darwin
config.status:1168: creating config.h
config.status:1349: config.h is unchanged
config.status:1397: executing depfiles commands

## ---------------- ##
## Cache variables. ##
## ---------------- ##

ac_cv_build=x86_64-unknown-linux-gnu
ac_cv_c_compiler_gnu=yes
ac_cv_cxx_compiler_gnu=yes
ac_cv_env_AR_set=
ac_cv_env_AR_value=
ac_cv_env_CCASFLAGS_set=
ac_cv_env_CCASFLAGS_value=
ac_cv_env_CCAS_set=
ac_cv_env_CCAS_value=
ac_cv_env_CCC_set=
ac_cv_env_CCC_value=
ac_cv_env_CC_set=
ac_cv_env_CC_value=
ac_cv_env_CFLAGS_set=
ac_cv_env_CFLAGS_value=
ac_cv_env_CPPFLAGS_set=
ac_cv_env_CPPFLAGS_value=
ac_cv_env_CPP_set=
ac_cv_env_CPP_value=
ac_cv_env_CXXFLAGS_set=
ac_cv_env_CXXFLAGS_value=
ac_cv_env_CXX_set=
ac_cv_env_CXX_value=
ac_cv_env_LDFLAGS_set=
ac_cv_env_LDFLAGS_value=
ac_cv_env_LIBS_set=
ac_cv_env_LIBS_value=
ac_cv_env_build_alias_set=
ac_cv_env_build_alias_value=
ac_cv_env_host_alias_set=
ac_cv_env_host_alias_value=
ac_cv_env_target_alias_set=
ac_cv_env_target_alias_value=
ac_cv_func_clock_gettime=yes
ac_cv_func_epoll_create=yes
ac_cv_func_epoll_pwait=yes
ac_cv_func_getpagesize=yes
ac_cv_func_klogctl=yes
ac_cv_func_mallinfo=yes
ac_cv_func_memchr=yes
ac_cv_func_memcmp_working=yes
ac_cv_func_memset=yes
ac_cv_func_mkdir=yes
ac_cv_func_mmap_fixed_mapped=yes
ac_cv_func_mremap=yes
ac_cv_func_ppoll=yes
ac_cv_func_process_vm_readv=yes
ac_cv_func_process_vm_writev=yes
ac_cv_func_pthread_barrier_init=yes
ac_cv_func_pthread_condattr_setclock=yes
ac_cv_func_pthread_mutex_timedlock=yes
ac_cv_func_pthread_rwlock_timedrdlock=yes
ac_cv_func_pthread_rwlock_timedwrlock=yes
ac_cv_func_pthread_spin_lock=yes
ac_cv_func_pthread_yield=yes
ac_cv_func_readlinkat=yes
ac_cv_func_semtimedop=yes
ac_cv_func_signalfd=yes
ac_cv_func_sigwaitinfo=yes
ac_cv_func_strchr=yes
ac_cv_func_strdup=yes
ac_cv_func_strpbrk=yes
ac_cv_func_strrchr=yes
ac_cv_func_strstr=yes
ac_cv_func_syscall=yes
ac_cv_func_utimensat=yes
ac_cv_header_asm_unistd_h=yes
ac_cv_header_endian_h=yes
ac_cv_header_features_h=yes
ac_cv_header_inttypes_h=yes
ac_cv_header_memory_h=yes
ac_cv_header_mqueue_h=yes
ac_cv_header_stdc=yes
ac_cv_header_stdint_h=yes
ac_cv_header_stdlib_h=yes
ac_cv_header_string_h=yes
ac_cv_header_strings_h=yes
ac_cv_header_sys_endian_h=no
ac_cv_header_sys_epoll_h=yes
ac_cv_header_sys_eventfd_h=yes
ac_cv_header_sys_klog_h=yes
ac_cv_header_sys_param_h=yes
ac_cv_header_sys_poll_h=yes
ac_cv_header_sys_signal_h=yes
ac_cv_header_sys_signalfd_h=yes
ac_cv_header_sys_stat_h=yes
ac_cv_header_sys_syscall_h=yes
ac_cv_header_sys_time_h=yes
ac_cv_header_sys_types_h=yes
ac_cv_header_time=yes
ac_cv_header_unistd_h=yes
ac_cv_host=x86_64-unknown-linux-gnu
ac_cv_lib_pthread_pthread_create=yes
ac_cv_lib_rt_clock_gettime=yes
ac_cv_member_pthread_mutex_t___data___kind=yes
ac_cv_member_pthread_mutex_t___m_kind=no
ac_cv_objext=o
ac_cv_path_AR=/usr/bin/ar
ac_cv_path_EGREP='/bin/grep -E'
ac_cv_path_GDB=/usr/bin/gdb
ac_cv_path_GREP=/bin/grep
ac_cv_path_PERL=/usr/bin/perl
ac_cv_path_SED=/bin/sed
ac_cv_path_install='/usr/bin/install -c'
ac_cv_path_mkdir=/bin/mkdir
ac_cv_prog_AWK=mawk
ac_cv_prog_CPP='gcc -E'
ac_cv_prog_ac_ct_CC=gcc
ac_cv_prog_ac_ct_CXX=g++
ac_cv_prog_ac_ct_RANLIB=ranlib
ac_cv_prog_cc_c89=
ac_cv_prog_cc_g=yes
ac_cv_prog_cc_gcc_c_o=yes
ac_cv_prog_cxx_g=yes
ac_cv_prog_make_make_set=yes
ac_cv_type_off_t=yes
ac_cv_type_size_t=yes
ac_cv_type_uid_t=yes
am_cv_CCAS_dependencies_compiler_type=gcc3
am_cv_CC_dependencies_compiler_type=gcc3
am_cv_CXX_dependencies_compiler_type=gcc3
vg_cv_inner=no
vg_cv_linktime_tls=yes
vg_cv_only32bit=no
vg_cv_only64bit=yes
vg_cv_tls=yes

## ----------------- ##
## Output variables. ##
## ----------------- ##

ACLOCAL='${SHELL} /home/ercoppa/Desktop/code/aprof-dev-rvms/valgrind/missing --run aclocal-1.11'
AMDEPBACKSLASH='\'
AMDEP_FALSE='#'
AMDEP_TRUE=''
AMTAR='$${TAR-tar}'
AR='/usr/bin/ar'
AUTOCONF='${SHELL} /home/ercoppa/Desktop/code/aprof-dev-rvms/valgrind/missing --run autoconf'
AUTOHEADER='${SHELL} /home/ercoppa/Desktop/code/aprof-dev-rvms/valgrind/missing --run autoheader'
AUTOMAKE='${SHELL} /home/ercoppa/Desktop/code/aprof-dev-rvms/valgrind/missing --run automake-1.11'
AWK='mawk'
BOOST_CFLAGS=''
BOOST_LIBS='-lboost_thread-mt'
BUILD_AVX2_TESTS_FALSE='#'
BUILD_AVX2_TESTS_TRUE=''
BUILD_AVX_TESTS_FALSE='#'
BUILD_AVX_TESTS_TRUE=''
BUILD_BMI_TESTS_FALSE='#'
BUILD_BMI_TESTS_TRUE=''
BUILD_DFP_TESTS_FALSE='#'
BUILD_DFP_TESTS_TRUE=''
BUILD_FMA_TESTS_FALSE='#'
BUILD_FMA_TESTS_TRUE=''
BUILD_IFUNC_TESTS_FALSE='#'
BUILD_IFUNC_TESTS_TRUE=''
BUILD_LZCNT_TESTS_FALSE='#'
BUILD_LZCNT_TESTS_TRUE=''
BUILD_MOVBE_TESTS_FALSE='#'
BUILD_MOVBE_TESTS_TRUE=''
BUILD_MPIWRAP_PRI_FALSE='#'
BUILD_MPIWRAP_PRI_TRUE=''
BUILD_MPIWRAP_SEC_FALSE=''
BUILD_MPIWRAP_SEC_TRUE='#'
BUILD_PCLMULQDQ_TESTS_FALSE='#'
BUILD_PCLMULQDQ_TESTS_TRUE=''
BUILD_SSE3_TESTS_FALSE='#'
BUILD_SSE3_TESTS_TRUE=''
BUILD_SSE42_TESTS_FALSE='#'
BUILD_SSE42_TESTS_TRUE=''
BUILD_SSSE3_TESTS_FALSE='#'
BUILD_SSSE3_TESTS_TRUE=''
BUILD_VPCLMULQDQ_TESTS_FALSE='#'
BUILD_VPCLMULQDQ_TESTS_TRUE=''
CC='gcc'
CCAS='gcc'
CCASDEPMODE='depmode=gcc3'
CCASFLAGS='-Wno-long-long '
CCDEPMODE='depmode=gcc3'
CFLAGS='-Wno-long-long  -Wwrite-strings -fno-stack-protector'
CFLAGS_MPI='-g -O -fno-omit-frame-pointer -Wall -fpic'
CPP='gcc -E'
CPPFLAGS=''
CXX='g++'
CXXDEPMODE='depmode=gcc3'
CXXFLAGS='-Wno-long-long  -Wwrite-strings -fno-stack-protector'
CYGPATH_W='echo'
DEFAULT_SUPP='exp-sgcheck.supp xfree-3.supp xfree-4.supp glibc-2.X-drd.supp glibc-2.34567-NPTL-helgrind.supp glibc-2.X.supp '
DEFS='-DHAVE_CONFIG_H'
DEPDIR='.deps'
DIFF='diff -u'
DWARF4_FALSE='#'
DWARF4_TRUE=''
ECHO_C=''
ECHO_N='-n'
ECHO_T=''
EGREP='/bin/grep -E'
ENABLE_LINUX_TICKET_LOCK_PRIMARY_FALSE='#'
ENABLE_LINUX_TICKET_LOCK_PRIMARY_TRUE=''
ENABLE_LINUX_TICKET_LOCK_SECONDARY_FALSE=''
ENABLE_LINUX_TICKET_LOCK_SECONDARY_TRUE='#'
EXEEXT=''
FLAG_FNO_STACK_PROTECTOR='-fno-stack-protector'
FLAG_M32='-m32'
FLAG_M64='-m64'
FLAG_MMMX='-mmmx'
FLAG_MSSE='-msse'
FLAG_NO_BUILD_ID=''
FLAG_T_TEXT='-Ttext-segment'
FLAG_UNLIMITED_INLINE_UNIT_GROWTH='--param inline-unit-growth=900'
FLAG_W_EXTRA='-Wextra'
FLAG_W_NO_EMPTY_BODY='-Wno-empty-body'
FLAG_W_NO_FORMAT_ZERO_LENGTH='-Wno-format-zero-length'
FLAG_W_NO_NONNULL='-Wno-nonnull'
FLAG_W_NO_OVERFLOW='-Wno-overflow'
FLAG_W_NO_UNINITIALIZED='-Wno-uninitialized'
GDB='/usr/bin/gdb'
GLIBC_VERSION='2.17'
GREP='/bin/grep'
HAS_ALTIVEC_FALSE=''
HAS_ALTIVEC_TRUE='#'
HAS_DFP_FALSE=''
HAS_DFP_TRUE='#'
HAS_POINTER_SIGN_WARNING_FALSE='#'
HAS_POINTER_SIGN_WARNING_TRUE=''
HAS_VSX_FALSE=''
HAS_VSX_TRUE='#'
HAS_WRITE_STRINGS_WARNING_FALSE='#'
HAS_WRITE_STRINGS_WARNING_TRUE=''
HAVE_AT_FDCWD_FALSE='#'
HAVE_AT_FDCWD_TRUE=''
HAVE_BOOST_1_35_FALSE='#'
HAVE_BOOST_1_35_TRUE=''
HAVE_BUILTIN_ATOMIC64_FALSE='#'
HAVE_BUILTIN_ATOMIC64_TRUE=''
HAVE_BUILTIN_ATOMIC_CXX_FALSE='#'
HAVE_BUILTIN_ATOMIC_CXX_TRUE=''
HAVE_BUILTIN_ATOMIC_FALSE='#'
HAVE_BUILTIN_ATOMIC_SECONDARY_FALSE=''
HAVE_BUILTIN_ATOMIC_SECONDARY_TRUE='#'
HAVE_BUILTIN_ATOMIC_TRUE=''
HAVE_GNU_STPNCPY_FALSE='#'
HAVE_GNU_STPNCPY_TRUE=''
HAVE_OPENMP_FALSE='#'
HAVE_OPENMP_TRUE=''
HAVE_PTHREAD_BARRIER_FALSE='#'
HAVE_PTHREAD_BARRIER_TRUE=''
HAVE_PTHREAD_CREATE_GLIBC_2_0_FALSE=''
HAVE_PTHREAD_CREATE_GLIBC_2_0_TRUE='#'
HAVE_PTHREAD_MUTEX_TIMEDLOCK_FALSE='#'
HAVE_PTHREAD_MUTEX_TIMEDLOCK_TRUE=''
HAVE_PTHREAD_SPINLOCK_FALSE='#'
HAVE_PTHREAD_SPINLOCK_TRUE=''
HAVE_SHARED_POINTER_ANNOTATION_FALSE='#'
HAVE_SHARED_POINTER_ANNOTATION_TRUE=''
INSTALL_DATA='${INSTALL} -m 644'
INSTALL_PROGRAM='${INSTALL}'
INSTALL_SCRIPT='${INSTALL}'
INSTALL_STRIP_PROGRAM='$(install_sh) -c -s'
LDFLAGS=''
LDFLAGS_MPI='-fpic -shared'
LIBOBJS=''
LIBS=''
LN_S='ln -s'
LTLIBOBJS=''
MAINT='#'
MAINTAINER_MODE_FALSE=''
MAINTAINER_MODE_TRUE='#'
MAKEINFO='${SHELL} /home/ercoppa/Desktop/code/aprof-dev-rvms/valgrind/missing --run makeinfo'
MKDIR_P='/bin/mkdir -p'
MPI_CC='mpicc'
OBJEXT='o'
PACKAGE='valgrind'
PACKAGE_BUGREPORT='valgrind-users@lists.sourceforge.net'
PACKAGE_NAME='Valgrind'
PACKAGE_STRING='Valgrind 3.9.0.SVN'
PACKAGE_TARNAME='valgrind'
PACKAGE_URL=''
PACKAGE_VERSION='3.9.0.SVN'
PATH_SEPARATOR=':'
PERL='/usr/bin/perl'
PREFERRED_STACK_BOUNDARY=''
RANLIB='ranlib'
SED='/bin/sed'
SET_MAKE=''
SHELL='/bin/bash'
STRIP=''
VALT_LOAD_ADDRESS_PRI='0x38000000'
VALT_LOAD_ADDRESS_SEC='0xUNSET'
VERSION='3.9.0.SVN'
VGCONF_ARCHS_INCLUDE_AMD64_FALSE='#'
VGCONF_ARCHS_INCLUDE_AMD64_TRUE=''
VGCONF_ARCHS_INCLUDE_ARM_FALSE=''
VGCONF_ARCHS_INCLUDE_ARM_TRUE='#'
VGCONF_ARCHS_INCLUDE_MIPS32_FALSE=''
VGCONF_ARCHS_INCLUDE_MIPS32_TRUE='#'
VGCONF_ARCHS_INCLUDE_MIPS64_FALSE=''
VGCONF_ARCHS_INCLUDE_MIPS64_TRUE='#'
VGCONF_ARCHS_INCLUDE_PPC32_FALSE=''
VGCONF_ARCHS_INCLUDE_PPC32_TRUE='#'
VGCONF_ARCHS_INCLUDE_PPC64_FALSE=''
VGCONF_ARCHS_INCLUDE_PPC64_TRUE='#'
VGCONF_ARCHS_INCLUDE_S390X_FALSE=''
VGCONF_ARCHS_INCLUDE_S390X_TRUE='#'
VGCONF_ARCHS_INCLUDE_X86_FALSE=''
VGCONF_ARCHS_INCLUDE_X86_TRUE='#'
VGCONF_ARCH_PRI='amd64'
VGCONF_ARCH_SEC=''
VGCONF_HAVE_PLATFORM_SEC_FALSE=''
VGCONF_HAVE_PLATFORM_SEC_TRUE='#'
VGCONF_OS='linux'
VGCONF_OS_IS_DARWIN_FALSE=''
VGCONF_OS_IS_DARWIN_TRUE='#'
VGCONF_OS_IS_LINUX_FALSE='#'
VGCONF_OS_IS_LINUX_TRUE=''
VGCONF_PLATFORMS_INCLUDE_AMD64_DARWIN_FALSE=''
VGCONF_PLATFORMS_INCLUDE_AMD64_DARWIN_TRUE='#'
VGCONF_PLATFORMS_INCLUDE_AMD64_LINUX_FALSE='#'
VGCONF_PLATFORMS_INCLUDE_AMD64_LINUX_TRUE=''
VGCONF_PLATFORMS_INCLUDE_ARM_LINUX_FALSE=''
VGCONF_PLATFORMS_INCLUDE_ARM_LINUX_TRUE='#'
VGCONF_PLATFORMS_INCLUDE_MIPS32_LINUX_FALSE=''
VGCONF_PLATFORMS_INCLUDE_MIPS32_LINUX_TRUE='#'
VGCONF_PLATFORMS_INCLUDE_MIPS64_LINUX_FALSE=''
VGCONF_PLATFORMS_INCLUDE_MIPS64_LINUX_TRUE='#'
VGCONF_PLATFORMS_INCLUDE_PPC32_LINUX_FALSE=''
VGCONF_PLATFORMS_INCLUDE_PPC32_LINUX_TRUE='#'
VGCONF_PLATFORMS_INCLUDE_PPC64_LINUX_FALSE=''
VGCONF_PLATFORMS_INCLUDE_PPC64_LINUX_TRUE='#'
VGCONF_PLATFORMS_INCLUDE_S390X_LINUX_FALSE=''
VGCONF_PLATFORMS_INCLUDE_S390X_LINUX_TRUE='#'
VGCONF_PLATFORMS_INCLUDE_X86_DARWIN_FALSE=''
VGCONF_PLATFORMS_INCLUDE_X86_DARWIN_TRUE='#'
VGCONF_PLATFORMS_INCLUDE_X86_LINUX_FALSE=''
VGCONF_PLATFORMS_INCLUDE_X86_LINUX_TRUE='#'
VGCONF_PLATFORM_PRI_CAPS='AMD64_LINUX'
VGCONF_PLATFORM_SEC_CAPS=''
VGCONF_PLATVARIANT='vanilla'
VGCONF_PLATVARIANT_IS_ANDROID_FALSE=''
VGCONF_PLATVARIANT_IS_ANDROID_TRUE='#'
VGCONF_PLATVARIANT_IS_VANILLA_FALSE='#'
VGCONF_PLATVARIANT_IS_VANILLA_TRUE=''
ac_ct_CC='gcc'
ac_ct_CXX='g++'
am__EXEEXT_FALSE=''
am__EXEEXT_TRUE='#'
am__fastdepCCAS_FALSE='#'
am__fastdepCCAS_TRUE=''
am__fastdepCC_FALSE='#'
am__fastdepCC_TRUE=''
am__fastdepCXX_FALSE='#'
am__fastdepCXX_TRUE=''
am__include='include'
am__isrc=''
am__leading_dot='.'
am__nodep='_no'
am__quote=''
am__tar='$${TAR-tar} chof - "$$tardir"'
am__untar='$${TAR-tar} xf -'
bindir='${exec_prefix}/bin'
build='x86_64-unknown-linux-gnu'
build_alias=''
build_cpu='x86_64'
build_os='linux-gnu'
build_vendor='unknown'
datadir='${datarootdir}'
datarootdir='${prefix}/share'
docdir='${datarootdir}/doc/${PACKAGE_TARNAME}'
dvidir='${docdir}'
exec_prefix='${prefix}'
host='x86_64-unknown-linux-gnu'
host_alias=''
host_cpu='x86_64'
host_os='linux-gnu'
host_vendor='unknown'
htmldir='${docdir}'
includedir='${prefix}/include'
infodir='${datarootdir}/info'
install_sh='${SHELL} /home/ercoppa/Desktop/code/aprof-dev-rvms/valgrind/install-sh'
libdir='${exec_prefix}/lib'
libexecdir='${exec_prefix}/libexec'
localedir='${datarootdir}/locale'
localstatedir='${prefix}/var'
mandir='${datarootdir}/man'
mkdir_p='/bin/mkdir -p'
oldincludedir='/usr/include'
pdfdir='${docdir}'
prefix='/home/ercoppa/Desktop/code/aprof-dev-rvms/valgrind/inst'
program_transform_name='s,x,x,'
psdir='${docdir}'
sbindir='${exec_prefix}/sbin'
sharedstatedir='${prefix}/com'
sysconfdir='${prefix}/etc'
target_alias=''

## ----------- ##
## confdefs.h. ##
## ----------- ##

/* confdefs.h */
#define PACKAGE_NAME "Valgrind"
#define PACKAGE_TARNAME "valgrind"
#define PACKAGE_VERSION "3.9.0.SVN"
#define PACKAGE_STRING "Valgrind 3.9.0.SVN"
#define PACKAGE_BUGREPORT "valgrind-users@lists.sourceforge.net"
#define PACKAGE_URL ""
#define PACKAGE "valgrind"
#define VERSION "3.9.0.SVN"
#define GDB_PATH "/usr/bin/gdb"
#define KERNEL_2_6 1
#define MIPS_PAGE_SHIFT 12
#define VG_TMPDIR "/tmp"
#define STDC_HEADERS 1
#define HAVE_SYS_TYPES_H 1
#define HAVE_SYS_STAT_H 1
#define HAVE_STDLIB_H 1
#define HAVE_STRING_H 1
#define HAVE_MEMORY_H 1
#define HAVE_STRINGS_H 1
#define HAVE_INTTYPES_H 1
#define HAVE_STDINT_H 1
#define HAVE_UNISTD_H 1
#define GLIBC_2_17 1
#define HAVE_CLOCK_MONOTONIC 1
#define HAVE_PTHREAD_RWLOCK_T 1
#define HAVE_PTHREAD_MUTEX_ADAPTIVE_NP 1
#define HAVE_PTHREAD_MUTEX_ERRORCHECK_NP 1
#define HAVE_PTHREAD_MUTEX_RECURSIVE_NP 1
#define HAVE_PTHREAD_RECURSIVE_MUTEX_INITIALIZER_NP 1
#define HAVE_PTHREAD_MUTEX_T__DATA__KIND 1
#define HAVE_EVENTFD 1
#define HAVE_EVENTFD_READ 1
#define HAVE_TLS 1
#define STDC_HEADERS 1
#define HAVE_ASM_UNISTD_H 1
#define HAVE_ENDIAN_H 1
#define HAVE_MQUEUE_H 1
#define HAVE_SYS_EPOLL_H 1
#define HAVE_SYS_EVENTFD_H 1
#define HAVE_SYS_KLOG_H 1
#define HAVE_SYS_POLL_H 1
#define HAVE_SYS_SIGNAL_H 1
#define HAVE_SYS_SIGNALFD_H 1
#define HAVE_SYS_SYSCALL_H 1
#define HAVE_SYS_TIME_H 1
#define HAVE_SYS_TYPES_H 1
#define HAVE_USABLE_LINUX_FUTEX_H 1
#define TIME_WITH_SYS_TIME 1
#define HAVE_STDLIB_H 1
#define HAVE_UNISTD_H 1
#define HAVE_SYS_PARAM_H 1
#define HAVE_GETPAGESIZE 1
#define HAVE_MMAP 1
#define HAVE_LIBPTHREAD 1
#define HAVE_LIBRT 1
#define HAVE_CLOCK_GETTIME 1
#define HAVE_EPOLL_CREATE 1
#define HAVE_EPOLL_PWAIT 1
#define HAVE_KLOGCTL 1
#define HAVE_MALLINFO 1
#define HAVE_MEMCHR 1
#define HAVE_MEMSET 1
#define HAVE_MKDIR 1
#define HAVE_MREMAP 1
#define HAVE_PPOLL 1
#define HAVE_PTHREAD_BARRIER_INIT 1
#define HAVE_PTHREAD_CONDATTR_SETCLOCK 1
#define HAVE_PTHREAD_MUTEX_TIMEDLOCK 1
#define HAVE_PTHREAD_RWLOCK_TIMEDRDLOCK 1
#define HAVE_PTHREAD_RWLOCK_TIMEDWRLOCK 1
#define HAVE_PTHREAD_SPIN_LOCK 1
#define HAVE_PTHREAD_YIELD 1
#define HAVE_READLINKAT 1
#define HAVE_SEMTIMEDOP 1
#define HAVE_SIGNALFD 1
#define HAVE_SIGWAITINFO 1
#define HAVE_STRCHR 1
#define HAVE_STRDUP 1
#define HAVE_STRPBRK 1
#define HAVE_STRRCHR 1
#define HAVE_STRSTR 1
#define HAVE_SYSCALL 1
#define HAVE_UTIMENSAT 1
#define HAVE_PROCESS_VM_READV 1
#define HAVE_PROCESS_VM_WRITEV 1
#define HAVE_BUILTIN_ATOMIC 1
#define HAVE_BUILTIN_ATOMIC_CXX 1
#define HAVE_SHARED_POINTER_ANNOTATION 1

configure: exit 0
